The system is: Linux - 3.19.0-26-generic - x86_64
Compiling the C compiler identification source file "CMakeCCompilerId.c" succeeded.
Compiler: /usr/bin/cc 
Build flags: 
Id flags: 

The output was:
0


Compilation of the C compiler identification source "CMakeCCompilerId.c" produced "a.out"

The C compiler identification is GNU, found in "/home/viniciusmoraes/Documentos/Computação Gráfica/CG_UFPel/build/CMakeFiles/3.0.2/CompilerIdC/a.out"

Compiling the CXX compiler identification source file "CMakeCXXCompilerId.cpp" succeeded.
Compiler: /usr/bin/c++ 
Build flags: 
Id flags: 

The output was:
0


Compilation of the CXX compiler identification source "CMakeCXXCompilerId.cpp" produced "a.out"

The CXX compiler identification is GNU, found in "/home/viniciusmoraes/Documentos/Computação Gráfica/CG_UFPel/build/CMakeFiles/3.0.2/CompilerIdCXX/a.out"

Determining if the C compiler works passed with the following output:
Change Dir: /home/viniciusmoraes/Documentos/Computação Gráfica/CG_UFPel/build/CMakeFiles/CMakeTmp

Run Build Command:"/usr/bin/make" "cmTryCompileExec540767138/fast"
/usr/bin/make -f CMakeFiles/cmTryCompileExec540767138.dir/build.make CMakeFiles/cmTryCompileExec540767138.dir/build
make[1]: Entering directory '/home/viniciusmoraes/Documentos/Computação Gráfica/CG_UFPel/build/CMakeFiles/CMakeTmp'
/usr/bin/cmake -E cmake_progress_report "/home/viniciusmoraes/Documentos/Computação Gráfica/CG_UFPel/build/CMakeFiles/CMakeTmp/CMakeFiles" 1
Building C object CMakeFiles/cmTryCompileExec540767138.dir/testCCompiler.c.o
/usr/bin/cc    -o CMakeFiles/cmTryCompileExec540767138.dir/testCCompiler.c.o   -c "/home/viniciusmoraes/Documentos/Computação Gráfica/CG_UFPel/build/CMakeFiles/CMakeTmp/testCCompiler.c"
Linking C executable cmTryCompileExec540767138
/usr/bin/cmake -E cmake_link_script CMakeFiles/cmTryCompileExec540767138.dir/link.txt --verbose=1
/usr/bin/cc       CMakeFiles/cmTryCompileExec540767138.dir/testCCompiler.c.o  -o cmTryCompileExec540767138 -rdynamic 
make[1]: Leaving directory '/home/viniciusmoraes/Documentos/Computação Gráfica/CG_UFPel/build/CMakeFiles/CMakeTmp'


Detecting C compiler ABI info compiled with the following output:
Change Dir: /home/viniciusmoraes/Documentos/Computação Gráfica/CG_UFPel/build/CMakeFiles/CMakeTmp

Run Build Command:"/usr/bin/make" "cmTryCompileExec170112377/fast"
/usr/bin/make -f CMakeFiles/cmTryCompileExec170112377.dir/build.make CMakeFiles/cmTryCompileExec170112377.dir/build
make[1]: Entering directory '/home/viniciusmoraes/Documentos/Computação Gráfica/CG_UFPel/build/CMakeFiles/CMakeTmp'
/usr/bin/cmake -E cmake_progress_report "/home/viniciusmoraes/Documentos/Computação Gráfica/CG_UFPel/build/CMakeFiles/CMakeTmp/CMakeFiles" 1
Building C object CMakeFiles/cmTryCompileExec170112377.dir/CMakeCCompilerABI.c.o
/usr/bin/cc    -o CMakeFiles/cmTryCompileExec170112377.dir/CMakeCCompilerABI.c.o   -c /usr/share/cmake-3.0/Modules/CMakeCCompilerABI.c
Linking C executable cmTryCompileExec170112377
/usr/bin/cmake -E cmake_link_script CMakeFiles/cmTryCompileExec170112377.dir/link.txt --verbose=1
/usr/bin/cc     -v CMakeFiles/cmTryCompileExec170112377.dir/CMakeCCompilerABI.c.o  -o cmTryCompileExec170112377 -rdynamic  
Using built-in specs.
COLLECT_GCC=/usr/bin/cc
COLLECT_LTO_WRAPPER=/usr/lib/gcc/x86_64-linux-gnu/4.9/lto-wrapper
Target: x86_64-linux-gnu
Configured with: ../src/configure -v --with-pkgversion='Ubuntu 4.9.2-10ubuntu13' --with-bugurl=file:///usr/share/doc/gcc-4.9/README.Bugs --enable-languages=c,c++,java,go,d,fortran,objc,obj-c++ --prefix=/usr --program-suffix=-4.9 --enable-shared --enable-linker-build-id --libexecdir=/usr/lib --without-included-gettext --enable-threads=posix --with-gxx-include-dir=/usr/include/c++/4.9 --libdir=/usr/lib --enable-nls --with-sysroot=/ --enable-clocale=gnu --enable-libstdcxx-debug --enable-libstdcxx-time=yes --enable-gnu-unique-object --disable-vtable-verify --enable-plugin --with-system-zlib --disable-browser-plugin --enable-java-awt=gtk --enable-gtk-cairo --with-java-home=/usr/lib/jvm/java-1.5.0-gcj-4.9-amd64/jre --enable-java-home --with-jvm-root-dir=/usr/lib/jvm/java-1.5.0-gcj-4.9-amd64 --with-jvm-jar-dir=/usr/lib/jvm-exports/java-1.5.0-gcj-4.9-amd64 --with-arch-directory=amd64 --with-ecj-jar=/usr/share/java/eclipse-ecj.jar --enable-objc-gc --enable-multiarch --disable-werror --with-arch-32=i686 --with-abi=m64 --with-multilib-list=m32,m64,mx32 --enable-multilib --with-tune=generic --enable-checking=release --build=x86_64-linux-gnu --host=x86_64-linux-gnu --target=x86_64-linux-gnu
Thread model: posix
gcc version 4.9.2 (Ubuntu 4.9.2-10ubuntu13) 
COMPILER_PATH=/usr/lib/gcc/x86_64-linux-gnu/4.9/:/usr/lib/gcc/x86_64-linux-gnu/4.9/:/usr/lib/gcc/x86_64-linux-gnu/:/usr/lib/gcc/x86_64-linux-gnu/4.9/:/usr/lib/gcc/x86_64-linux-gnu/
LIBRARY_PATH=/usr/lib/gcc/x86_64-linux-gnu/4.9/:/usr/lib/gcc/x86_64-linux-gnu/4.9/../../../x86_64-linux-gnu/:/usr/lib/gcc/x86_64-linux-gnu/4.9/../../../../lib/:/lib/x86_64-linux-gnu/:/lib/../lib/:/usr/lib/x86_64-linux-gnu/:/usr/lib/../lib/:/usr/lib/gcc/x86_64-linux-gnu/4.9/../../../:/lib/:/usr/lib/
COLLECT_GCC_OPTIONS='-v' '-o' 'cmTryCompileExec170112377' '-rdynamic' '-mtune=generic' '-march=x86-64'
 /usr/lib/gcc/x86_64-linux-gnu/4.9/collect2 -plugin /usr/lib/gcc/x86_64-linux-gnu/4.9/liblto_plugin.so -plugin-opt=/usr/lib/gcc/x86_64-linux-gnu/4.9/lto-wrapper -plugin-opt=-fresolution=/tmp/cc3pCiGz.res -plugin-opt=-pass-through=-lgcc -plugin-opt=-pass-through=-lgcc_s -plugin-opt=-pass-through=-lc -plugin-opt=-pass-through=-lgcc -plugin-opt=-pass-through=-lgcc_s --sysroot=/ --build-id --eh-frame-hdr -m elf_x86_64 --hash-style=gnu --as-needed -export-dynamic -dynamic-linker /lib64/ld-linux-x86-64.so.2 -z relro -o cmTryCompileExec170112377 /usr/lib/gcc/x86_64-linux-gnu/4.9/../../../x86_64-linux-gnu/crt1.o /usr/lib/gcc/x86_64-linux-gnu/4.9/../../../x86_64-linux-gnu/crti.o /usr/lib/gcc/x86_64-linux-gnu/4.9/crtbegin.o -L/usr/lib/gcc/x86_64-linux-gnu/4.9 -L/usr/lib/gcc/x86_64-linux-gnu/4.9/../../../x86_64-linux-gnu -L/usr/lib/gcc/x86_64-linux-gnu/4.9/../../../../lib -L/lib/x86_64-linux-gnu -L/lib/../lib -L/usr/lib/x86_64-linux-gnu -L/usr/lib/../lib -L/usr/lib/gcc/x86_64-linux-gnu/4.9/../../.. CMakeFiles/cmTryCompileExec170112377.dir/CMakeCCompilerABI.c.o -lgcc --as-needed -lgcc_s --no-as-needed -lc -lgcc --as-needed -lgcc_s --no-as-needed /usr/lib/gcc/x86_64-linux-gnu/4.9/crtend.o /usr/lib/gcc/x86_64-linux-gnu/4.9/../../../x86_64-linux-gnu/crtn.o
make[1]: Leaving directory '/home/viniciusmoraes/Documentos/Computação Gráfica/CG_UFPel/build/CMakeFiles/CMakeTmp'


Parsed C implicit link information from above output:
  link line regex: [^( *|.*[/\])(ld|([^/\]+-)?ld|collect2)[^/\]*( |$)]
  ignore line: [Change Dir: /home/viniciusmoraes/Documentos/Computação Gráfica/CG_UFPel/build/CMakeFiles/CMakeTmp]
  ignore line: []
  ignore line: [Run Build Command:"/usr/bin/make" "cmTryCompileExec170112377/fast"]
  ignore line: [/usr/bin/make -f CMakeFiles/cmTryCompileExec170112377.dir/build.make CMakeFiles/cmTryCompileExec170112377.dir/build]
  ignore line: [make[1]: Entering directory '/home/viniciusmoraes/Documentos/Computação Gráfica/CG_UFPel/build/CMakeFiles/CMakeTmp']
  ignore line: [/usr/bin/cmake -E cmake_progress_report "/home/viniciusmoraes/Documentos/Computação Gráfica/CG_UFPel/build/CMakeFiles/CMakeTmp/CMakeFiles" 1]
  ignore line: [Building C object CMakeFiles/cmTryCompileExec170112377.dir/CMakeCCompilerABI.c.o]
  ignore line: [/usr/bin/cc    -o CMakeFiles/cmTryCompileExec170112377.dir/CMakeCCompilerABI.c.o   -c /usr/share/cmake-3.0/Modules/CMakeCCompilerABI.c]
  ignore line: [Linking C executable cmTryCompileExec170112377]
  ignore line: [/usr/bin/cmake -E cmake_link_script CMakeFiles/cmTryCompileExec170112377.dir/link.txt --verbose=1]
  ignore line: [/usr/bin/cc     -v CMakeFiles/cmTryCompileExec170112377.dir/CMakeCCompilerABI.c.o  -o cmTryCompileExec170112377 -rdynamic  ]
  ignore line: [Using built-in specs.]
  ignore line: [COLLECT_GCC=/usr/bin/cc]
  ignore line: [COLLECT_LTO_WRAPPER=/usr/lib/gcc/x86_64-linux-gnu/4.9/lto-wrapper]
  ignore line: [Target: x86_64-linux-gnu]
  ignore line: [Configured with: ../src/configure -v --with-pkgversion='Ubuntu 4.9.2-10ubuntu13' --with-bugurl=file:///usr/share/doc/gcc-4.9/README.Bugs --enable-languages=c,c++,java,go,d,fortran,objc,obj-c++ --prefix=/usr --program-suffix=-4.9 --enable-shared --enable-linker-build-id --libexecdir=/usr/lib --without-included-gettext --enable-threads=posix --with-gxx-include-dir=/usr/include/c++/4.9 --libdir=/usr/lib --enable-nls --with-sysroot=/ --enable-clocale=gnu --enable-libstdcxx-debug --enable-libstdcxx-time=yes --enable-gnu-unique-object --disable-vtable-verify --enable-plugin --with-system-zlib --disable-browser-plugin --enable-java-awt=gtk --enable-gtk-cairo --with-java-home=/usr/lib/jvm/java-1.5.0-gcj-4.9-amd64/jre --enable-java-home --with-jvm-root-dir=/usr/lib/jvm/java-1.5.0-gcj-4.9-amd64 --with-jvm-jar-dir=/usr/lib/jvm-exports/java-1.5.0-gcj-4.9-amd64 --with-arch-directory=amd64 --with-ecj-jar=/usr/share/java/eclipse-ecj.jar --enable-objc-gc --enable-multiarch --disable-werror --with-arch-32=i686 --with-abi=m64 --with-multilib-list=m32,m64,mx32 --enable-multilib --with-tune=generic --enable-checking=release --build=x86_64-linux-gnu --host=x86_64-linux-gnu --target=x86_64-linux-gnu]
  ignore line: [Thread model: posix]
  ignore line: [gcc version 4.9.2 (Ubuntu 4.9.2-10ubuntu13) ]
  ignore line: [COMPILER_PATH=/usr/lib/gcc/x86_64-linux-gnu/4.9/:/usr/lib/gcc/x86_64-linux-gnu/4.9/:/usr/lib/gcc/x86_64-linux-gnu/:/usr/lib/gcc/x86_64-linux-gnu/4.9/:/usr/lib/gcc/x86_64-linux-gnu/]
  ignore line: [LIBRARY_PATH=/usr/lib/gcc/x86_64-linux-gnu/4.9/:/usr/lib/gcc/x86_64-linux-gnu/4.9/../../../x86_64-linux-gnu/:/usr/lib/gcc/x86_64-linux-gnu/4.9/../../../../lib/:/lib/x86_64-linux-gnu/:/lib/../lib/:/usr/lib/x86_64-linux-gnu/:/usr/lib/../lib/:/usr/lib/gcc/x86_64-linux-gnu/4.9/../../../:/lib/:/usr/lib/]
  ignore line: [COLLECT_GCC_OPTIONS='-v' '-o' 'cmTryCompileExec170112377' '-rdynamic' '-mtune=generic' '-march=x86-64']
  link line: [ /usr/lib/gcc/x86_64-linux-gnu/4.9/collect2 -plugin /usr/lib/gcc/x86_64-linux-gnu/4.9/liblto_plugin.so -plugin-opt=/usr/lib/gcc/x86_64-linux-gnu/4.9/lto-wrapper -plugin-opt=-fresolution=/tmp/cc3pCiGz.res -plugin-opt=-pass-through=-lgcc -plugin-opt=-pass-through=-lgcc_s -plugin-opt=-pass-through=-lc -plugin-opt=-pass-through=-lgcc -plugin-opt=-pass-through=-lgcc_s --sysroot=/ --build-id --eh-frame-hdr -m elf_x86_64 --hash-style=gnu --as-needed -export-dynamic -dynamic-linker /lib64/ld-linux-x86-64.so.2 -z relro -o cmTryCompileExec170112377 /usr/lib/gcc/x86_64-linux-gnu/4.9/../../../x86_64-linux-gnu/crt1.o /usr/lib/gcc/x86_64-linux-gnu/4.9/../../../x86_64-linux-gnu/crti.o /usr/lib/gcc/x86_64-linux-gnu/4.9/crtbegin.o -L/usr/lib/gcc/x86_64-linux-gnu/4.9 -L/usr/lib/gcc/x86_64-linux-gnu/4.9/../../../x86_64-linux-gnu -L/usr/lib/gcc/x86_64-linux-gnu/4.9/../../../../lib -L/lib/x86_64-linux-gnu -L/lib/../lib -L/usr/lib/x86_64-linux-gnu -L/usr/lib/../lib -L/usr/lib/gcc/x86_64-linux-gnu/4.9/../../.. CMakeFiles/cmTryCompileExec170112377.dir/CMakeCCompilerABI.c.o -lgcc --as-needed -lgcc_s --no-as-needed -lc -lgcc --as-needed -lgcc_s --no-as-needed /usr/lib/gcc/x86_64-linux-gnu/4.9/crtend.o /usr/lib/gcc/x86_64-linux-gnu/4.9/../../../x86_64-linux-gnu/crtn.o]
    arg [/usr/lib/gcc/x86_64-linux-gnu/4.9/collect2] ==> ignore
    arg [-plugin] ==> ignore
    arg [/usr/lib/gcc/x86_64-linux-gnu/4.9/liblto_plugin.so] ==> ignore
    arg [-plugin-opt=/usr/lib/gcc/x86_64-linux-gnu/4.9/lto-wrapper] ==> ignore
    arg [-plugin-opt=-fresolution=/tmp/cc3pCiGz.res] ==> ignore
    arg [-plugin-opt=-pass-through=-lgcc] ==> ignore
    arg [-plugin-opt=-pass-through=-lgcc_s] ==> ignore
    arg [-plugin-opt=-pass-through=-lc] ==> ignore
    arg [-plugin-opt=-pass-through=-lgcc] ==> ignore
    arg [-plugin-opt=-pass-through=-lgcc_s] ==> ignore
    arg [--sysroot=/] ==> ignore
    arg [--build-id] ==> ignore
    arg [--eh-frame-hdr] ==> ignore
    arg [-m] ==> ignore
    arg [elf_x86_64] ==> ignore
    arg [--hash-style=gnu] ==> ignore
    arg [--as-needed] ==> ignore
    arg [-export-dynamic] ==> ignore
    arg [-dynamic-linker] ==> ignore
    arg [/lib64/ld-linux-x86-64.so.2] ==> ignore
    arg [-zrelro] ==> ignore
    arg [-o] ==> ignore
    arg [cmTryCompileExec170112377] ==> ignore
    arg [/usr/lib/gcc/x86_64-linux-gnu/4.9/../../../x86_64-linux-gnu/crt1.o] ==> ignore
    arg [/usr/lib/gcc/x86_64-linux-gnu/4.9/../../../x86_64-linux-gnu/crti.o] ==> ignore
    arg [/usr/lib/gcc/x86_64-linux-gnu/4.9/crtbegin.o] ==> ignore
    arg [-L/usr/lib/gcc/x86_64-linux-gnu/4.9] ==> dir [/usr/lib/gcc/x86_64-linux-gnu/4.9]
    arg [-L/usr/lib/gcc/x86_64-linux-gnu/4.9/../../../x86_64-linux-gnu] ==> dir [/usr/lib/gcc/x86_64-linux-gnu/4.9/../../../x86_64-linux-gnu]
    arg [-L/usr/lib/gcc/x86_64-linux-gnu/4.9/../../../../lib] ==> dir [/usr/lib/gcc/x86_64-linux-gnu/4.9/../../../../lib]
    arg [-L/lib/x86_64-linux-gnu] ==> dir [/lib/x86_64-linux-gnu]
    arg [-L/lib/../lib] ==> dir [/lib/../lib]
    arg [-L/usr/lib/x86_64-linux-gnu] ==> dir [/usr/lib/x86_64-linux-gnu]
    arg [-L/usr/lib/../lib] ==> dir [/usr/lib/../lib]
    arg [-L/usr/lib/gcc/x86_64-linux-gnu/4.9/../../..] ==> dir [/usr/lib/gcc/x86_64-linux-gnu/4.9/../../..]
    arg [CMakeFiles/cmTryCompileExec170112377.dir/CMakeCCompilerABI.c.o] ==> ignore
    arg [-lgcc] ==> lib [gcc]
    arg [--as-needed] ==> ignore
    arg [-lgcc_s] ==> lib [gcc_s]
    arg [--no-as-needed] ==> ignore
    arg [-lc] ==> lib [c]
    arg [-lgcc] ==> lib [gcc]
    arg [--as-needed] ==> ignore
    arg [-lgcc_s] ==> lib [gcc_s]
    arg [--no-as-needed] ==> ignore
    arg [/usr/lib/gcc/x86_64-linux-gnu/4.9/crtend.o] ==> ignore
    arg [/usr/lib/gcc/x86_64-linux-gnu/4.9/../../../x86_64-linux-gnu/crtn.o] ==> ignore
  remove lib [gcc]
  remove lib [gcc_s]
  remove lib [gcc]
  remove lib [gcc_s]
  collapse library dir [/usr/lib/gcc/x86_64-linux-gnu/4.9] ==> [/usr/lib/gcc/x86_64-linux-gnu/4.9]
  collapse library dir [/usr/lib/gcc/x86_64-linux-gnu/4.9/../../../x86_64-linux-gnu] ==> [/usr/lib/x86_64-linux-gnu]
  collapse library dir [/usr/lib/gcc/x86_64-linux-gnu/4.9/../../../../lib] ==> [/usr/lib]
  collapse library dir [/lib/x86_64-linux-gnu] ==> [/lib/x86_64-linux-gnu]
  collapse library dir [/lib/../lib] ==> [/lib]
  collapse library dir [/usr/lib/x86_64-linux-gnu] ==> [/usr/lib/x86_64-linux-gnu]
  collapse library dir [/usr/lib/../lib] ==> [/usr/lib]
  collapse library dir [/usr/lib/gcc/x86_64-linux-gnu/4.9/../../..] ==> [/usr/lib]
  implicit libs: [c]
  implicit dirs: [/usr/lib/gcc/x86_64-linux-gnu/4.9;/usr/lib/x86_64-linux-gnu;/usr/lib;/lib/x86_64-linux-gnu;/lib]
  implicit fwks: []


Determining if the CXX compiler works passed with the following output:
Change Dir: /home/viniciusmoraes/Documentos/Computação Gráfica/CG_UFPel/build/CMakeFiles/CMakeTmp

Run Build Command:"/usr/bin/make" "cmTryCompileExec4294655287/fast"
/usr/bin/make -f CMakeFiles/cmTryCompileExec4294655287.dir/build.make CMakeFiles/cmTryCompileExec4294655287.dir/build
make[1]: Entering directory '/home/viniciusmoraes/Documentos/Computação Gráfica/CG_UFPel/build/CMakeFiles/CMakeTmp'
/usr/bin/cmake -E cmake_progress_report "/home/viniciusmoraes/Documentos/Computação Gráfica/CG_UFPel/build/CMakeFiles/CMakeTmp/CMakeFiles" 1
Building CXX object CMakeFiles/cmTryCompileExec4294655287.dir/testCXXCompiler.cxx.o
/usr/bin/c++     -o CMakeFiles/cmTryCompileExec4294655287.dir/testCXXCompiler.cxx.o -c "/home/viniciusmoraes/Documentos/Computação Gráfica/CG_UFPel/build/CMakeFiles/CMakeTmp/testCXXCompiler.cxx"
Linking CXX executable cmTryCompileExec4294655287
/usr/bin/cmake -E cmake_link_script CMakeFiles/cmTryCompileExec4294655287.dir/link.txt --verbose=1
/usr/bin/c++        CMakeFiles/cmTryCompileExec4294655287.dir/testCXXCompiler.cxx.o  -o cmTryCompileExec4294655287 -rdynamic 
make[1]: Leaving directory '/home/viniciusmoraes/Documentos/Computação Gráfica/CG_UFPel/build/CMakeFiles/CMakeTmp'


Detecting CXX compiler ABI info compiled with the following output:
Change Dir: /home/viniciusmoraes/Documentos/Computação Gráfica/CG_UFPel/build/CMakeFiles/CMakeTmp

Run Build Command:"/usr/bin/make" "cmTryCompileExec3928596015/fast"
/usr/bin/make -f CMakeFiles/cmTryCompileExec3928596015.dir/build.make CMakeFiles/cmTryCompileExec3928596015.dir/build
make[1]: Entering directory '/home/viniciusmoraes/Documentos/Computação Gráfica/CG_UFPel/build/CMakeFiles/CMakeTmp'
/usr/bin/cmake -E cmake_progress_report "/home/viniciusmoraes/Documentos/Computação Gráfica/CG_UFPel/build/CMakeFiles/CMakeTmp/CMakeFiles" 1
Building CXX object CMakeFiles/cmTryCompileExec3928596015.dir/CMakeCXXCompilerABI.cpp.o
/usr/bin/c++     -o CMakeFiles/cmTryCompileExec3928596015.dir/CMakeCXXCompilerABI.cpp.o -c /usr/share/cmake-3.0/Modules/CMakeCXXCompilerABI.cpp
Linking CXX executable cmTryCompileExec3928596015
/usr/bin/cmake -E cmake_link_script CMakeFiles/cmTryCompileExec3928596015.dir/link.txt --verbose=1
/usr/bin/c++      -v CMakeFiles/cmTryCompileExec3928596015.dir/CMakeCXXCompilerABI.cpp.o  -o cmTryCompileExec3928596015 -rdynamic  
Using built-in specs.
COLLECT_GCC=/usr/bin/c++
COLLECT_LTO_WRAPPER=/usr/lib/gcc/x86_64-linux-gnu/4.9/lto-wrapper
Target: x86_64-linux-gnu
Configured with: ../src/configure -v --with-pkgversion='Ubuntu 4.9.2-10ubuntu13' --with-bugurl=file:///usr/share/doc/gcc-4.9/README.Bugs --enable-languages=c,c++,java,go,d,fortran,objc,obj-c++ --prefix=/usr --program-suffix=-4.9 --enable-shared --enable-linker-build-id --libexecdir=/usr/lib --without-included-gettext --enable-threads=posix --with-gxx-include-dir=/usr/include/c++/4.9 --libdir=/usr/lib --enable-nls --with-sysroot=/ --enable-clocale=gnu --enable-libstdcxx-debug --enable-libstdcxx-time=yes --enable-gnu-unique-object --disable-vtable-verify --enable-plugin --with-system-zlib --disable-browser-plugin --enable-java-awt=gtk --enable-gtk-cairo --with-java-home=/usr/lib/jvm/java-1.5.0-gcj-4.9-amd64/jre --enable-java-home --with-jvm-root-dir=/usr/lib/jvm/java-1.5.0-gcj-4.9-amd64 --with-jvm-jar-dir=/usr/lib/jvm-exports/java-1.5.0-gcj-4.9-amd64 --with-arch-directory=amd64 --with-ecj-jar=/usr/share/java/eclipse-ecj.jar --enable-objc-gc --enable-multiarch --disable-werror --with-arch-32=i686 --with-abi=m64 --with-multilib-list=m32,m64,mx32 --enable-multilib --with-tune=generic --enable-checking=release --build=x86_64-linux-gnu --host=x86_64-linux-gnu --target=x86_64-linux-gnu
Thread model: posix
gcc version 4.9.2 (Ubuntu 4.9.2-10ubuntu13) 
COMPILER_PATH=/usr/lib/gcc/x86_64-linux-gnu/4.9/:/usr/lib/gcc/x86_64-linux-gnu/4.9/:/usr/lib/gcc/x86_64-linux-gnu/:/usr/lib/gcc/x86_64-linux-gnu/4.9/:/usr/lib/gcc/x86_64-linux-gnu/
LIBRARY_PATH=/usr/lib/gcc/x86_64-linux-gnu/4.9/:/usr/lib/gcc/x86_64-linux-gnu/4.9/../../../x86_64-linux-gnu/:/usr/lib/gcc/x86_64-linux-gnu/4.9/../../../../lib/:/lib/x86_64-linux-gnu/:/lib/../lib/:/usr/lib/x86_64-linux-gnu/:/usr/lib/../lib/:/usr/lib/gcc/x86_64-linux-gnu/4.9/../../../:/lib/:/usr/lib/
COLLECT_GCC_OPTIONS='-v' '-o' 'cmTryCompileExec3928596015' '-rdynamic' '-shared-libgcc' '-mtune=generic' '-march=x86-64'
 /usr/lib/gcc/x86_64-linux-gnu/4.9/collect2 -plugin /usr/lib/gcc/x86_64-linux-gnu/4.9/liblto_plugin.so -plugin-opt=/usr/lib/gcc/x86_64-linux-gnu/4.9/lto-wrapper -plugin-opt=-fresolution=/tmp/ccALVivO.res -plugin-opt=-pass-through=-lgcc_s -plugin-opt=-pass-through=-lgcc -plugin-opt=-pass-through=-lc -plugin-opt=-pass-through=-lgcc_s -plugin-opt=-pass-through=-lgcc --sysroot=/ --build-id --eh-frame-hdr -m elf_x86_64 --hash-style=gnu --as-needed -export-dynamic -dynamic-linker /lib64/ld-linux-x86-64.so.2 -z relro -o cmTryCompileExec3928596015 /usr/lib/gcc/x86_64-linux-gnu/4.9/../../../x86_64-linux-gnu/crt1.o /usr/lib/gcc/x86_64-linux-gnu/4.9/../../../x86_64-linux-gnu/crti.o /usr/lib/gcc/x86_64-linux-gnu/4.9/crtbegin.o -L/usr/lib/gcc/x86_64-linux-gnu/4.9 -L/usr/lib/gcc/x86_64-linux-gnu/4.9/../../../x86_64-linux-gnu -L/usr/lib/gcc/x86_64-linux-gnu/4.9/../../../../lib -L/lib/x86_64-linux-gnu -L/lib/../lib -L/usr/lib/x86_64-linux-gnu -L/usr/lib/../lib -L/usr/lib/gcc/x86_64-linux-gnu/4.9/../../.. CMakeFiles/cmTryCompileExec3928596015.dir/CMakeCXXCompilerABI.cpp.o -lstdc++ -lm -lgcc_s -lgcc -lc -lgcc_s -lgcc /usr/lib/gcc/x86_64-linux-gnu/4.9/crtend.o /usr/lib/gcc/x86_64-linux-gnu/4.9/../../../x86_64-linux-gnu/crtn.o
make[1]: Leaving directory '/home/viniciusmoraes/Documentos/Computação Gráfica/CG_UFPel/build/CMakeFiles/CMakeTmp'


Parsed CXX implicit link information from above output:
  link line regex: [^( *|.*[/\])(ld|([^/\]+-)?ld|collect2)[^/\]*( |$)]
  ignore line: [Change Dir: /home/viniciusmoraes/Documentos/Computação Gráfica/CG_UFPel/build/CMakeFiles/CMakeTmp]
  ignore line: []
  ignore line: [Run Build Command:"/usr/bin/make" "cmTryCompileExec3928596015/fast"]
  ignore line: [/usr/bin/make -f CMakeFiles/cmTryCompileExec3928596015.dir/build.make CMakeFiles/cmTryCompileExec3928596015.dir/build]
  ignore line: [make[1]: Entering directory '/home/viniciusmoraes/Documentos/Computação Gráfica/CG_UFPel/build/CMakeFiles/CMakeTmp']
  ignore line: [/usr/bin/cmake -E cmake_progress_report "/home/viniciusmoraes/Documentos/Computação Gráfica/CG_UFPel/build/CMakeFiles/CMakeTmp/CMakeFiles" 1]
  ignore line: [Building CXX object CMakeFiles/cmTryCompileExec3928596015.dir/CMakeCXXCompilerABI.cpp.o]
  ignore line: [/usr/bin/c++     -o CMakeFiles/cmTryCompileExec3928596015.dir/CMakeCXXCompilerABI.cpp.o -c /usr/share/cmake-3.0/Modules/CMakeCXXCompilerABI.cpp]
  ignore line: [Linking CXX executable cmTryCompileExec3928596015]
  ignore line: [/usr/bin/cmake -E cmake_link_script CMakeFiles/cmTryCompileExec3928596015.dir/link.txt --verbose=1]
  ignore line: [/usr/bin/c++      -v CMakeFiles/cmTryCompileExec3928596015.dir/CMakeCXXCompilerABI.cpp.o  -o cmTryCompileExec3928596015 -rdynamic  ]
  ignore line: [Using built-in specs.]
  ignore line: [COLLECT_GCC=/usr/bin/c++]
  ignore line: [COLLECT_LTO_WRAPPER=/usr/lib/gcc/x86_64-linux-gnu/4.9/lto-wrapper]
  ignore line: [Target: x86_64-linux-gnu]
  ignore line: [Configured with: ../src/configure -v --with-pkgversion='Ubuntu 4.9.2-10ubuntu13' --with-bugurl=file:///usr/share/doc/gcc-4.9/README.Bugs --enable-languages=c,c++,java,go,d,fortran,objc,obj-c++ --prefix=/usr --program-suffix=-4.9 --enable-shared --enable-linker-build-id --libexecdir=/usr/lib --without-included-gettext --enable-threads=posix --with-gxx-include-dir=/usr/include/c++/4.9 --libdir=/usr/lib --enable-nls --with-sysroot=/ --enable-clocale=gnu --enable-libstdcxx-debug --enable-libstdcxx-time=yes --enable-gnu-unique-object --disable-vtable-verify --enable-plugin --with-system-zlib --disable-browser-plugin --enable-java-awt=gtk --enable-gtk-cairo --with-java-home=/usr/lib/jvm/java-1.5.0-gcj-4.9-amd64/jre --enable-java-home --with-jvm-root-dir=/usr/lib/jvm/java-1.5.0-gcj-4.9-amd64 --with-jvm-jar-dir=/usr/lib/jvm-exports/java-1.5.0-gcj-4.9-amd64 --with-arch-directory=amd64 --with-ecj-jar=/usr/share/java/eclipse-ecj.jar --enable-objc-gc --enable-multiarch --disable-werror --with-arch-32=i686 --with-abi=m64 --with-multilib-list=m32,m64,mx32 --enable-multilib --with-tune=generic --enable-checking=release --build=x86_64-linux-gnu --host=x86_64-linux-gnu --target=x86_64-linux-gnu]
  ignore line: [Thread model: posix]
  ignore line: [gcc version 4.9.2 (Ubuntu 4.9.2-10ubuntu13) ]
  ignore line: [COMPILER_PATH=/usr/lib/gcc/x86_64-linux-gnu/4.9/:/usr/lib/gcc/x86_64-linux-gnu/4.9/:/usr/lib/gcc/x86_64-linux-gnu/:/usr/lib/gcc/x86_64-linux-gnu/4.9/:/usr/lib/gcc/x86_64-linux-gnu/]
  ignore line: [LIBRARY_PATH=/usr/lib/gcc/x86_64-linux-gnu/4.9/:/usr/lib/gcc/x86_64-linux-gnu/4.9/../../../x86_64-linux-gnu/:/usr/lib/gcc/x86_64-linux-gnu/4.9/../../../../lib/:/lib/x86_64-linux-gnu/:/lib/../lib/:/usr/lib/x86_64-linux-gnu/:/usr/lib/../lib/:/usr/lib/gcc/x86_64-linux-gnu/4.9/../../../:/lib/:/usr/lib/]
  ignore line: [COLLECT_GCC_OPTIONS='-v' '-o' 'cmTryCompileExec3928596015' '-rdynamic' '-shared-libgcc' '-mtune=generic' '-march=x86-64']
  link line: [ /usr/lib/gcc/x86_64-linux-gnu/4.9/collect2 -plugin /usr/lib/gcc/x86_64-linux-gnu/4.9/liblto_plugin.so -plugin-opt=/usr/lib/gcc/x86_64-linux-gnu/4.9/lto-wrapper -plugin-opt=-fresolution=/tmp/ccALVivO.res -plugin-opt=-pass-through=-lgcc_s -plugin-opt=-pass-through=-lgcc -plugin-opt=-pass-through=-lc -plugin-opt=-pass-through=-lgcc_s -plugin-opt=-pass-through=-lgcc --sysroot=/ --build-id --eh-frame-hdr -m elf_x86_64 --hash-style=gnu --as-needed -export-dynamic -dynamic-linker /lib64/ld-linux-x86-64.so.2 -z relro -o cmTryCompileExec3928596015 /usr/lib/gcc/x86_64-linux-gnu/4.9/../../../x86_64-linux-gnu/crt1.o /usr/lib/gcc/x86_64-linux-gnu/4.9/../../../x86_64-linux-gnu/crti.o /usr/lib/gcc/x86_64-linux-gnu/4.9/crtbegin.o -L/usr/lib/gcc/x86_64-linux-gnu/4.9 -L/usr/lib/gcc/x86_64-linux-gnu/4.9/../../../x86_64-linux-gnu -L/usr/lib/gcc/x86_64-linux-gnu/4.9/../../../../lib -L/lib/x86_64-linux-gnu -L/lib/../lib -L/usr/lib/x86_64-linux-gnu -L/usr/lib/../lib -L/usr/lib/gcc/x86_64-linux-gnu/4.9/../../.. CMakeFiles/cmTryCompileExec3928596015.dir/CMakeCXXCompilerABI.cpp.o -lstdc++ -lm -lgcc_s -lgcc -lc -lgcc_s -lgcc /usr/lib/gcc/x86_64-linux-gnu/4.9/crtend.o /usr/lib/gcc/x86_64-linux-gnu/4.9/../../../x86_64-linux-gnu/crtn.o]
    arg [/usr/lib/gcc/x86_64-linux-gnu/4.9/collect2] ==> ignore
    arg [-plugin] ==> ignore
    arg [/usr/lib/gcc/x86_64-linux-gnu/4.9/liblto_plugin.so] ==> ignore
    arg [-plugin-opt=/usr/lib/gcc/x86_64-linux-gnu/4.9/lto-wrapper] ==> ignore
    arg [-plugin-opt=-fresolution=/tmp/ccALVivO.res] ==> ignore
    arg [-plugin-opt=-pass-through=-lgcc_s] ==> ignore
    arg [-plugin-opt=-pass-through=-lgcc] ==> ignore
    arg [-plugin-opt=-pass-through=-lc] ==> ignore
    arg [-plugin-opt=-pass-through=-lgcc_s] ==> ignore
    arg [-plugin-opt=-pass-through=-lgcc] ==> ignore
    arg [--sysroot=/] ==> ignore
    arg [--build-id] ==> ignore
    arg [--eh-frame-hdr] ==> ignore
    arg [-m] ==> ignore
    arg [elf_x86_64] ==> ignore
    arg [--hash-style=gnu] ==> ignore
    arg [--as-needed] ==> ignore
    arg [-export-dynamic] ==> ignore
    arg [-dynamic-linker] ==> ignore
    arg [/lib64/ld-linux-x86-64.so.2] ==> ignore
    arg [-zrelro] ==> ignore
    arg [-o] ==> ignore
    arg [cmTryCompileExec3928596015] ==> ignore
    arg [/usr/lib/gcc/x86_64-linux-gnu/4.9/../../../x86_64-linux-gnu/crt1.o] ==> ignore
    arg [/usr/lib/gcc/x86_64-linux-gnu/4.9/../../../x86_64-linux-gnu/crti.o] ==> ignore
    arg [/usr/lib/gcc/x86_64-linux-gnu/4.9/crtbegin.o] ==> ignore
    arg [-L/usr/lib/gcc/x86_64-linux-gnu/4.9] ==> dir [/usr/lib/gcc/x86_64-linux-gnu/4.9]
    arg [-L/usr/lib/gcc/x86_64-linux-gnu/4.9/../../../x86_64-linux-gnu] ==> dir [/usr/lib/gcc/x86_64-linux-gnu/4.9/../../../x86_64-linux-gnu]
    arg [-L/usr/lib/gcc/x86_64-linux-gnu/4.9/../../../../lib] ==> dir [/usr/lib/gcc/x86_64-linux-gnu/4.9/../../../../lib]
    arg [-L/lib/x86_64-linux-gnu] ==> dir [/lib/x86_64-linux-gnu]
    arg [-L/lib/../lib] ==> dir [/lib/../lib]
    arg [-L/usr/lib/x86_64-linux-gnu] ==> dir [/usr/lib/x86_64-linux-gnu]
    arg [-L/usr/lib/../lib] ==> dir [/usr/lib/../lib]
    arg [-L/usr/lib/gcc/x86_64-linux-gnu/4.9/../../..] ==> dir [/usr/lib/gcc/x86_64-linux-gnu/4.9/../../..]
    arg [CMakeFiles/cmTryCompileExec3928596015.dir/CMakeCXXCompilerABI.cpp.o] ==> ignore
    arg [-lstdc++] ==> lib [stdc++]
    arg [-lm] ==> lib [m]
    arg [-lgcc_s] ==> lib [gcc_s]
    arg [-lgcc] ==> lib [gcc]
    arg [-lc] ==> lib [c]
    arg [-lgcc_s] ==> lib [gcc_s]
    arg [-lgcc] ==> lib [gcc]
    arg [/usr/lib/gcc/x86_64-linux-gnu/4.9/crtend.o] ==> ignore
    arg [/usr/lib/gcc/x86_64-linux-gnu/4.9/../../../x86_64-linux-gnu/crtn.o] ==> ignore
  remove lib [gcc_s]
  remove lib [gcc]
  remove lib [gcc_s]
  remove lib [gcc]
  collapse library dir [/usr/lib/gcc/x86_64-linux-gnu/4.9] ==> [/usr/lib/gcc/x86_64-linux-gnu/4.9]
  collapse library dir [/usr/lib/gcc/x86_64-linux-gnu/4.9/../../../x86_64-linux-gnu] ==> [/usr/lib/x86_64-linux-gnu]
  collapse library dir [/usr/lib/gcc/x86_64-linux-gnu/4.9/../../../../lib] ==> [/usr/lib]
  collapse library dir [/lib/x86_64-linux-gnu] ==> [/lib/x86_64-linux-gnu]
  collapse library dir [/lib/../lib] ==> [/lib]
  collapse library dir [/usr/lib/x86_64-linux-gnu] ==> [/usr/lib/x86_64-linux-gnu]
  collapse library dir [/usr/lib/../lib] ==> [/usr/lib]
  collapse library dir [/usr/lib/gcc/x86_64-linux-gnu/4.9/../../..] ==> [/usr/lib]
  implicit libs: [stdc++;m;c]
  implicit dirs: [/usr/lib/gcc/x86_64-linux-gnu/4.9;/usr/lib/x86_64-linux-gnu;/usr/lib;/lib/x86_64-linux-gnu;/lib]
  implicit fwks: []


Determining if the function XOpenDisplay exists in the /usr/lib/x86_64-linux-gnu/libX11.so;/usr/lib/x86_64-linux-gnu/libXext.so passed with the following output:
Change Dir: /home/viniciusmoraes/Documentos/Computação Gráfica/CG_UFPel/build/CMakeFiles/CMakeTmp

Run Build Command:"/usr/bin/make" "cmTryCompileExec1092902111/fast"
/usr/bin/make -f CMakeFiles/cmTryCompileExec1092902111.dir/build.make CMakeFiles/cmTryCompileExec1092902111.dir/build
make[1]: Entering directory '/home/viniciusmoraes/Documentos/Computação Gráfica/CG_UFPel/build/CMakeFiles/CMakeTmp'
/usr/bin/cmake -E cmake_progress_report "/home/viniciusmoraes/Documentos/Computação Gráfica/CG_UFPel/build/CMakeFiles/CMakeTmp/CMakeFiles" 1
Building C object CMakeFiles/cmTryCompileExec1092902111.dir/CheckFunctionExists.c.o
/usr/bin/cc   -DCHECK_FUNCTION_EXISTS=XOpenDisplay   -o CMakeFiles/cmTryCompileExec1092902111.dir/CheckFunctionExists.c.o   -c /usr/share/cmake-3.0/Modules/CheckFunctionExists.c
Linking C executable cmTryCompileExec1092902111
/usr/bin/cmake -E cmake_link_script CMakeFiles/cmTryCompileExec1092902111.dir/link.txt --verbose=1
/usr/bin/cc   -DCHECK_FUNCTION_EXISTS=XOpenDisplay    CMakeFiles/cmTryCompileExec1092902111.dir/CheckFunctionExists.c.o  -o cmTryCompileExec1092902111 -rdynamic -lX11 -lXext 
make[1]: Leaving directory '/home/viniciusmoraes/Documentos/Computação Gráfica/CG_UFPel/build/CMakeFiles/CMakeTmp'


Determining if the function gethostbyname exists passed with the following output:
Change Dir: /home/viniciusmoraes/Documentos/Computação Gráfica/CG_UFPel/build/CMakeFiles/CMakeTmp

Run Build Command:"/usr/bin/make" "cmTryCompileExec3711159956/fast"
/usr/bin/make -f CMakeFiles/cmTryCompileExec3711159956.dir/build.make CMakeFiles/cmTryCompileExec3711159956.dir/build
make[1]: Entering directory '/home/viniciusmoraes/Documentos/Computação Gráfica/CG_UFPel/build/CMakeFiles/CMakeTmp'
/usr/bin/cmake -E cmake_progress_report "/home/viniciusmoraes/Documentos/Computação Gráfica/CG_UFPel/build/CMakeFiles/CMakeTmp/CMakeFiles" 1
Building C object CMakeFiles/cmTryCompileExec3711159956.dir/CheckFunctionExists.c.o
/usr/bin/cc   -DCHECK_FUNCTION_EXISTS=gethostbyname   -o CMakeFiles/cmTryCompileExec3711159956.dir/CheckFunctionExists.c.o   -c /usr/share/cmake-3.0/Modules/CheckFunctionExists.c
Linking C executable cmTryCompileExec3711159956
/usr/bin/cmake -E cmake_link_script CMakeFiles/cmTryCompileExec3711159956.dir/link.txt --verbose=1
/usr/bin/cc   -DCHECK_FUNCTION_EXISTS=gethostbyname    CMakeFiles/cmTryCompileExec3711159956.dir/CheckFunctionExists.c.o  -o cmTryCompileExec3711159956 -rdynamic 
make[1]: Leaving directory '/home/viniciusmoraes/Documentos/Computação Gráfica/CG_UFPel/build/CMakeFiles/CMakeTmp'


Determining if the function connect exists passed with the following output:
Change Dir: /home/viniciusmoraes/Documentos/Computação Gráfica/CG_UFPel/build/CMakeFiles/CMakeTmp

Run Build Command:"/usr/bin/make" "cmTryCompileExec2185552796/fast"
/usr/bin/make -f CMakeFiles/cmTryCompileExec2185552796.dir/build.make CMakeFiles/cmTryCompileExec2185552796.dir/build
make[1]: Entering directory '/home/viniciusmoraes/Documentos/Computação Gráfica/CG_UFPel/build/CMakeFiles/CMakeTmp'
/usr/bin/cmake -E cmake_progress_report "/home/viniciusmoraes/Documentos/Computação Gráfica/CG_UFPel/build/CMakeFiles/CMakeTmp/CMakeFiles" 1
Building C object CMakeFiles/cmTryCompileExec2185552796.dir/CheckFunctionExists.c.o
/usr/bin/cc   -DCHECK_FUNCTION_EXISTS=connect   -o CMakeFiles/cmTryCompileExec2185552796.dir/CheckFunctionExists.c.o   -c /usr/share/cmake-3.0/Modules/CheckFunctionExists.c
Linking C executable cmTryCompileExec2185552796
/usr/bin/cmake -E cmake_link_script CMakeFiles/cmTryCompileExec2185552796.dir/link.txt --verbose=1
/usr/bin/cc   -DCHECK_FUNCTION_EXISTS=connect    CMakeFiles/cmTryCompileExec2185552796.dir/CheckFunctionExists.c.o  -o cmTryCompileExec2185552796 -rdynamic 
make[1]: Leaving directory '/home/viniciusmoraes/Documentos/Computação Gráfica/CG_UFPel/build/CMakeFiles/CMakeTmp'


Determining if the function remove exists passed with the following output:
Change Dir: /home/viniciusmoraes/Documentos/Computação Gráfica/CG_UFPel/build/CMakeFiles/CMakeTmp

Run Build Command:"/usr/bin/make" "cmTryCompileExec3633971117/fast"
/usr/bin/make -f CMakeFiles/cmTryCompileExec3633971117.dir/build.make CMakeFiles/cmTryCompileExec3633971117.dir/build
make[1]: Entering directory '/home/viniciusmoraes/Documentos/Computação Gráfica/CG_UFPel/build/CMakeFiles/CMakeTmp'
/usr/bin/cmake -E cmake_progress_report "/home/viniciusmoraes/Documentos/Computação Gráfica/CG_UFPel/build/CMakeFiles/CMakeTmp/CMakeFiles" 1
Building C object CMakeFiles/cmTryCompileExec3633971117.dir/CheckFunctionExists.c.o
/usr/bin/cc   -DCHECK_FUNCTION_EXISTS=remove   -o CMakeFiles/cmTryCompileExec3633971117.dir/CheckFunctionExists.c.o   -c /usr/share/cmake-3.0/Modules/CheckFunctionExists.c
Linking C executable cmTryCompileExec3633971117
/usr/bin/cmake -E cmake_link_script CMakeFiles/cmTryCompileExec3633971117.dir/link.txt --verbose=1
/usr/bin/cc   -DCHECK_FUNCTION_EXISTS=remove    CMakeFiles/cmTryCompileExec3633971117.dir/CheckFunctionExists.c.o  -o cmTryCompileExec3633971117 -rdynamic 
make[1]: Leaving directory '/home/viniciusmoraes/Documentos/Computação Gráfica/CG_UFPel/build/CMakeFiles/CMakeTmp'


Determining if the function shmat exists passed with the following output:
Change Dir: /home/viniciusmoraes/Documentos/Computação Gráfica/CG_UFPel/build/CMakeFiles/CMakeTmp

Run Build Command:"/usr/bin/make" "cmTryCompileExec2198409373/fast"
/usr/bin/make -f CMakeFiles/cmTryCompileExec2198409373.dir/build.make CMakeFiles/cmTryCompileExec2198409373.dir/build
make[1]: Entering directory '/home/viniciusmoraes/Documentos/Computação Gráfica/CG_UFPel/build/CMakeFiles/CMakeTmp'
/usr/bin/cmake -E cmake_progress_report "/home/viniciusmoraes/Documentos/Computação Gráfica/CG_UFPel/build/CMakeFiles/CMakeTmp/CMakeFiles" 1
Building C object CMakeFiles/cmTryCompileExec2198409373.dir/CheckFunctionExists.c.o
/usr/bin/cc   -DCHECK_FUNCTION_EXISTS=shmat   -o CMakeFiles/cmTryCompileExec2198409373.dir/CheckFunctionExists.c.o   -c /usr/share/cmake-3.0/Modules/CheckFunctionExists.c
Linking C executable cmTryCompileExec2198409373
/usr/bin/cmake -E cmake_link_script CMakeFiles/cmTryCompileExec2198409373.dir/link.txt --verbose=1
/usr/bin/cc   -DCHECK_FUNCTION_EXISTS=shmat    CMakeFiles/cmTryCompileExec2198409373.dir/CheckFunctionExists.c.o  -o cmTryCompileExec2198409373 -rdynamic 
make[1]: Leaving directory '/home/viniciusmoraes/Documentos/Computação Gráfica/CG_UFPel/build/CMakeFiles/CMakeTmp'


Determining if files pthread.h exist passed with the following output:
Change Dir: /home/viniciusmoraes/Documentos/Computação Gráfica/CG_UFPel/build/CMakeFiles/CMakeTmp

Run Build Command:"/usr/bin/make" "cmTryCompileExec1867109268/fast"
/usr/bin/make -f CMakeFiles/cmTryCompileExec1867109268.dir/build.make CMakeFiles/cmTryCompileExec1867109268.dir/build
make[1]: Entering directory '/home/viniciusmoraes/Documentos/Computação Gráfica/CG_UFPel/build/CMakeFiles/CMakeTmp'
/usr/bin/cmake -E cmake_progress_report "/home/viniciusmoraes/Documentos/Computação Gráfica/CG_UFPel/build/CMakeFiles/CMakeTmp/CMakeFiles" 1
Building C object CMakeFiles/cmTryCompileExec1867109268.dir/CheckIncludeFiles.c.o
/usr/bin/cc    -o CMakeFiles/cmTryCompileExec1867109268.dir/CheckIncludeFiles.c.o   -c "/home/viniciusmoraes/Documentos/Computação Gráfica/CG_UFPel/build/CMakeFiles/CMakeTmp/CheckIncludeFiles.c"
Linking C executable cmTryCompileExec1867109268
/usr/bin/cmake -E cmake_link_script CMakeFiles/cmTryCompileExec1867109268.dir/link.txt --verbose=1
/usr/bin/cc       CMakeFiles/cmTryCompileExec1867109268.dir/CheckIncludeFiles.c.o  -o cmTryCompileExec1867109268 -rdynamic 
make[1]: Leaving directory '/home/viniciusmoraes/Documentos/Computação Gráfica/CG_UFPel/build/CMakeFiles/CMakeTmp'


Determining if the function pthread_create exists in the pthread passed with the following output:
Change Dir: /home/viniciusmoraes/Documentos/Computação Gráfica/CG_UFPel/build/CMakeFiles/CMakeTmp

Run Build Command:"/usr/bin/make" "cmTryCompileExec352545128/fast"
/usr/bin/make -f CMakeFiles/cmTryCompileExec352545128.dir/build.make CMakeFiles/cmTryCompileExec352545128.dir/build
make[1]: Entering directory '/home/viniciusmoraes/Documentos/Computação Gráfica/CG_UFPel/build/CMakeFiles/CMakeTmp'
/usr/bin/cmake -E cmake_progress_report "/home/viniciusmoraes/Documentos/Computação Gráfica/CG_UFPel/build/CMakeFiles/CMakeTmp/CMakeFiles" 1
Building C object CMakeFiles/cmTryCompileExec352545128.dir/CheckFunctionExists.c.o
/usr/bin/cc   -DCHECK_FUNCTION_EXISTS=pthread_create   -o CMakeFiles/cmTryCompileExec352545128.dir/CheckFunctionExists.c.o   -c /usr/share/cmake-3.0/Modules/CheckFunctionExists.c
Linking C executable cmTryCompileExec352545128
/usr/bin/cmake -E cmake_link_script CMakeFiles/cmTryCompileExec352545128.dir/link.txt --verbose=1
/usr/bin/cc   -DCHECK_FUNCTION_EXISTS=pthread_create    CMakeFiles/cmTryCompileExec352545128.dir/CheckFunctionExists.c.o  -o cmTryCompileExec352545128 -rdynamic -lpthread 
make[1]: Leaving directory '/home/viniciusmoraes/Documentos/Computação Gráfica/CG_UFPel/build/CMakeFiles/CMakeTmp'


Determining if the function glXGetProcAddress exists passed with the following output:
Change Dir: /home/viniciusmoraes/Documentos/Computação Gráfica/CG_UFPel/build/CMakeFiles/CMakeTmp

Run Build Command:"/usr/bin/make" "cmTryCompileExec3554519010/fast"
/usr/bin/make -f CMakeFiles/cmTryCompileExec3554519010.dir/build.make CMakeFiles/cmTryCompileExec3554519010.dir/build
make[1]: Entering directory '/home/viniciusmoraes/Documentos/Computação Gráfica/CG_UFPel/build/CMakeFiles/CMakeTmp'
/usr/bin/cmake -E cmake_progress_report "/home/viniciusmoraes/Documentos/Computação Gráfica/CG_UFPel/build/CMakeFiles/CMakeTmp/CMakeFiles" 1
Building C object CMakeFiles/cmTryCompileExec3554519010.dir/CheckFunctionExists.c.o
/usr/bin/cc   -DCHECK_FUNCTION_EXISTS=glXGetProcAddress   -o CMakeFiles/cmTryCompileExec3554519010.dir/CheckFunctionExists.c.o   -c /usr/share/cmake-3.0/Modules/CheckFunctionExists.c
Linking C executable cmTryCompileExec3554519010
/usr/bin/cmake -E cmake_link_script CMakeFiles/cmTryCompileExec3554519010.dir/link.txt --verbose=1
/usr/bin/cc   -DCHECK_FUNCTION_EXISTS=glXGetProcAddress    CMakeFiles/cmTryCompileExec3554519010.dir/CheckFunctionExists.c.o  -o cmTryCompileExec3554519010 -rdynamic -lGL 
make[1]: Leaving directory '/home/viniciusmoraes/Documentos/Computação Gráfica/CG_UFPel/build/CMakeFiles/CMakeTmp'


Determining if the function glXGetProcAddressARB exists passed with the following output:
Change Dir: /home/viniciusmoraes/Documentos/Computação Gráfica/CG_UFPel/build/CMakeFiles/CMakeTmp

Run Build Command:"/usr/bin/make" "cmTryCompileExec2945326725/fast"
/usr/bin/make -f CMakeFiles/cmTryCompileExec2945326725.dir/build.make CMakeFiles/cmTryCompileExec2945326725.dir/build
make[1]: Entering directory '/home/viniciusmoraes/Documentos/Computação Gráfica/CG_UFPel/build/CMakeFiles/CMakeTmp'
/usr/bin/cmake -E cmake_progress_report "/home/viniciusmoraes/Documentos/Computação Gráfica/CG_UFPel/build/CMakeFiles/CMakeTmp/CMakeFiles" 1
Building C object CMakeFiles/cmTryCompileExec2945326725.dir/CheckFunctionExists.c.o
/usr/bin/cc   -DCHECK_FUNCTION_EXISTS=glXGetProcAddressARB   -o CMakeFiles/cmTryCompileExec2945326725.dir/CheckFunctionExists.c.o   -c /usr/share/cmake-3.0/Modules/CheckFunctionExists.c
Linking C executable cmTryCompileExec2945326725
/usr/bin/cmake -E cmake_link_script CMakeFiles/cmTryCompileExec2945326725.dir/link.txt --verbose=1
/usr/bin/cc   -DCHECK_FUNCTION_EXISTS=glXGetProcAddressARB    CMakeFiles/cmTryCompileExec2945326725.dir/CheckFunctionExists.c.o  -o cmTryCompileExec2945326725 -rdynamic -lGL 
make[1]: Leaving directory '/home/viniciusmoraes/Documentos/Computação Gráfica/CG_UFPel/build/CMakeFiles/CMakeTmp'


Determining if the include file sys/types.h exists passed with the following output:
Change Dir: /home/viniciusmoraes/Documentos/Computação Gráfica/CG_UFPel/build/CMakeFiles/CMakeTmp

Run Build Command:"/usr/bin/make" "cmTryCompileExec3721983558/fast"
/usr/bin/make -f CMakeFiles/cmTryCompileExec3721983558.dir/build.make CMakeFiles/cmTryCompileExec3721983558.dir/build
make[1]: Entering directory '/home/viniciusmoraes/Documentos/Computação Gráfica/CG_UFPel/build/CMakeFiles/CMakeTmp'
/usr/bin/cmake -E cmake_progress_report "/home/viniciusmoraes/Documentos/Computação Gráfica/CG_UFPel/build/CMakeFiles/CMakeTmp/CMakeFiles" 1
Building C object CMakeFiles/cmTryCompileExec3721983558.dir/CheckIncludeFile.c.o
/usr/bin/cc    -o CMakeFiles/cmTryCompileExec3721983558.dir/CheckIncludeFile.c.o   -c "/home/viniciusmoraes/Documentos/Computação Gráfica/CG_UFPel/build/CMakeFiles/CMakeTmp/CheckIncludeFile.c"
Linking C executable cmTryCompileExec3721983558
/usr/bin/cmake -E cmake_link_script CMakeFiles/cmTryCompileExec3721983558.dir/link.txt --verbose=1
/usr/bin/cc       CMakeFiles/cmTryCompileExec3721983558.dir/CheckIncludeFile.c.o  -o cmTryCompileExec3721983558 -rdynamic 
make[1]: Leaving directory '/home/viniciusmoraes/Documentos/Computação Gráfica/CG_UFPel/build/CMakeFiles/CMakeTmp'


Determining if the include file stdint.h exists passed with the following output:
Change Dir: /home/viniciusmoraes/Documentos/Computação Gráfica/CG_UFPel/build/CMakeFiles/CMakeTmp

Run Build Command:"/usr/bin/make" "cmTryCompileExec422790807/fast"
/usr/bin/make -f CMakeFiles/cmTryCompileExec422790807.dir/build.make CMakeFiles/cmTryCompileExec422790807.dir/build
make[1]: Entering directory '/home/viniciusmoraes/Documentos/Computação Gráfica/CG_UFPel/build/CMakeFiles/CMakeTmp'
/usr/bin/cmake -E cmake_progress_report "/home/viniciusmoraes/Documentos/Computação Gráfica/CG_UFPel/build/CMakeFiles/CMakeTmp/CMakeFiles" 1
Building C object CMakeFiles/cmTryCompileExec422790807.dir/CheckIncludeFile.c.o
/usr/bin/cc    -o CMakeFiles/cmTryCompileExec422790807.dir/CheckIncludeFile.c.o   -c "/home/viniciusmoraes/Documentos/Computação Gráfica/CG_UFPel/build/CMakeFiles/CMakeTmp/CheckIncludeFile.c"
Linking C executable cmTryCompileExec422790807
/usr/bin/cmake -E cmake_link_script CMakeFiles/cmTryCompileExec422790807.dir/link.txt --verbose=1
/usr/bin/cc       CMakeFiles/cmTryCompileExec422790807.dir/CheckIncludeFile.c.o  -o cmTryCompileExec422790807 -rdynamic 
make[1]: Leaving directory '/home/viniciusmoraes/Documentos/Computação Gráfica/CG_UFPel/build/CMakeFiles/CMakeTmp'


Determining if the include file stddef.h exists passed with the following output:
Change Dir: /home/viniciusmoraes/Documentos/Computação Gráfica/CG_UFPel/build/CMakeFiles/CMakeTmp

Run Build Command:"/usr/bin/make" "cmTryCompileExec471028791/fast"
/usr/bin/make -f CMakeFiles/cmTryCompileExec471028791.dir/build.make CMakeFiles/cmTryCompileExec471028791.dir/build
make[1]: Entering directory '/home/viniciusmoraes/Documentos/Computação Gráfica/CG_UFPel/build/CMakeFiles/CMakeTmp'
/usr/bin/cmake -E cmake_progress_report "/home/viniciusmoraes/Documentos/Computação Gráfica/CG_UFPel/build/CMakeFiles/CMakeTmp/CMakeFiles" 1
Building C object CMakeFiles/cmTryCompileExec471028791.dir/CheckIncludeFile.c.o
/usr/bin/cc    -o CMakeFiles/cmTryCompileExec471028791.dir/CheckIncludeFile.c.o   -c "/home/viniciusmoraes/Documentos/Computação Gráfica/CG_UFPel/build/CMakeFiles/CMakeTmp/CheckIncludeFile.c"
Linking C executable cmTryCompileExec471028791
/usr/bin/cmake -E cmake_link_script CMakeFiles/cmTryCompileExec471028791.dir/link.txt --verbose=1
/usr/bin/cc       CMakeFiles/cmTryCompileExec471028791.dir/CheckIncludeFile.c.o  -o cmTryCompileExec471028791 -rdynamic 
make[1]: Leaving directory '/home/viniciusmoraes/Documentos/Computação Gráfica/CG_UFPel/build/CMakeFiles/CMakeTmp'


Determining size of off64_t passed with the following output:
Change Dir: /home/viniciusmoraes/Documentos/Computação Gráfica/CG_UFPel/build/CMakeFiles/CMakeTmp

Run Build Command:"/usr/bin/make" "cmTryCompileExec91823444/fast"
/usr/bin/make -f CMakeFiles/cmTryCompileExec91823444.dir/build.make CMakeFiles/cmTryCompileExec91823444.dir/build
make[1]: Entering directory '/home/viniciusmoraes/Documentos/Computação Gráfica/CG_UFPel/build/CMakeFiles/CMakeTmp'
/usr/bin/cmake -E cmake_progress_report "/home/viniciusmoraes/Documentos/Computação Gráfica/CG_UFPel/build/CMakeFiles/CMakeTmp/CMakeFiles" 1
Building C object CMakeFiles/cmTryCompileExec91823444.dir/OFF64_T.c.o
/usr/bin/cc  -DHAVE_STDDEF_H -DHAVE_STDINT_H -DHAVE_SYS_TYPES_H -D_LARGEFILE64_SOURCE=1  -o CMakeFiles/cmTryCompileExec91823444.dir/OFF64_T.c.o   -c "/home/viniciusmoraes/Documentos/Computação Gráfica/CG_UFPel/build/CMakeFiles/CheckTypeSize/OFF64_T.c"
Linking C executable cmTryCompileExec91823444
/usr/bin/cmake -E cmake_link_script CMakeFiles/cmTryCompileExec91823444.dir/link.txt --verbose=1
/usr/bin/cc       CMakeFiles/cmTryCompileExec91823444.dir/OFF64_T.c.o  -o cmTryCompileExec91823444 -rdynamic 
make[1]: Leaving directory '/home/viniciusmoraes/Documentos/Computação Gráfica/CG_UFPel/build/CMakeFiles/CMakeTmp'


Determining if the function fseeko exists passed with the following output:
Change Dir: /home/viniciusmoraes/Documentos/Computação Gráfica/CG_UFPel/build/CMakeFiles/CMakeTmp

Run Build Command:"/usr/bin/make" "cmTryCompileExec4237037708/fast"
/usr/bin/make -f CMakeFiles/cmTryCompileExec4237037708.dir/build.make CMakeFiles/cmTryCompileExec4237037708.dir/build
make[1]: Entering directory '/home/viniciusmoraes/Documentos/Computação Gráfica/CG_UFPel/build/CMakeFiles/CMakeTmp'
/usr/bin/cmake -E cmake_progress_report "/home/viniciusmoraes/Documentos/Computação Gráfica/CG_UFPel/build/CMakeFiles/CMakeTmp/CMakeFiles" 1
Building C object CMakeFiles/cmTryCompileExec4237037708.dir/CheckFunctionExists.c.o
/usr/bin/cc   -DCHECK_FUNCTION_EXISTS=fseeko   -o CMakeFiles/cmTryCompileExec4237037708.dir/CheckFunctionExists.c.o   -c /usr/share/cmake-3.0/Modules/CheckFunctionExists.c
Linking C executable cmTryCompileExec4237037708
/usr/bin/cmake -E cmake_link_script CMakeFiles/cmTryCompileExec4237037708.dir/link.txt --verbose=1
/usr/bin/cc   -DCHECK_FUNCTION_EXISTS=fseeko    CMakeFiles/cmTryCompileExec4237037708.dir/CheckFunctionExists.c.o  -o cmTryCompileExec4237037708 -rdynamic 
make[1]: Leaving directory '/home/viniciusmoraes/Documentos/Computação Gráfica/CG_UFPel/build/CMakeFiles/CMakeTmp'


Determining if the include file unistd.h exists passed with the following output:
Change Dir: /home/viniciusmoraes/Documentos/Computação Gráfica/CG_UFPel/build/CMakeFiles/CMakeTmp

Run Build Command:"/usr/bin/make" "cmTryCompileExec338744471/fast"
/usr/bin/make -f CMakeFiles/cmTryCompileExec338744471.dir/build.make CMakeFiles/cmTryCompileExec338744471.dir/build
make[1]: Entering directory '/home/viniciusmoraes/Documentos/Computação Gráfica/CG_UFPel/build/CMakeFiles/CMakeTmp'
/usr/bin/cmake -E cmake_progress_report "/home/viniciusmoraes/Documentos/Computação Gráfica/CG_UFPel/build/CMakeFiles/CMakeTmp/CMakeFiles" 1
Building C object CMakeFiles/cmTryCompileExec338744471.dir/CheckIncludeFile.c.o
/usr/bin/cc    -o CMakeFiles/cmTryCompileExec338744471.dir/CheckIncludeFile.c.o   -c "/home/viniciusmoraes/Documentos/Computação Gráfica/CG_UFPel/build/CMakeFiles/CMakeTmp/CheckIncludeFile.c"
Linking C executable cmTryCompileExec338744471
/usr/bin/cmake -E cmake_link_script CMakeFiles/cmTryCompileExec338744471.dir/link.txt --verbose=1
/usr/bin/cc       CMakeFiles/cmTryCompileExec338744471.dir/CheckIncludeFile.c.o  -o cmTryCompileExec338744471 -rdynamic 
make[1]: Leaving directory '/home/viniciusmoraes/Documentos/Computação Gráfica/CG_UFPel/build/CMakeFiles/CMakeTmp'


