Determining if the pthread_create exist failed with the following output:
Change Dir: /home/viniciusmoraes/Documentos/Computação Gráfica/CG_UFPel/build/CMakeFiles/CMakeTmp

Run Build Command:"/usr/bin/make" "cmTryCompileExec3785585640/fast"
/usr/bin/make -f CMakeFiles/cmTryCompileExec3785585640.dir/build.make CMakeFiles/cmTryCompileExec3785585640.dir/build
make[1]: Entering directory '/home/viniciusmoraes/Documentos/Computação Gráfica/CG_UFPel/build/CMakeFiles/CMakeTmp'
/usr/bin/cmake -E cmake_progress_report "/home/viniciusmoraes/Documentos/Computação Gráfica/CG_UFPel/build/CMakeFiles/CMakeTmp/CMakeFiles" 1
Building C object CMakeFiles/cmTryCompileExec3785585640.dir/CheckSymbolExists.c.o
/usr/bin/cc    -o CMakeFiles/cmTryCompileExec3785585640.dir/CheckSymbolExists.c.o   -c "/home/viniciusmoraes/Documentos/Computação Gráfica/CG_UFPel/build/CMakeFiles/CMakeTmp/CheckSymbolExists.c"
Linking C executable cmTryCompileExec3785585640
/usr/bin/cmake -E cmake_link_script CMakeFiles/cmTryCompileExec3785585640.dir/link.txt --verbose=1
/usr/bin/cc       CMakeFiles/cmTryCompileExec3785585640.dir/CheckSymbolExists.c.o  -o cmTryCompileExec3785585640 -rdynamic 
CMakeFiles/cmTryCompileExec3785585640.dir/CheckSymbolExists.c.o: na função `main':
CheckSymbolExists.c:(.text+0x16): referência indefinida para `pthread_create'
collect2: error: ld returned 1 exit status
CMakeFiles/cmTryCompileExec3785585640.dir/build.make:88: recipe for target 'cmTryCompileExec3785585640' failed
make[1]: *** [cmTryCompileExec3785585640] Error 1
make[1]: Leaving directory '/home/viniciusmoraes/Documentos/Computação Gráfica/CG_UFPel/build/CMakeFiles/CMakeTmp'
Makefile:118: recipe for target 'cmTryCompileExec3785585640/fast' failed
make: *** [cmTryCompileExec3785585640/fast] Error 2

File /home/viniciusmoraes/Documentos/Computação Gráfica/CG_UFPel/build/CMakeFiles/CMakeTmp/CheckSymbolExists.c:
/* */
#include <pthread.h>

int main(int argc, char** argv)
{
  (void)argv;
#ifndef pthread_create
  return ((int*)(&pthread_create))[argc];
#else
  (void)argc;
  return 0;
#endif
}

Determining if the function pthread_create exists in the pthreads failed with the following output:
Change Dir: /home/viniciusmoraes/Documentos/Computação Gráfica/CG_UFPel/build/CMakeFiles/CMakeTmp

Run Build Command:"/usr/bin/make" "cmTryCompileExec2789943192/fast"
/usr/bin/make -f CMakeFiles/cmTryCompileExec2789943192.dir/build.make CMakeFiles/cmTryCompileExec2789943192.dir/build
make[1]: Entering directory '/home/viniciusmoraes/Documentos/Computação Gráfica/CG_UFPel/build/CMakeFiles/CMakeTmp'
/usr/bin/cmake -E cmake_progress_report "/home/viniciusmoraes/Documentos/Computação Gráfica/CG_UFPel/build/CMakeFiles/CMakeTmp/CMakeFiles" 1
Building C object CMakeFiles/cmTryCompileExec2789943192.dir/CheckFunctionExists.c.o
/usr/bin/cc   -DCHECK_FUNCTION_EXISTS=pthread_create   -o CMakeFiles/cmTryCompileExec2789943192.dir/CheckFunctionExists.c.o   -c /usr/share/cmake-3.0/Modules/CheckFunctionExists.c
Linking C executable cmTryCompileExec2789943192
/usr/bin/cmake -E cmake_link_script CMakeFiles/cmTryCompileExec2789943192.dir/link.txt --verbose=1
/usr/bin/cc   -DCHECK_FUNCTION_EXISTS=pthread_create    CMakeFiles/cmTryCompileExec2789943192.dir/CheckFunctionExists.c.o  -o cmTryCompileExec2789943192 -rdynamic -lpthreads 
/usr/bin/ld: não foi possível encontrar -lpthreads
collect2: error: ld returned 1 exit status
CMakeFiles/cmTryCompileExec2789943192.dir/build.make:88: recipe for target 'cmTryCompileExec2789943192' failed
make[1]: *** [cmTryCompileExec2789943192] Error 1
make[1]: Leaving directory '/home/viniciusmoraes/Documentos/Computação Gráfica/CG_UFPel/build/CMakeFiles/CMakeTmp'
Makefile:118: recipe for target 'cmTryCompileExec2789943192/fast' failed
make: *** [cmTryCompileExec2789943192/fast] Error 2


Determining if the function glXGetProcAddressEXT exists failed with the following output:
Change Dir: /home/viniciusmoraes/Documentos/Computação Gráfica/CG_UFPel/build/CMakeFiles/CMakeTmp

Run Build Command:"/usr/bin/make" "cmTryCompileExec1586611597/fast"
/usr/bin/make -f CMakeFiles/cmTryCompileExec1586611597.dir/build.make CMakeFiles/cmTryCompileExec1586611597.dir/build
make[1]: Entering directory '/home/viniciusmoraes/Documentos/Computação Gráfica/CG_UFPel/build/CMakeFiles/CMakeTmp'
/usr/bin/cmake -E cmake_progress_report "/home/viniciusmoraes/Documentos/Computação Gráfica/CG_UFPel/build/CMakeFiles/CMakeTmp/CMakeFiles" 1
Building C object CMakeFiles/cmTryCompileExec1586611597.dir/CheckFunctionExists.c.o
/usr/bin/cc   -DCHECK_FUNCTION_EXISTS=glXGetProcAddressEXT   -o CMakeFiles/cmTryCompileExec1586611597.dir/CheckFunctionExists.c.o   -c /usr/share/cmake-3.0/Modules/CheckFunctionExists.c
Linking C executable cmTryCompileExec1586611597
/usr/bin/cmake -E cmake_link_script CMakeFiles/cmTryCompileExec1586611597.dir/link.txt --verbose=1
/usr/bin/cc   -DCHECK_FUNCTION_EXISTS=glXGetProcAddressEXT    CMakeFiles/cmTryCompileExec1586611597.dir/CheckFunctionExists.c.o  -o cmTryCompileExec1586611597 -rdynamic -lGL 
CMakeFiles/cmTryCompileExec1586611597.dir/CheckFunctionExists.c.o: na função `main':
CheckFunctionExists.c:(.text+0x15): referência indefinida para `glXGetProcAddressEXT'
collect2: error: ld returned 1 exit status
CMakeFiles/cmTryCompileExec1586611597.dir/build.make:89: recipe for target 'cmTryCompileExec1586611597' failed
make[1]: Leaving directory '/home/viniciusmoraes/Documentos/Computação Gráfica/CG_UFPel/build/CMakeFiles/CMakeTmp'
make[1]: *** [cmTryCompileExec1586611597] Error 1
Makefile:118: recipe for target 'cmTryCompileExec1586611597/fast' failed
make: *** [cmTryCompileExec1586611597/fast] Error 2


