The system is: Linux - 3.19.0-26-generic - x86_64
Compiling the C compiler identification source file "CMakeCCompilerId.c" succeeded.
Compiler: /usr/bin/cc 
Build flags: 
Id flags: 

The output was:
0


Compilation of the C compiler identification source "CMakeCCompilerId.c" produced "a.out"

The C compiler identification is GNU, found in "/home/viniciusmoraes/Computacao Grafica/cg_ufpel/Trabalho 2/CMakeFiles/3.0.2/CompilerIdC/a.out"

Compiling the CXX compiler identification source file "CMakeCXXCompilerId.cpp" succeeded.
Compiler: /usr/bin/c++ 
Build flags: 
Id flags: 

The output was:
0


Compilation of the CXX compiler identification source "CMakeCXXCompilerId.cpp" produced "a.out"

The CXX compiler identification is GNU, found in "/home/viniciusmoraes/Computacao Grafica/cg_ufpel/Trabalho 2/CMakeFiles/3.0.2/CompilerIdCXX/a.out"

Determining if the C compiler works passed with the following output:
Change Dir: /home/viniciusmoraes/Computacao Grafica/cg_ufpel/Trabalho 2/CMakeFiles/CMakeTmp

Run Build Command:"/usr/bin/make" "cmTryCompileExec461969683/fast"
/usr/bin/make -f CMakeFiles/cmTryCompileExec461969683.dir/build.make CMakeFiles/cmTryCompileExec461969683.dir/build
make[1]: Entering directory '/home/viniciusmoraes/Computacao Grafica/cg_ufpel/Trabalho 2/CMakeFiles/CMakeTmp'
/usr/bin/cmake -E cmake_progress_report "/home/viniciusmoraes/Computacao Grafica/cg_ufpel/Trabalho 2/CMakeFiles/CMakeTmp/CMakeFiles" 1
Building C object CMakeFiles/cmTryCompileExec461969683.dir/testCCompiler.c.o
/usr/bin/cc    -o CMakeFiles/cmTryCompileExec461969683.dir/testCCompiler.c.o   -c "/home/viniciusmoraes/Computacao Grafica/cg_ufpel/Trabalho 2/CMakeFiles/CMakeTmp/testCCompiler.c"
Linking C executable cmTryCompileExec461969683
/usr/bin/cmake -E cmake_link_script CMakeFiles/cmTryCompileExec461969683.dir/link.txt --verbose=1
/usr/bin/cc       CMakeFiles/cmTryCompileExec461969683.dir/testCCompiler.c.o  -o cmTryCompileExec461969683 -rdynamic 
make[1]: Leaving directory '/home/viniciusmoraes/Computacao Grafica/cg_ufpel/Trabalho 2/CMakeFiles/CMakeTmp'


Detecting C compiler ABI info compiled with the following output:
Change Dir: /home/viniciusmoraes/Computacao Grafica/cg_ufpel/Trabalho 2/CMakeFiles/CMakeTmp

Run Build Command:"/usr/bin/make" "cmTryCompileExec4271281860/fast"
/usr/bin/make -f CMakeFiles/cmTryCompileExec4271281860.dir/build.make CMakeFiles/cmTryCompileExec4271281860.dir/build
make[1]: Entering directory '/home/viniciusmoraes/Computacao Grafica/cg_ufpel/Trabalho 2/CMakeFiles/CMakeTmp'
/usr/bin/cmake -E cmake_progress_report "/home/viniciusmoraes/Computacao Grafica/cg_ufpel/Trabalho 2/CMakeFiles/CMakeTmp/CMakeFiles" 1
Building C object CMakeFiles/cmTryCompileExec4271281860.dir/CMakeCCompilerABI.c.o
/usr/bin/cc    -o CMakeFiles/cmTryCompileExec4271281860.dir/CMakeCCompilerABI.c.o   -c /usr/share/cmake-3.0/Modules/CMakeCCompilerABI.c
Linking C executable cmTryCompileExec4271281860
/usr/bin/cmake -E cmake_link_script CMakeFiles/cmTryCompileExec4271281860.dir/link.txt --verbose=1
/usr/bin/cc     -v CMakeFiles/cmTryCompileExec4271281860.dir/CMakeCCompilerABI.c.o  -o cmTryCompileExec4271281860 -rdynamic  
Using built-in specs.
COLLECT_GCC=/usr/bin/cc
COLLECT_LTO_WRAPPER=/usr/lib/gcc/x86_64-linux-gnu/4.9/lto-wrapper
Target: x86_64-linux-gnu
Configured with: ../src/configure -v --with-pkgversion='Ubuntu 4.9.2-10ubuntu13' --with-bugurl=file:///usr/share/doc/gcc-4.9/README.Bugs --enable-languages=c,c++,java,go,d,fortran,objc,obj-c++ --prefix=/usr --program-suffix=-4.9 --enable-shared --enable-linker-build-id --libexecdir=/usr/lib --without-included-gettext --enable-threads=posix --with-gxx-include-dir=/usr/include/c++/4.9 --libdir=/usr/lib --enable-nls --with-sysroot=/ --enable-clocale=gnu --enable-libstdcxx-debug --enable-libstdcxx-time=yes --enable-gnu-unique-object --disable-vtable-verify --enable-plugin --with-system-zlib --disable-browser-plugin --enable-java-awt=gtk --enable-gtk-cairo --with-java-home=/usr/lib/jvm/java-1.5.0-gcj-4.9-amd64/jre --enable-java-home --with-jvm-root-dir=/usr/lib/jvm/java-1.5.0-gcj-4.9-amd64 --with-jvm-jar-dir=/usr/lib/jvm-exports/java-1.5.0-gcj-4.9-amd64 --with-arch-directory=amd64 --with-ecj-jar=/usr/share/java/eclipse-ecj.jar --enable-objc-gc --enable-multiarch --disable-werror --with-arch-32=i686 --with-abi=m64 --with-multilib-list=m32,m64,mx32 --enable-multilib --with-tune=generic --enable-checking=release --build=x86_64-linux-gnu --host=x86_64-linux-gnu --target=x86_64-linux-gnu
Thread model: posix
gcc version 4.9.2 (Ubuntu 4.9.2-10ubuntu13) 
COMPILER_PATH=/usr/lib/gcc/x86_64-linux-gnu/4.9/:/usr/lib/gcc/x86_64-linux-gnu/4.9/:/usr/lib/gcc/x86_64-linux-gnu/:/usr/lib/gcc/x86_64-linux-gnu/4.9/:/usr/lib/gcc/x86_64-linux-gnu/
LIBRARY_PATH=/usr/lib/gcc/x86_64-linux-gnu/4.9/:/usr/lib/gcc/x86_64-linux-gnu/4.9/../../../x86_64-linux-gnu/:/usr/lib/gcc/x86_64-linux-gnu/4.9/../../../../lib/:/lib/x86_64-linux-gnu/:/lib/../lib/:/usr/lib/x86_64-linux-gnu/:/usr/lib/../lib/:/usr/lib/gcc/x86_64-linux-gnu/4.9/../../../:/lib/:/usr/lib/
COLLECT_GCC_OPTIONS='-v' '-o' 'cmTryCompileExec4271281860' '-rdynamic' '-mtune=generic' '-march=x86-64'
 /usr/lib/gcc/x86_64-linux-gnu/4.9/collect2 -plugin /usr/lib/gcc/x86_64-linux-gnu/4.9/liblto_plugin.so -plugin-opt=/usr/lib/gcc/x86_64-linux-gnu/4.9/lto-wrapper -plugin-opt=-fresolution=/tmp/ccD3pUeb.res -plugin-opt=-pass-through=-lgcc -plugin-opt=-pass-through=-lgcc_s -plugin-opt=-pass-through=-lc -plugin-opt=-pass-through=-lgcc -plugin-opt=-pass-through=-lgcc_s --sysroot=/ --build-id --eh-frame-hdr -m elf_x86_64 --hash-style=gnu --as-needed -export-dynamic -dynamic-linker /lib64/ld-linux-x86-64.so.2 -z relro -o cmTryCompileExec4271281860 /usr/lib/gcc/x86_64-linux-gnu/4.9/../../../x86_64-linux-gnu/crt1.o /usr/lib/gcc/x86_64-linux-gnu/4.9/../../../x86_64-linux-gnu/crti.o /usr/lib/gcc/x86_64-linux-gnu/4.9/crtbegin.o -L/usr/lib/gcc/x86_64-linux-gnu/4.9 -L/usr/lib/gcc/x86_64-linux-gnu/4.9/../../../x86_64-linux-gnu -L/usr/lib/gcc/x86_64-linux-gnu/4.9/../../../../lib -L/lib/x86_64-linux-gnu -L/lib/../lib -L/usr/lib/x86_64-linux-gnu -L/usr/lib/../lib -L/usr/lib/gcc/x86_64-linux-gnu/4.9/../../.. CMakeFiles/cmTryCompileExec4271281860.dir/CMakeCCompilerABI.c.o -lgcc --as-needed -lgcc_s --no-as-needed -lc -lgcc --as-needed -lgcc_s --no-as-needed /usr/lib/gcc/x86_64-linux-gnu/4.9/crtend.o /usr/lib/gcc/x86_64-linux-gnu/4.9/../../../x86_64-linux-gnu/crtn.o
make[1]: Leaving directory '/home/viniciusmoraes/Computacao Grafica/cg_ufpel/Trabalho 2/CMakeFiles/CMakeTmp'


Parsed C implicit link information from above output:
  link line regex: [^( *|.*[/\])(ld|([^/\]+-)?ld|collect2)[^/\]*( |$)]
  ignore line: [Change Dir: /home/viniciusmoraes/Computacao Grafica/cg_ufpel/Trabalho 2/CMakeFiles/CMakeTmp]
  ignore line: []
  ignore line: [Run Build Command:"/usr/bin/make" "cmTryCompileExec4271281860/fast"]
  ignore line: [/usr/bin/make -f CMakeFiles/cmTryCompileExec4271281860.dir/build.make CMakeFiles/cmTryCompileExec4271281860.dir/build]
  ignore line: [make[1]: Entering directory '/home/viniciusmoraes/Computacao Grafica/cg_ufpel/Trabalho 2/CMakeFiles/CMakeTmp']
  ignore line: [/usr/bin/cmake -E cmake_progress_report "/home/viniciusmoraes/Computacao Grafica/cg_ufpel/Trabalho 2/CMakeFiles/CMakeTmp/CMakeFiles" 1]
  ignore line: [Building C object CMakeFiles/cmTryCompileExec4271281860.dir/CMakeCCompilerABI.c.o]
  ignore line: [/usr/bin/cc    -o CMakeFiles/cmTryCompileExec4271281860.dir/CMakeCCompilerABI.c.o   -c /usr/share/cmake-3.0/Modules/CMakeCCompilerABI.c]
  ignore line: [Linking C executable cmTryCompileExec4271281860]
  ignore line: [/usr/bin/cmake -E cmake_link_script CMakeFiles/cmTryCompileExec4271281860.dir/link.txt --verbose=1]
  ignore line: [/usr/bin/cc     -v CMakeFiles/cmTryCompileExec4271281860.dir/CMakeCCompilerABI.c.o  -o cmTryCompileExec4271281860 -rdynamic  ]
  ignore line: [Using built-in specs.]
  ignore line: [COLLECT_GCC=/usr/bin/cc]
  ignore line: [COLLECT_LTO_WRAPPER=/usr/lib/gcc/x86_64-linux-gnu/4.9/lto-wrapper]
  ignore line: [Target: x86_64-linux-gnu]
  ignore line: [Configured with: ../src/configure -v --with-pkgversion='Ubuntu 4.9.2-10ubuntu13' --with-bugurl=file:///usr/share/doc/gcc-4.9/README.Bugs --enable-languages=c,c++,java,go,d,fortran,objc,obj-c++ --prefix=/usr --program-suffix=-4.9 --enable-shared --enable-linker-build-id --libexecdir=/usr/lib --without-included-gettext --enable-threads=posix --with-gxx-include-dir=/usr/include/c++/4.9 --libdir=/usr/lib --enable-nls --with-sysroot=/ --enable-clocale=gnu --enable-libstdcxx-debug --enable-libstdcxx-time=yes --enable-gnu-unique-object --disable-vtable-verify --enable-plugin --with-system-zlib --disable-browser-plugin --enable-java-awt=gtk --enable-gtk-cairo --with-java-home=/usr/lib/jvm/java-1.5.0-gcj-4.9-amd64/jre --enable-java-home --with-jvm-root-dir=/usr/lib/jvm/java-1.5.0-gcj-4.9-amd64 --with-jvm-jar-dir=/usr/lib/jvm-exports/java-1.5.0-gcj-4.9-amd64 --with-arch-directory=amd64 --with-ecj-jar=/usr/share/java/eclipse-ecj.jar --enable-objc-gc --enable-multiarch --disable-werror --with-arch-32=i686 --with-abi=m64 --with-multilib-list=m32,m64,mx32 --enable-multilib --with-tune=generic --enable-checking=release --build=x86_64-linux-gnu --host=x86_64-linux-gnu --target=x86_64-linux-gnu]
  ignore line: [Thread model: posix]
  ignore line: [gcc version 4.9.2 (Ubuntu 4.9.2-10ubuntu13) ]
  ignore line: [COMPILER_PATH=/usr/lib/gcc/x86_64-linux-gnu/4.9/:/usr/lib/gcc/x86_64-linux-gnu/4.9/:/usr/lib/gcc/x86_64-linux-gnu/:/usr/lib/gcc/x86_64-linux-gnu/4.9/:/usr/lib/gcc/x86_64-linux-gnu/]
  ignore line: [LIBRARY_PATH=/usr/lib/gcc/x86_64-linux-gnu/4.9/:/usr/lib/gcc/x86_64-linux-gnu/4.9/../../../x86_64-linux-gnu/:/usr/lib/gcc/x86_64-linux-gnu/4.9/../../../../lib/:/lib/x86_64-linux-gnu/:/lib/../lib/:/usr/lib/x86_64-linux-gnu/:/usr/lib/../lib/:/usr/lib/gcc/x86_64-linux-gnu/4.9/../../../:/lib/:/usr/lib/]
  ignore line: [COLLECT_GCC_OPTIONS='-v' '-o' 'cmTryCompileExec4271281860' '-rdynamic' '-mtune=generic' '-march=x86-64']
  link line: [ /usr/lib/gcc/x86_64-linux-gnu/4.9/collect2 -plugin /usr/lib/gcc/x86_64-linux-gnu/4.9/liblto_plugin.so -plugin-opt=/usr/lib/gcc/x86_64-linux-gnu/4.9/lto-wrapper -plugin-opt=-fresolution=/tmp/ccD3pUeb.res -plugin-opt=-pass-through=-lgcc -plugin-opt=-pass-through=-lgcc_s -plugin-opt=-pass-through=-lc -plugin-opt=-pass-through=-lgcc -plugin-opt=-pass-through=-lgcc_s --sysroot=/ --build-id --eh-frame-hdr -m elf_x86_64 --hash-style=gnu --as-needed -export-dynamic -dynamic-linker /lib64/ld-linux-x86-64.so.2 -z relro -o cmTryCompileExec4271281860 /usr/lib/gcc/x86_64-linux-gnu/4.9/../../../x86_64-linux-gnu/crt1.o /usr/lib/gcc/x86_64-linux-gnu/4.9/../../../x86_64-linux-gnu/crti.o /usr/lib/gcc/x86_64-linux-gnu/4.9/crtbegin.o -L/usr/lib/gcc/x86_64-linux-gnu/4.9 -L/usr/lib/gcc/x86_64-linux-gnu/4.9/../../../x86_64-linux-gnu -L/usr/lib/gcc/x86_64-linux-gnu/4.9/../../../../lib -L/lib/x86_64-linux-gnu -L/lib/../lib -L/usr/lib/x86_64-linux-gnu -L/usr/lib/../lib -L/usr/lib/gcc/x86_64-linux-gnu/4.9/../../.. CMakeFiles/cmTryCompileExec4271281860.dir/CMakeCCompilerABI.c.o -lgcc --as-needed -lgcc_s --no-as-needed -lc -lgcc --as-needed -lgcc_s --no-as-needed /usr/lib/gcc/x86_64-linux-gnu/4.9/crtend.o /usr/lib/gcc/x86_64-linux-gnu/4.9/../../../x86_64-linux-gnu/crtn.o]
    arg [/usr/lib/gcc/x86_64-linux-gnu/4.9/collect2] ==> ignore
    arg [-plugin] ==> ignore
    arg [/usr/lib/gcc/x86_64-linux-gnu/4.9/liblto_plugin.so] ==> ignore
    arg [-plugin-opt=/usr/lib/gcc/x86_64-linux-gnu/4.9/lto-wrapper] ==> ignore
    arg [-plugin-opt=-fresolution=/tmp/ccD3pUeb.res] ==> ignore
    arg [-plugin-opt=-pass-through=-lgcc] ==> ignore
    arg [-plugin-opt=-pass-through=-lgcc_s] ==> ignore
    arg [-plugin-opt=-pass-through=-lc] ==> ignore
    arg [-plugin-opt=-pass-through=-lgcc] ==> ignore
    arg [-plugin-opt=-pass-through=-lgcc_s] ==> ignore
    arg [--sysroot=/] ==> ignore
    arg [--build-id] ==> ignore
    arg [--eh-frame-hdr] ==> ignore
    arg [-m] ==> ignore
    arg [elf_x86_64] ==> ignore
    arg [--hash-style=gnu] ==> ignore
    arg [--as-needed] ==> ignore
    arg [-export-dynamic] ==> ignore
    arg [-dynamic-linker] ==> ignore
    arg [/lib64/ld-linux-x86-64.so.2] ==> ignore
    arg [-zrelro] ==> ignore
    arg [-o] ==> ignore
    arg [cmTryCompileExec4271281860] ==> ignore
    arg [/usr/lib/gcc/x86_64-linux-gnu/4.9/../../../x86_64-linux-gnu/crt1.o] ==> ignore
    arg [/usr/lib/gcc/x86_64-linux-gnu/4.9/../../../x86_64-linux-gnu/crti.o] ==> ignore
    arg [/usr/lib/gcc/x86_64-linux-gnu/4.9/crtbegin.o] ==> ignore
    arg [-L/usr/lib/gcc/x86_64-linux-gnu/4.9] ==> dir [/usr/lib/gcc/x86_64-linux-gnu/4.9]
    arg [-L/usr/lib/gcc/x86_64-linux-gnu/4.9/../../../x86_64-linux-gnu] ==> dir [/usr/lib/gcc/x86_64-linux-gnu/4.9/../../../x86_64-linux-gnu]
    arg [-L/usr/lib/gcc/x86_64-linux-gnu/4.9/../../../../lib] ==> dir [/usr/lib/gcc/x86_64-linux-gnu/4.9/../../../../lib]
    arg [-L/lib/x86_64-linux-gnu] ==> dir [/lib/x86_64-linux-gnu]
    arg [-L/lib/../lib] ==> dir [/lib/../lib]
    arg [-L/usr/lib/x86_64-linux-gnu] ==> dir [/usr/lib/x86_64-linux-gnu]
    arg [-L/usr/lib/../lib] ==> dir [/usr/lib/../lib]
    arg [-L/usr/lib/gcc/x86_64-linux-gnu/4.9/../../..] ==> dir [/usr/lib/gcc/x86_64-linux-gnu/4.9/../../..]
    arg [CMakeFiles/cmTryCompileExec4271281860.dir/CMakeCCompilerABI.c.o] ==> ignore
    arg [-lgcc] ==> lib [gcc]
    arg [--as-needed] ==> ignore
    arg [-lgcc_s] ==> lib [gcc_s]
    arg [--no-as-needed] ==> ignore
    arg [-lc] ==> lib [c]
    arg [-lgcc] ==> lib [gcc]
    arg [--as-needed] ==> ignore
    arg [-lgcc_s] ==> lib [gcc_s]
    arg [--no-as-needed] ==> ignore
    arg [/usr/lib/gcc/x86_64-linux-gnu/4.9/crtend.o] ==> ignore
    arg [/usr/lib/gcc/x86_64-linux-gnu/4.9/../../../x86_64-linux-gnu/crtn.o] ==> ignore
  remove lib [gcc]
  remove lib [gcc_s]
  remove lib [gcc]
  remove lib [gcc_s]
  collapse library dir [/usr/lib/gcc/x86_64-linux-gnu/4.9] ==> [/usr/lib/gcc/x86_64-linux-gnu/4.9]
  collapse library dir [/usr/lib/gcc/x86_64-linux-gnu/4.9/../../../x86_64-linux-gnu] ==> [/usr/lib/x86_64-linux-gnu]
  collapse library dir [/usr/lib/gcc/x86_64-linux-gnu/4.9/../../../../lib] ==> [/usr/lib]
  collapse library dir [/lib/x86_64-linux-gnu] ==> [/lib/x86_64-linux-gnu]
  collapse library dir [/lib/../lib] ==> [/lib]
  collapse library dir [/usr/lib/x86_64-linux-gnu] ==> [/usr/lib/x86_64-linux-gnu]
  collapse library dir [/usr/lib/../lib] ==> [/usr/lib]
  collapse library dir [/usr/lib/gcc/x86_64-linux-gnu/4.9/../../..] ==> [/usr/lib]
  implicit libs: [c]
  implicit dirs: [/usr/lib/gcc/x86_64-linux-gnu/4.9;/usr/lib/x86_64-linux-gnu;/usr/lib;/lib/x86_64-linux-gnu;/lib]
  implicit fwks: []


Determining if the CXX compiler works passed with the following output:
Change Dir: /home/viniciusmoraes/Computacao Grafica/cg_ufpel/Trabalho 2/CMakeFiles/CMakeTmp

Run Build Command:"/usr/bin/make" "cmTryCompileExec4079407489/fast"
/usr/bin/make -f CMakeFiles/cmTryCompileExec4079407489.dir/build.make CMakeFiles/cmTryCompileExec4079407489.dir/build
make[1]: Entering directory '/home/viniciusmoraes/Computacao Grafica/cg_ufpel/Trabalho 2/CMakeFiles/CMakeTmp'
/usr/bin/cmake -E cmake_progress_report "/home/viniciusmoraes/Computacao Grafica/cg_ufpel/Trabalho 2/CMakeFiles/CMakeTmp/CMakeFiles" 1
Building CXX object CMakeFiles/cmTryCompileExec4079407489.dir/testCXXCompiler.cxx.o
/usr/bin/c++     -o CMakeFiles/cmTryCompileExec4079407489.dir/testCXXCompiler.cxx.o -c "/home/viniciusmoraes/Computacao Grafica/cg_ufpel/Trabalho 2/CMakeFiles/CMakeTmp/testCXXCompiler.cxx"
Linking CXX executable cmTryCompileExec4079407489
/usr/bin/cmake -E cmake_link_script CMakeFiles/cmTryCompileExec4079407489.dir/link.txt --verbose=1
/usr/bin/c++        CMakeFiles/cmTryCompileExec4079407489.dir/testCXXCompiler.cxx.o  -o cmTryCompileExec4079407489 -rdynamic 
make[1]: Leaving directory '/home/viniciusmoraes/Computacao Grafica/cg_ufpel/Trabalho 2/CMakeFiles/CMakeTmp'


Detecting CXX compiler ABI info compiled with the following output:
Change Dir: /home/viniciusmoraes/Computacao Grafica/cg_ufpel/Trabalho 2/CMakeFiles/CMakeTmp

Run Build Command:"/usr/bin/make" "cmTryCompileExec216849689/fast"
/usr/bin/make -f CMakeFiles/cmTryCompileExec216849689.dir/build.make CMakeFiles/cmTryCompileExec216849689.dir/build
make[1]: Entering directory '/home/viniciusmoraes/Computacao Grafica/cg_ufpel/Trabalho 2/CMakeFiles/CMakeTmp'
/usr/bin/cmake -E cmake_progress_report "/home/viniciusmoraes/Computacao Grafica/cg_ufpel/Trabalho 2/CMakeFiles/CMakeTmp/CMakeFiles" 1
Building CXX object CMakeFiles/cmTryCompileExec216849689.dir/CMakeCXXCompilerABI.cpp.o
/usr/bin/c++     -o CMakeFiles/cmTryCompileExec216849689.dir/CMakeCXXCompilerABI.cpp.o -c /usr/share/cmake-3.0/Modules/CMakeCXXCompilerABI.cpp
Linking CXX executable cmTryCompileExec216849689
/usr/bin/cmake -E cmake_link_script CMakeFiles/cmTryCompileExec216849689.dir/link.txt --verbose=1
/usr/bin/c++      -v CMakeFiles/cmTryCompileExec216849689.dir/CMakeCXXCompilerABI.cpp.o  -o cmTryCompileExec216849689 -rdynamic  
Using built-in specs.
COLLECT_GCC=/usr/bin/c++
COLLECT_LTO_WRAPPER=/usr/lib/gcc/x86_64-linux-gnu/4.9/lto-wrapper
Target: x86_64-linux-gnu
Configured with: ../src/configure -v --with-pkgversion='Ubuntu 4.9.2-10ubuntu13' --with-bugurl=file:///usr/share/doc/gcc-4.9/README.Bugs --enable-languages=c,c++,java,go,d,fortran,objc,obj-c++ --prefix=/usr --program-suffix=-4.9 --enable-shared --enable-linker-build-id --libexecdir=/usr/lib --without-included-gettext --enable-threads=posix --with-gxx-include-dir=/usr/include/c++/4.9 --libdir=/usr/lib --enable-nls --with-sysroot=/ --enable-clocale=gnu --enable-libstdcxx-debug --enable-libstdcxx-time=yes --enable-gnu-unique-object --disable-vtable-verify --enable-plugin --with-system-zlib --disable-browser-plugin --enable-java-awt=gtk --enable-gtk-cairo --with-java-home=/usr/lib/jvm/java-1.5.0-gcj-4.9-amd64/jre --enable-java-home --with-jvm-root-dir=/usr/lib/jvm/java-1.5.0-gcj-4.9-amd64 --with-jvm-jar-dir=/usr/lib/jvm-exports/java-1.5.0-gcj-4.9-amd64 --with-arch-directory=amd64 --with-ecj-jar=/usr/share/java/eclipse-ecj.jar --enable-objc-gc --enable-multiarch --disable-werror --with-arch-32=i686 --with-abi=m64 --with-multilib-list=m32,m64,mx32 --enable-multilib --with-tune=generic --enable-checking=release --build=x86_64-linux-gnu --host=x86_64-linux-gnu --target=x86_64-linux-gnu
Thread model: posix
gcc version 4.9.2 (Ubuntu 4.9.2-10ubuntu13) 
COMPILER_PATH=/usr/lib/gcc/x86_64-linux-gnu/4.9/:/usr/lib/gcc/x86_64-linux-gnu/4.9/:/usr/lib/gcc/x86_64-linux-gnu/:/usr/lib/gcc/x86_64-linux-gnu/4.9/:/usr/lib/gcc/x86_64-linux-gnu/
LIBRARY_PATH=/usr/lib/gcc/x86_64-linux-gnu/4.9/:/usr/lib/gcc/x86_64-linux-gnu/4.9/../../../x86_64-linux-gnu/:/usr/lib/gcc/x86_64-linux-gnu/4.9/../../../../lib/:/lib/x86_64-linux-gnu/:/lib/../lib/:/usr/lib/x86_64-linux-gnu/:/usr/lib/../lib/:/usr/lib/gcc/x86_64-linux-gnu/4.9/../../../:/lib/:/usr/lib/
COLLECT_GCC_OPTIONS='-v' '-o' 'cmTryCompileExec216849689' '-rdynamic' '-shared-libgcc' '-mtune=generic' '-march=x86-64'
 /usr/lib/gcc/x86_64-linux-gnu/4.9/collect2 -plugin /usr/lib/gcc/x86_64-linux-gnu/4.9/liblto_plugin.so -plugin-opt=/usr/lib/gcc/x86_64-linux-gnu/4.9/lto-wrapper -plugin-opt=-fresolution=/tmp/ccaMUrIN.res -plugin-opt=-pass-through=-lgcc_s -plugin-opt=-pass-through=-lgcc -plugin-opt=-pass-through=-lc -plugin-opt=-pass-through=-lgcc_s -plugin-opt=-pass-through=-lgcc --sysroot=/ --build-id --eh-frame-hdr -m elf_x86_64 --hash-style=gnu --as-needed -export-dynamic -dynamic-linker /lib64/ld-linux-x86-64.so.2 -z relro -o cmTryCompileExec216849689 /usr/lib/gcc/x86_64-linux-gnu/4.9/../../../x86_64-linux-gnu/crt1.o /usr/lib/gcc/x86_64-linux-gnu/4.9/../../../x86_64-linux-gnu/crti.o /usr/lib/gcc/x86_64-linux-gnu/4.9/crtbegin.o -L/usr/lib/gcc/x86_64-linux-gnu/4.9 -L/usr/lib/gcc/x86_64-linux-gnu/4.9/../../../x86_64-linux-gnu -L/usr/lib/gcc/x86_64-linux-gnu/4.9/../../../../lib -L/lib/x86_64-linux-gnu -L/lib/../lib -L/usr/lib/x86_64-linux-gnu -L/usr/lib/../lib -L/usr/lib/gcc/x86_64-linux-gnu/4.9/../../.. CMakeFiles/cmTryCompileExec216849689.dir/CMakeCXXCompilerABI.cpp.o -lstdc++ -lm -lgcc_s -lgcc -lc -lgcc_s -lgcc /usr/lib/gcc/x86_64-linux-gnu/4.9/crtend.o /usr/lib/gcc/x86_64-linux-gnu/4.9/../../../x86_64-linux-gnu/crtn.o
make[1]: Leaving directory '/home/viniciusmoraes/Computacao Grafica/cg_ufpel/Trabalho 2/CMakeFiles/CMakeTmp'


Parsed CXX implicit link information from above output:
  link line regex: [^( *|.*[/\])(ld|([^/\]+-)?ld|collect2)[^/\]*( |$)]
  ignore line: [Change Dir: /home/viniciusmoraes/Computacao Grafica/cg_ufpel/Trabalho 2/CMakeFiles/CMakeTmp]
  ignore line: []
  ignore line: [Run Build Command:"/usr/bin/make" "cmTryCompileExec216849689/fast"]
  ignore line: [/usr/bin/make -f CMakeFiles/cmTryCompileExec216849689.dir/build.make CMakeFiles/cmTryCompileExec216849689.dir/build]
  ignore line: [make[1]: Entering directory '/home/viniciusmoraes/Computacao Grafica/cg_ufpel/Trabalho 2/CMakeFiles/CMakeTmp']
  ignore line: [/usr/bin/cmake -E cmake_progress_report "/home/viniciusmoraes/Computacao Grafica/cg_ufpel/Trabalho 2/CMakeFiles/CMakeTmp/CMakeFiles" 1]
  ignore line: [Building CXX object CMakeFiles/cmTryCompileExec216849689.dir/CMakeCXXCompilerABI.cpp.o]
  ignore line: [/usr/bin/c++     -o CMakeFiles/cmTryCompileExec216849689.dir/CMakeCXXCompilerABI.cpp.o -c /usr/share/cmake-3.0/Modules/CMakeCXXCompilerABI.cpp]
  ignore line: [Linking CXX executable cmTryCompileExec216849689]
  ignore line: [/usr/bin/cmake -E cmake_link_script CMakeFiles/cmTryCompileExec216849689.dir/link.txt --verbose=1]
  ignore line: [/usr/bin/c++      -v CMakeFiles/cmTryCompileExec216849689.dir/CMakeCXXCompilerABI.cpp.o  -o cmTryCompileExec216849689 -rdynamic  ]
  ignore line: [Using built-in specs.]
  ignore line: [COLLECT_GCC=/usr/bin/c++]
  ignore line: [COLLECT_LTO_WRAPPER=/usr/lib/gcc/x86_64-linux-gnu/4.9/lto-wrapper]
  ignore line: [Target: x86_64-linux-gnu]
  ignore line: [Configured with: ../src/configure -v --with-pkgversion='Ubuntu 4.9.2-10ubuntu13' --with-bugurl=file:///usr/share/doc/gcc-4.9/README.Bugs --enable-languages=c,c++,java,go,d,fortran,objc,obj-c++ --prefix=/usr --program-suffix=-4.9 --enable-shared --enable-linker-build-id --libexecdir=/usr/lib --without-included-gettext --enable-threads=posix --with-gxx-include-dir=/usr/include/c++/4.9 --libdir=/usr/lib --enable-nls --with-sysroot=/ --enable-clocale=gnu --enable-libstdcxx-debug --enable-libstdcxx-time=yes --enable-gnu-unique-object --disable-vtable-verify --enable-plugin --with-system-zlib --disable-browser-plugin --enable-java-awt=gtk --enable-gtk-cairo --with-java-home=/usr/lib/jvm/java-1.5.0-gcj-4.9-amd64/jre --enable-java-home --with-jvm-root-dir=/usr/lib/jvm/java-1.5.0-gcj-4.9-amd64 --with-jvm-jar-dir=/usr/lib/jvm-exports/java-1.5.0-gcj-4.9-amd64 --with-arch-directory=amd64 --with-ecj-jar=/usr/share/java/eclipse-ecj.jar --enable-objc-gc --enable-multiarch --disable-werror --with-arch-32=i686 --with-abi=m64 --with-multilib-list=m32,m64,mx32 --enable-multilib --with-tune=generic --enable-checking=release --build=x86_64-linux-gnu --host=x86_64-linux-gnu --target=x86_64-linux-gnu]
  ignore line: [Thread model: posix]
  ignore line: [gcc version 4.9.2 (Ubuntu 4.9.2-10ubuntu13) ]
  ignore line: [COMPILER_PATH=/usr/lib/gcc/x86_64-linux-gnu/4.9/:/usr/lib/gcc/x86_64-linux-gnu/4.9/:/usr/lib/gcc/x86_64-linux-gnu/:/usr/lib/gcc/x86_64-linux-gnu/4.9/:/usr/lib/gcc/x86_64-linux-gnu/]
  ignore line: [LIBRARY_PATH=/usr/lib/gcc/x86_64-linux-gnu/4.9/:/usr/lib/gcc/x86_64-linux-gnu/4.9/../../../x86_64-linux-gnu/:/usr/lib/gcc/x86_64-linux-gnu/4.9/../../../../lib/:/lib/x86_64-linux-gnu/:/lib/../lib/:/usr/lib/x86_64-linux-gnu/:/usr/lib/../lib/:/usr/lib/gcc/x86_64-linux-gnu/4.9/../../../:/lib/:/usr/lib/]
  ignore line: [COLLECT_GCC_OPTIONS='-v' '-o' 'cmTryCompileExec216849689' '-rdynamic' '-shared-libgcc' '-mtune=generic' '-march=x86-64']
  link line: [ /usr/lib/gcc/x86_64-linux-gnu/4.9/collect2 -plugin /usr/lib/gcc/x86_64-linux-gnu/4.9/liblto_plugin.so -plugin-opt=/usr/lib/gcc/x86_64-linux-gnu/4.9/lto-wrapper -plugin-opt=-fresolution=/tmp/ccaMUrIN.res -plugin-opt=-pass-through=-lgcc_s -plugin-opt=-pass-through=-lgcc -plugin-opt=-pass-through=-lc -plugin-opt=-pass-through=-lgcc_s -plugin-opt=-pass-through=-lgcc --sysroot=/ --build-id --eh-frame-hdr -m elf_x86_64 --hash-style=gnu --as-needed -export-dynamic -dynamic-linker /lib64/ld-linux-x86-64.so.2 -z relro -o cmTryCompileExec216849689 /usr/lib/gcc/x86_64-linux-gnu/4.9/../../../x86_64-linux-gnu/crt1.o /usr/lib/gcc/x86_64-linux-gnu/4.9/../../../x86_64-linux-gnu/crti.o /usr/lib/gcc/x86_64-linux-gnu/4.9/crtbegin.o -L/usr/lib/gcc/x86_64-linux-gnu/4.9 -L/usr/lib/gcc/x86_64-linux-gnu/4.9/../../../x86_64-linux-gnu -L/usr/lib/gcc/x86_64-linux-gnu/4.9/../../../../lib -L/lib/x86_64-linux-gnu -L/lib/../lib -L/usr/lib/x86_64-linux-gnu -L/usr/lib/../lib -L/usr/lib/gcc/x86_64-linux-gnu/4.9/../../.. CMakeFiles/cmTryCompileExec216849689.dir/CMakeCXXCompilerABI.cpp.o -lstdc++ -lm -lgcc_s -lgcc -lc -lgcc_s -lgcc /usr/lib/gcc/x86_64-linux-gnu/4.9/crtend.o /usr/lib/gcc/x86_64-linux-gnu/4.9/../../../x86_64-linux-gnu/crtn.o]
    arg [/usr/lib/gcc/x86_64-linux-gnu/4.9/collect2] ==> ignore
    arg [-plugin] ==> ignore
    arg [/usr/lib/gcc/x86_64-linux-gnu/4.9/liblto_plugin.so] ==> ignore
    arg [-plugin-opt=/usr/lib/gcc/x86_64-linux-gnu/4.9/lto-wrapper] ==> ignore
    arg [-plugin-opt=-fresolution=/tmp/ccaMUrIN.res] ==> ignore
    arg [-plugin-opt=-pass-through=-lgcc_s] ==> ignore
    arg [-plugin-opt=-pass-through=-lgcc] ==> ignore
    arg [-plugin-opt=-pass-through=-lc] ==> ignore
    arg [-plugin-opt=-pass-through=-lgcc_s] ==> ignore
    arg [-plugin-opt=-pass-through=-lgcc] ==> ignore
    arg [--sysroot=/] ==> ignore
    arg [--build-id] ==> ignore
    arg [--eh-frame-hdr] ==> ignore
    arg [-m] ==> ignore
    arg [elf_x86_64] ==> ignore
    arg [--hash-style=gnu] ==> ignore
    arg [--as-needed] ==> ignore
    arg [-export-dynamic] ==> ignore
    arg [-dynamic-linker] ==> ignore
    arg [/lib64/ld-linux-x86-64.so.2] ==> ignore
    arg [-zrelro] ==> ignore
    arg [-o] ==> ignore
    arg [cmTryCompileExec216849689] ==> ignore
    arg [/usr/lib/gcc/x86_64-linux-gnu/4.9/../../../x86_64-linux-gnu/crt1.o] ==> ignore
    arg [/usr/lib/gcc/x86_64-linux-gnu/4.9/../../../x86_64-linux-gnu/crti.o] ==> ignore
    arg [/usr/lib/gcc/x86_64-linux-gnu/4.9/crtbegin.o] ==> ignore
    arg [-L/usr/lib/gcc/x86_64-linux-gnu/4.9] ==> dir [/usr/lib/gcc/x86_64-linux-gnu/4.9]
    arg [-L/usr/lib/gcc/x86_64-linux-gnu/4.9/../../../x86_64-linux-gnu] ==> dir [/usr/lib/gcc/x86_64-linux-gnu/4.9/../../../x86_64-linux-gnu]
    arg [-L/usr/lib/gcc/x86_64-linux-gnu/4.9/../../../../lib] ==> dir [/usr/lib/gcc/x86_64-linux-gnu/4.9/../../../../lib]
    arg [-L/lib/x86_64-linux-gnu] ==> dir [/lib/x86_64-linux-gnu]
    arg [-L/lib/../lib] ==> dir [/lib/../lib]
    arg [-L/usr/lib/x86_64-linux-gnu] ==> dir [/usr/lib/x86_64-linux-gnu]
    arg [-L/usr/lib/../lib] ==> dir [/usr/lib/../lib]
    arg [-L/usr/lib/gcc/x86_64-linux-gnu/4.9/../../..] ==> dir [/usr/lib/gcc/x86_64-linux-gnu/4.9/../../..]
    arg [CMakeFiles/cmTryCompileExec216849689.dir/CMakeCXXCompilerABI.cpp.o] ==> ignore
    arg [-lstdc++] ==> lib [stdc++]
    arg [-lm] ==> lib [m]
    arg [-lgcc_s] ==> lib [gcc_s]
    arg [-lgcc] ==> lib [gcc]
    arg [-lc] ==> lib [c]
    arg [-lgcc_s] ==> lib [gcc_s]
    arg [-lgcc] ==> lib [gcc]
    arg [/usr/lib/gcc/x86_64-linux-gnu/4.9/crtend.o] ==> ignore
    arg [/usr/lib/gcc/x86_64-linux-gnu/4.9/../../../x86_64-linux-gnu/crtn.o] ==> ignore
  remove lib [gcc_s]
  remove lib [gcc]
  remove lib [gcc_s]
  remove lib [gcc]
  collapse library dir [/usr/lib/gcc/x86_64-linux-gnu/4.9] ==> [/usr/lib/gcc/x86_64-linux-gnu/4.9]
  collapse library dir [/usr/lib/gcc/x86_64-linux-gnu/4.9/../../../x86_64-linux-gnu] ==> [/usr/lib/x86_64-linux-gnu]
  collapse library dir [/usr/lib/gcc/x86_64-linux-gnu/4.9/../../../../lib] ==> [/usr/lib]
  collapse library dir [/lib/x86_64-linux-gnu] ==> [/lib/x86_64-linux-gnu]
  collapse library dir [/lib/../lib] ==> [/lib]
  collapse library dir [/usr/lib/x86_64-linux-gnu] ==> [/usr/lib/x86_64-linux-gnu]
  collapse library dir [/usr/lib/../lib] ==> [/usr/lib]
  collapse library dir [/usr/lib/gcc/x86_64-linux-gnu/4.9/../../..] ==> [/usr/lib]
  implicit libs: [stdc++;m;c]
  implicit dirs: [/usr/lib/gcc/x86_64-linux-gnu/4.9;/usr/lib/x86_64-linux-gnu;/usr/lib;/lib/x86_64-linux-gnu;/lib]
  implicit fwks: []


Determining if the function XOpenDisplay exists in the /usr/lib/x86_64-linux-gnu/libX11.so;/usr/lib/x86_64-linux-gnu/libXext.so passed with the following output:
Change Dir: /home/viniciusmoraes/Computacao Grafica/cg_ufpel/Trabalho 2/CMakeFiles/CMakeTmp

Run Build Command:"/usr/bin/make" "cmTryCompileExec2527904393/fast"
/usr/bin/make -f CMakeFiles/cmTryCompileExec2527904393.dir/build.make CMakeFiles/cmTryCompileExec2527904393.dir/build
make[1]: Entering directory '/home/viniciusmoraes/Computacao Grafica/cg_ufpel/Trabalho 2/CMakeFiles/CMakeTmp'
/usr/bin/cmake -E cmake_progress_report "/home/viniciusmoraes/Computacao Grafica/cg_ufpel/Trabalho 2/CMakeFiles/CMakeTmp/CMakeFiles" 1
Building C object CMakeFiles/cmTryCompileExec2527904393.dir/CheckFunctionExists.c.o
/usr/bin/cc   -DCHECK_FUNCTION_EXISTS=XOpenDisplay   -o CMakeFiles/cmTryCompileExec2527904393.dir/CheckFunctionExists.c.o   -c /usr/share/cmake-3.0/Modules/CheckFunctionExists.c
Linking C executable cmTryCompileExec2527904393
/usr/bin/cmake -E cmake_link_script CMakeFiles/cmTryCompileExec2527904393.dir/link.txt --verbose=1
/usr/bin/cc   -DCHECK_FUNCTION_EXISTS=XOpenDisplay    CMakeFiles/cmTryCompileExec2527904393.dir/CheckFunctionExists.c.o  -o cmTryCompileExec2527904393 -rdynamic -lX11 -lXext 
make[1]: Leaving directory '/home/viniciusmoraes/Computacao Grafica/cg_ufpel/Trabalho 2/CMakeFiles/CMakeTmp'


Determining if the function gethostbyname exists passed with the following output:
Change Dir: /home/viniciusmoraes/Computacao Grafica/cg_ufpel/Trabalho 2/CMakeFiles/CMakeTmp

Run Build Command:"/usr/bin/make" "cmTryCompileExec3949969078/fast"
/usr/bin/make -f CMakeFiles/cmTryCompileExec3949969078.dir/build.make CMakeFiles/cmTryCompileExec3949969078.dir/build
make[1]: Entering directory '/home/viniciusmoraes/Computacao Grafica/cg_ufpel/Trabalho 2/CMakeFiles/CMakeTmp'
/usr/bin/cmake -E cmake_progress_report "/home/viniciusmoraes/Computacao Grafica/cg_ufpel/Trabalho 2/CMakeFiles/CMakeTmp/CMakeFiles" 1
Building C object CMakeFiles/cmTryCompileExec3949969078.dir/CheckFunctionExists.c.o
/usr/bin/cc   -DCHECK_FUNCTION_EXISTS=gethostbyname   -o CMakeFiles/cmTryCompileExec3949969078.dir/CheckFunctionExists.c.o   -c /usr/share/cmake-3.0/Modules/CheckFunctionExists.c
Linking C executable cmTryCompileExec3949969078
/usr/bin/cmake -E cmake_link_script CMakeFiles/cmTryCompileExec3949969078.dir/link.txt --verbose=1
/usr/bin/cc   -DCHECK_FUNCTION_EXISTS=gethostbyname    CMakeFiles/cmTryCompileExec3949969078.dir/CheckFunctionExists.c.o  -o cmTryCompileExec3949969078 -rdynamic 
make[1]: Leaving directory '/home/viniciusmoraes/Computacao Grafica/cg_ufpel/Trabalho 2/CMakeFiles/CMakeTmp'


Determining if the function connect exists passed with the following output:
Change Dir: /home/viniciusmoraes/Computacao Grafica/cg_ufpel/Trabalho 2/CMakeFiles/CMakeTmp

Run Build Command:"/usr/bin/make" "cmTryCompileExec3786426151/fast"
/usr/bin/make -f CMakeFiles/cmTryCompileExec3786426151.dir/build.make CMakeFiles/cmTryCompileExec3786426151.dir/build
make[1]: Entering directory '/home/viniciusmoraes/Computacao Grafica/cg_ufpel/Trabalho 2/CMakeFiles/CMakeTmp'
/usr/bin/cmake -E cmake_progress_report "/home/viniciusmoraes/Computacao Grafica/cg_ufpel/Trabalho 2/CMakeFiles/CMakeTmp/CMakeFiles" 1
Building C object CMakeFiles/cmTryCompileExec3786426151.dir/CheckFunctionExists.c.o
/usr/bin/cc   -DCHECK_FUNCTION_EXISTS=connect   -o CMakeFiles/cmTryCompileExec3786426151.dir/CheckFunctionExists.c.o   -c /usr/share/cmake-3.0/Modules/CheckFunctionExists.c
Linking C executable cmTryCompileExec3786426151
/usr/bin/cmake -E cmake_link_script CMakeFiles/cmTryCompileExec3786426151.dir/link.txt --verbose=1
/usr/bin/cc   -DCHECK_FUNCTION_EXISTS=connect    CMakeFiles/cmTryCompileExec3786426151.dir/CheckFunctionExists.c.o  -o cmTryCompileExec3786426151 -rdynamic 
make[1]: Leaving directory '/home/viniciusmoraes/Computacao Grafica/cg_ufpel/Trabalho 2/CMakeFiles/CMakeTmp'


Determining if the function remove exists passed with the following output:
Change Dir: /home/viniciusmoraes/Computacao Grafica/cg_ufpel/Trabalho 2/CMakeFiles/CMakeTmp

Run Build Command:"/usr/bin/make" "cmTryCompileExec929995648/fast"
/usr/bin/make -f CMakeFiles/cmTryCompileExec929995648.dir/build.make CMakeFiles/cmTryCompileExec929995648.dir/build
make[1]: Entering directory '/home/viniciusmoraes/Computacao Grafica/cg_ufpel/Trabalho 2/CMakeFiles/CMakeTmp'
/usr/bin/cmake -E cmake_progress_report "/home/viniciusmoraes/Computacao Grafica/cg_ufpel/Trabalho 2/CMakeFiles/CMakeTmp/CMakeFiles" 1
Building C object CMakeFiles/cmTryCompileExec929995648.dir/CheckFunctionExists.c.o
/usr/bin/cc   -DCHECK_FUNCTION_EXISTS=remove   -o CMakeFiles/cmTryCompileExec929995648.dir/CheckFunctionExists.c.o   -c /usr/share/cmake-3.0/Modules/CheckFunctionExists.c
Linking C executable cmTryCompileExec929995648
/usr/bin/cmake -E cmake_link_script CMakeFiles/cmTryCompileExec929995648.dir/link.txt --verbose=1
/usr/bin/cc   -DCHECK_FUNCTION_EXISTS=remove    CMakeFiles/cmTryCompileExec929995648.dir/CheckFunctionExists.c.o  -o cmTryCompileExec929995648 -rdynamic 
make[1]: Leaving directory '/home/viniciusmoraes/Computacao Grafica/cg_ufpel/Trabalho 2/CMakeFiles/CMakeTmp'


Determining if the function shmat exists passed with the following output:
Change Dir: /home/viniciusmoraes/Computacao Grafica/cg_ufpel/Trabalho 2/CMakeFiles/CMakeTmp

Run Build Command:"/usr/bin/make" "cmTryCompileExec1779094077/fast"
/usr/bin/make -f CMakeFiles/cmTryCompileExec1779094077.dir/build.make CMakeFiles/cmTryCompileExec1779094077.dir/build
make[1]: Entering directory '/home/viniciusmoraes/Computacao Grafica/cg_ufpel/Trabalho 2/CMakeFiles/CMakeTmp'
/usr/bin/cmake -E cmake_progress_report "/home/viniciusmoraes/Computacao Grafica/cg_ufpel/Trabalho 2/CMakeFiles/CMakeTmp/CMakeFiles" 1
Building C object CMakeFiles/cmTryCompileExec1779094077.dir/CheckFunctionExists.c.o
/usr/bin/cc   -DCHECK_FUNCTION_EXISTS=shmat   -o CMakeFiles/cmTryCompileExec1779094077.dir/CheckFunctionExists.c.o   -c /usr/share/cmake-3.0/Modules/CheckFunctionExists.c
Linking C executable cmTryCompileExec1779094077
/usr/bin/cmake -E cmake_link_script CMakeFiles/cmTryCompileExec1779094077.dir/link.txt --verbose=1
/usr/bin/cc   -DCHECK_FUNCTION_EXISTS=shmat    CMakeFiles/cmTryCompileExec1779094077.dir/CheckFunctionExists.c.o  -o cmTryCompileExec1779094077 -rdynamic 
make[1]: Leaving directory '/home/viniciusmoraes/Computacao Grafica/cg_ufpel/Trabalho 2/CMakeFiles/CMakeTmp'


Determining if files pthread.h exist passed with the following output:
Change Dir: /home/viniciusmoraes/Computacao Grafica/cg_ufpel/Trabalho 2/CMakeFiles/CMakeTmp

Run Build Command:"/usr/bin/make" "cmTryCompileExec1535979636/fast"
/usr/bin/make -f CMakeFiles/cmTryCompileExec1535979636.dir/build.make CMakeFiles/cmTryCompileExec1535979636.dir/build
make[1]: Entering directory '/home/viniciusmoraes/Computacao Grafica/cg_ufpel/Trabalho 2/CMakeFiles/CMakeTmp'
/usr/bin/cmake -E cmake_progress_report "/home/viniciusmoraes/Computacao Grafica/cg_ufpel/Trabalho 2/CMakeFiles/CMakeTmp/CMakeFiles" 1
Building C object CMakeFiles/cmTryCompileExec1535979636.dir/CheckIncludeFiles.c.o
/usr/bin/cc    -o CMakeFiles/cmTryCompileExec1535979636.dir/CheckIncludeFiles.c.o   -c "/home/viniciusmoraes/Computacao Grafica/cg_ufpel/Trabalho 2/CMakeFiles/CMakeTmp/CheckIncludeFiles.c"
Linking C executable cmTryCompileExec1535979636
/usr/bin/cmake -E cmake_link_script CMakeFiles/cmTryCompileExec1535979636.dir/link.txt --verbose=1
/usr/bin/cc       CMakeFiles/cmTryCompileExec1535979636.dir/CheckIncludeFiles.c.o  -o cmTryCompileExec1535979636 -rdynamic 
make[1]: Leaving directory '/home/viniciusmoraes/Computacao Grafica/cg_ufpel/Trabalho 2/CMakeFiles/CMakeTmp'


Determining if the function pthread_create exists in the pthread passed with the following output:
Change Dir: /home/viniciusmoraes/Computacao Grafica/cg_ufpel/Trabalho 2/CMakeFiles/CMakeTmp

Run Build Command:"/usr/bin/make" "cmTryCompileExec2462720392/fast"
/usr/bin/make -f CMakeFiles/cmTryCompileExec2462720392.dir/build.make CMakeFiles/cmTryCompileExec2462720392.dir/build
make[1]: Entering directory '/home/viniciusmoraes/Computacao Grafica/cg_ufpel/Trabalho 2/CMakeFiles/CMakeTmp'
/usr/bin/cmake -E cmake_progress_report "/home/viniciusmoraes/Computacao Grafica/cg_ufpel/Trabalho 2/CMakeFiles/CMakeTmp/CMakeFiles" 1
Building C object CMakeFiles/cmTryCompileExec2462720392.dir/CheckFunctionExists.c.o
/usr/bin/cc   -DCHECK_FUNCTION_EXISTS=pthread_create   -o CMakeFiles/cmTryCompileExec2462720392.dir/CheckFunctionExists.c.o   -c /usr/share/cmake-3.0/Modules/CheckFunctionExists.c
Linking C executable cmTryCompileExec2462720392
/usr/bin/cmake -E cmake_link_script CMakeFiles/cmTryCompileExec2462720392.dir/link.txt --verbose=1
/usr/bin/cc   -DCHECK_FUNCTION_EXISTS=pthread_create    CMakeFiles/cmTryCompileExec2462720392.dir/CheckFunctionExists.c.o  -o cmTryCompileExec2462720392 -rdynamic -lpthread 
make[1]: Leaving directory '/home/viniciusmoraes/Computacao Grafica/cg_ufpel/Trabalho 2/CMakeFiles/CMakeTmp'


Determining if the function glXGetProcAddress exists passed with the following output:
Change Dir: /home/viniciusmoraes/Computacao Grafica/cg_ufpel/Trabalho 2/CMakeFiles/CMakeTmp

Run Build Command:"/usr/bin/make" "cmTryCompileExec2025217436/fast"
/usr/bin/make -f CMakeFiles/cmTryCompileExec2025217436.dir/build.make CMakeFiles/cmTryCompileExec2025217436.dir/build
make[1]: Entering directory '/home/viniciusmoraes/Computacao Grafica/cg_ufpel/Trabalho 2/CMakeFiles/CMakeTmp'
/usr/bin/cmake -E cmake_progress_report "/home/viniciusmoraes/Computacao Grafica/cg_ufpel/Trabalho 2/CMakeFiles/CMakeTmp/CMakeFiles" 1
Building C object CMakeFiles/cmTryCompileExec2025217436.dir/CheckFunctionExists.c.o
/usr/bin/cc   -DCHECK_FUNCTION_EXISTS=glXGetProcAddress   -o CMakeFiles/cmTryCompileExec2025217436.dir/CheckFunctionExists.c.o   -c /usr/share/cmake-3.0/Modules/CheckFunctionExists.c
Linking C executable cmTryCompileExec2025217436
/usr/bin/cmake -E cmake_link_script CMakeFiles/cmTryCompileExec2025217436.dir/link.txt --verbose=1
/usr/bin/cc   -DCHECK_FUNCTION_EXISTS=glXGetProcAddress    CMakeFiles/cmTryCompileExec2025217436.dir/CheckFunctionExists.c.o  -o cmTryCompileExec2025217436 -rdynamic -lGL 
make[1]: Leaving directory '/home/viniciusmoraes/Computacao Grafica/cg_ufpel/Trabalho 2/CMakeFiles/CMakeTmp'


Determining if the function glXGetProcAddressARB exists passed with the following output:
Change Dir: /home/viniciusmoraes/Computacao Grafica/cg_ufpel/Trabalho 2/CMakeFiles/CMakeTmp

Run Build Command:"/usr/bin/make" "cmTryCompileExec452467869/fast"
/usr/bin/make -f CMakeFiles/cmTryCompileExec452467869.dir/build.make CMakeFiles/cmTryCompileExec452467869.dir/build
make[1]: Entering directory '/home/viniciusmoraes/Computacao Grafica/cg_ufpel/Trabalho 2/CMakeFiles/CMakeTmp'
/usr/bin/cmake -E cmake_progress_report "/home/viniciusmoraes/Computacao Grafica/cg_ufpel/Trabalho 2/CMakeFiles/CMakeTmp/CMakeFiles" 1
Building C object CMakeFiles/cmTryCompileExec452467869.dir/CheckFunctionExists.c.o
/usr/bin/cc   -DCHECK_FUNCTION_EXISTS=glXGetProcAddressARB   -o CMakeFiles/cmTryCompileExec452467869.dir/CheckFunctionExists.c.o   -c /usr/share/cmake-3.0/Modules/CheckFunctionExists.c
Linking C executable cmTryCompileExec452467869
/usr/bin/cmake -E cmake_link_script CMakeFiles/cmTryCompileExec452467869.dir/link.txt --verbose=1
/usr/bin/cc   -DCHECK_FUNCTION_EXISTS=glXGetProcAddressARB    CMakeFiles/cmTryCompileExec452467869.dir/CheckFunctionExists.c.o  -o cmTryCompileExec452467869 -rdynamic -lGL 
make[1]: Leaving directory '/home/viniciusmoraes/Computacao Grafica/cg_ufpel/Trabalho 2/CMakeFiles/CMakeTmp'


Determining if the include file sys/types.h exists passed with the following output:
Change Dir: /home/viniciusmoraes/Computacao Grafica/cg_ufpel/Trabalho 2/CMakeFiles/CMakeTmp

Run Build Command:"/usr/bin/make" "cmTryCompileExec62932714/fast"
/usr/bin/make -f CMakeFiles/cmTryCompileExec62932714.dir/build.make CMakeFiles/cmTryCompileExec62932714.dir/build
make[1]: Entering directory '/home/viniciusmoraes/Computacao Grafica/cg_ufpel/Trabalho 2/CMakeFiles/CMakeTmp'
/usr/bin/cmake -E cmake_progress_report "/home/viniciusmoraes/Computacao Grafica/cg_ufpel/Trabalho 2/CMakeFiles/CMakeTmp/CMakeFiles" 1
Building C object CMakeFiles/cmTryCompileExec62932714.dir/CheckIncludeFile.c.o
/usr/bin/cc    -o CMakeFiles/cmTryCompileExec62932714.dir/CheckIncludeFile.c.o   -c "/home/viniciusmoraes/Computacao Grafica/cg_ufpel/Trabalho 2/CMakeFiles/CMakeTmp/CheckIncludeFile.c"
Linking C executable cmTryCompileExec62932714
/usr/bin/cmake -E cmake_link_script CMakeFiles/cmTryCompileExec62932714.dir/link.txt --verbose=1
/usr/bin/cc       CMakeFiles/cmTryCompileExec62932714.dir/CheckIncludeFile.c.o  -o cmTryCompileExec62932714 -rdynamic 
make[1]: Leaving directory '/home/viniciusmoraes/Computacao Grafica/cg_ufpel/Trabalho 2/CMakeFiles/CMakeTmp'


Determining if the include file stdint.h exists passed with the following output:
Change Dir: /home/viniciusmoraes/Computacao Grafica/cg_ufpel/Trabalho 2/CMakeFiles/CMakeTmp

Run Build Command:"/usr/bin/make" "cmTryCompileExec2791872405/fast"
/usr/bin/make -f CMakeFiles/cmTryCompileExec2791872405.dir/build.make CMakeFiles/cmTryCompileExec2791872405.dir/build
make[1]: Entering directory '/home/viniciusmoraes/Computacao Grafica/cg_ufpel/Trabalho 2/CMakeFiles/CMakeTmp'
/usr/bin/cmake -E cmake_progress_report "/home/viniciusmoraes/Computacao Grafica/cg_ufpel/Trabalho 2/CMakeFiles/CMakeTmp/CMakeFiles" 1
Building C object CMakeFiles/cmTryCompileExec2791872405.dir/CheckIncludeFile.c.o
/usr/bin/cc    -o CMakeFiles/cmTryCompileExec2791872405.dir/CheckIncludeFile.c.o   -c "/home/viniciusmoraes/Computacao Grafica/cg_ufpel/Trabalho 2/CMakeFiles/CMakeTmp/CheckIncludeFile.c"
Linking C executable cmTryCompileExec2791872405
/usr/bin/cmake -E cmake_link_script CMakeFiles/cmTryCompileExec2791872405.dir/link.txt --verbose=1
/usr/bin/cc       CMakeFiles/cmTryCompileExec2791872405.dir/CheckIncludeFile.c.o  -o cmTryCompileExec2791872405 -rdynamic 
make[1]: Leaving directory '/home/viniciusmoraes/Computacao Grafica/cg_ufpel/Trabalho 2/CMakeFiles/CMakeTmp'


Determining if the include file stddef.h exists passed with the following output:
Change Dir: /home/viniciusmoraes/Computacao Grafica/cg_ufpel/Trabalho 2/CMakeFiles/CMakeTmp

Run Build Command:"/usr/bin/make" "cmTryCompileExec2461809844/fast"
/usr/bin/make -f CMakeFiles/cmTryCompileExec2461809844.dir/build.make CMakeFiles/cmTryCompileExec2461809844.dir/build
make[1]: Entering directory '/home/viniciusmoraes/Computacao Grafica/cg_ufpel/Trabalho 2/CMakeFiles/CMakeTmp'
/usr/bin/cmake -E cmake_progress_report "/home/viniciusmoraes/Computacao Grafica/cg_ufpel/Trabalho 2/CMakeFiles/CMakeTmp/CMakeFiles" 1
Building C object CMakeFiles/cmTryCompileExec2461809844.dir/CheckIncludeFile.c.o
/usr/bin/cc    -o CMakeFiles/cmTryCompileExec2461809844.dir/CheckIncludeFile.c.o   -c "/home/viniciusmoraes/Computacao Grafica/cg_ufpel/Trabalho 2/CMakeFiles/CMakeTmp/CheckIncludeFile.c"
Linking C executable cmTryCompileExec2461809844
/usr/bin/cmake -E cmake_link_script CMakeFiles/cmTryCompileExec2461809844.dir/link.txt --verbose=1
/usr/bin/cc       CMakeFiles/cmTryCompileExec2461809844.dir/CheckIncludeFile.c.o  -o cmTryCompileExec2461809844 -rdynamic 
make[1]: Leaving directory '/home/viniciusmoraes/Computacao Grafica/cg_ufpel/Trabalho 2/CMakeFiles/CMakeTmp'


Determining size of off64_t passed with the following output:
Change Dir: /home/viniciusmoraes/Computacao Grafica/cg_ufpel/Trabalho 2/CMakeFiles/CMakeTmp

Run Build Command:"/usr/bin/make" "cmTryCompileExec3652169305/fast"
/usr/bin/make -f CMakeFiles/cmTryCompileExec3652169305.dir/build.make CMakeFiles/cmTryCompileExec3652169305.dir/build
make[1]: Entering directory '/home/viniciusmoraes/Computacao Grafica/cg_ufpel/Trabalho 2/CMakeFiles/CMakeTmp'
/usr/bin/cmake -E cmake_progress_report "/home/viniciusmoraes/Computacao Grafica/cg_ufpel/Trabalho 2/CMakeFiles/CMakeTmp/CMakeFiles" 1
Building C object CMakeFiles/cmTryCompileExec3652169305.dir/OFF64_T.c.o
/usr/bin/cc  -DHAVE_STDDEF_H -DHAVE_STDINT_H -DHAVE_SYS_TYPES_H -D_LARGEFILE64_SOURCE=1  -o CMakeFiles/cmTryCompileExec3652169305.dir/OFF64_T.c.o   -c "/home/viniciusmoraes/Computacao Grafica/cg_ufpel/Trabalho 2/CMakeFiles/CheckTypeSize/OFF64_T.c"
Linking C executable cmTryCompileExec3652169305
/usr/bin/cmake -E cmake_link_script CMakeFiles/cmTryCompileExec3652169305.dir/link.txt --verbose=1
/usr/bin/cc       CMakeFiles/cmTryCompileExec3652169305.dir/OFF64_T.c.o  -o cmTryCompileExec3652169305 -rdynamic 
make[1]: Leaving directory '/home/viniciusmoraes/Computacao Grafica/cg_ufpel/Trabalho 2/CMakeFiles/CMakeTmp'


Determining if the function fseeko exists passed with the following output:
Change Dir: /home/viniciusmoraes/Computacao Grafica/cg_ufpel/Trabalho 2/CMakeFiles/CMakeTmp

Run Build Command:"/usr/bin/make" "cmTryCompileExec3069187096/fast"
/usr/bin/make -f CMakeFiles/cmTryCompileExec3069187096.dir/build.make CMakeFiles/cmTryCompileExec3069187096.dir/build
make[1]: Entering directory '/home/viniciusmoraes/Computacao Grafica/cg_ufpel/Trabalho 2/CMakeFiles/CMakeTmp'
/usr/bin/cmake -E cmake_progress_report "/home/viniciusmoraes/Computacao Grafica/cg_ufpel/Trabalho 2/CMakeFiles/CMakeTmp/CMakeFiles" 1
Building C object CMakeFiles/cmTryCompileExec3069187096.dir/CheckFunctionExists.c.o
/usr/bin/cc   -DCHECK_FUNCTION_EXISTS=fseeko   -o CMakeFiles/cmTryCompileExec3069187096.dir/CheckFunctionExists.c.o   -c /usr/share/cmake-3.0/Modules/CheckFunctionExists.c
Linking C executable cmTryCompileExec3069187096
/usr/bin/cmake -E cmake_link_script CMakeFiles/cmTryCompileExec3069187096.dir/link.txt --verbose=1
/usr/bin/cc   -DCHECK_FUNCTION_EXISTS=fseeko    CMakeFiles/cmTryCompileExec3069187096.dir/CheckFunctionExists.c.o  -o cmTryCompileExec3069187096 -rdynamic 
make[1]: Leaving directory '/home/viniciusmoraes/Computacao Grafica/cg_ufpel/Trabalho 2/CMakeFiles/CMakeTmp'


Determining if the include file unistd.h exists passed with the following output:
Change Dir: /home/viniciusmoraes/Computacao Grafica/cg_ufpel/Trabalho 2/CMakeFiles/CMakeTmp

Run Build Command:"/usr/bin/make" "cmTryCompileExec867907196/fast"
/usr/bin/make -f CMakeFiles/cmTryCompileExec867907196.dir/build.make CMakeFiles/cmTryCompileExec867907196.dir/build
make[1]: Entering directory '/home/viniciusmoraes/Computacao Grafica/cg_ufpel/Trabalho 2/CMakeFiles/CMakeTmp'
/usr/bin/cmake -E cmake_progress_report "/home/viniciusmoraes/Computacao Grafica/cg_ufpel/Trabalho 2/CMakeFiles/CMakeTmp/CMakeFiles" 1
Building C object CMakeFiles/cmTryCompileExec867907196.dir/CheckIncludeFile.c.o
/usr/bin/cc    -o CMakeFiles/cmTryCompileExec867907196.dir/CheckIncludeFile.c.o   -c "/home/viniciusmoraes/Computacao Grafica/cg_ufpel/Trabalho 2/CMakeFiles/CMakeTmp/CheckIncludeFile.c"
Linking C executable cmTryCompileExec867907196
/usr/bin/cmake -E cmake_link_script CMakeFiles/cmTryCompileExec867907196.dir/link.txt --verbose=1
/usr/bin/cc       CMakeFiles/cmTryCompileExec867907196.dir/CheckIncludeFile.c.o  -o cmTryCompileExec867907196 -rdynamic 
make[1]: Leaving directory '/home/viniciusmoraes/Computacao Grafica/cg_ufpel/Trabalho 2/CMakeFiles/CMakeTmp'


