Determining if the pthread_create exist failed with the following output:
Change Dir: /home/viniciusmoraes/Computacao Grafica/cg_ufpel/Trabalho 2/CMakeFiles/CMakeTmp

Run Build Command:"/usr/bin/make" "cmTryCompileExec3221093337/fast"
/usr/bin/make -f CMakeFiles/cmTryCompileExec3221093337.dir/build.make CMakeFiles/cmTryCompileExec3221093337.dir/build
make[1]: Entering directory '/home/viniciusmoraes/Computacao Grafica/cg_ufpel/Trabalho 2/CMakeFiles/CMakeTmp'
/usr/bin/cmake -E cmake_progress_report "/home/viniciusmoraes/Computacao Grafica/cg_ufpel/Trabalho 2/CMakeFiles/CMakeTmp/CMakeFiles" 1
Building C object CMakeFiles/cmTryCompileExec3221093337.dir/CheckSymbolExists.c.o
/usr/bin/cc    -o CMakeFiles/cmTryCompileExec3221093337.dir/CheckSymbolExists.c.o   -c "/home/viniciusmoraes/Computacao Grafica/cg_ufpel/Trabalho 2/CMakeFiles/CMakeTmp/CheckSymbolExists.c"
Linking C executable cmTryCompileExec3221093337
/usr/bin/cmake -E cmake_link_script CMakeFiles/cmTryCompileExec3221093337.dir/link.txt --verbose=1
/usr/bin/cc       CMakeFiles/cmTryCompileExec3221093337.dir/CheckSymbolExists.c.o  -o cmTryCompileExec3221093337 -rdynamic 
CMakeFiles/cmTryCompileExec3221093337.dir/CheckSymbolExists.c.o: na função `main':
CheckSymbolExists.c:(.text+0x16): referência indefinida para `pthread_create'
collect2: error: ld returned 1 exit status
CMakeFiles/cmTryCompileExec3221093337.dir/build.make:88: recipe for target 'cmTryCompileExec3221093337' failed
make[1]: *** [cmTryCompileExec3221093337] Error 1
make[1]: Leaving directory '/home/viniciusmoraes/Computacao Grafica/cg_ufpel/Trabalho 2/CMakeFiles/CMakeTmp'
Makefile:118: recipe for target 'cmTryCompileExec3221093337/fast' failed
make: *** [cmTryCompileExec3221093337/fast] Error 2

File /home/viniciusmoraes/Computacao Grafica/cg_ufpel/Trabalho 2/CMakeFiles/CMakeTmp/CheckSymbolExists.c:
/* */
#include <pthread.h>

int main(int argc, char** argv)
{
  (void)argv;
#ifndef pthread_create
  return ((int*)(&pthread_create))[argc];
#else
  (void)argc;
  return 0;
#endif
}

Determining if the function pthread_create exists in the pthreads failed with the following output:
Change Dir: /home/viniciusmoraes/Computacao Grafica/cg_ufpel/Trabalho 2/CMakeFiles/CMakeTmp

Run Build Command:"/usr/bin/make" "cmTryCompileExec948704952/fast"
/usr/bin/make -f CMakeFiles/cmTryCompileExec948704952.dir/build.make CMakeFiles/cmTryCompileExec948704952.dir/build
make[1]: Entering directory '/home/viniciusmoraes/Computacao Grafica/cg_ufpel/Trabalho 2/CMakeFiles/CMakeTmp'
/usr/bin/cmake -E cmake_progress_report "/home/viniciusmoraes/Computacao Grafica/cg_ufpel/Trabalho 2/CMakeFiles/CMakeTmp/CMakeFiles" 1
Building C object CMakeFiles/cmTryCompileExec948704952.dir/CheckFunctionExists.c.o
/usr/bin/cc   -DCHECK_FUNCTION_EXISTS=pthread_create   -o CMakeFiles/cmTryCompileExec948704952.dir/CheckFunctionExists.c.o   -c /usr/share/cmake-3.0/Modules/CheckFunctionExists.c
Linking C executable cmTryCompileExec948704952
/usr/bin/cmake -E cmake_link_script CMakeFiles/cmTryCompileExec948704952.dir/link.txt --verbose=1
/usr/bin/cc   -DCHECK_FUNCTION_EXISTS=pthread_create    CMakeFiles/cmTryCompileExec948704952.dir/CheckFunctionExists.c.o  -o cmTryCompileExec948704952 -rdynamic -lpthreads 
/usr/bin/ld: não foi possível encontrar -lpthreads
collect2: error: ld returned 1 exit status
CMakeFiles/cmTryCompileExec948704952.dir/build.make:88: recipe for target 'cmTryCompileExec948704952' failed
make[1]: *** [cmTryCompileExec948704952] Error 1
make[1]: Leaving directory '/home/viniciusmoraes/Computacao Grafica/cg_ufpel/Trabalho 2/CMakeFiles/CMakeTmp'
Makefile:118: recipe for target 'cmTryCompileExec948704952/fast' failed
make: *** [cmTryCompileExec948704952/fast] Error 2


Determining if the function glXGetProcAddressEXT exists failed with the following output:
Change Dir: /home/viniciusmoraes/Computacao Grafica/cg_ufpel/Trabalho 2/CMakeFiles/CMakeTmp

Run Build Command:"/usr/bin/make" "cmTryCompileExec1356464031/fast"
/usr/bin/make -f CMakeFiles/cmTryCompileExec1356464031.dir/build.make CMakeFiles/cmTryCompileExec1356464031.dir/build
make[1]: Entering directory '/home/viniciusmoraes/Computacao Grafica/cg_ufpel/Trabalho 2/CMakeFiles/CMakeTmp'
/usr/bin/cmake -E cmake_progress_report "/home/viniciusmoraes/Computacao Grafica/cg_ufpel/Trabalho 2/CMakeFiles/CMakeTmp/CMakeFiles" 1
Building C object CMakeFiles/cmTryCompileExec1356464031.dir/CheckFunctionExists.c.o
/usr/bin/cc   -DCHECK_FUNCTION_EXISTS=glXGetProcAddressEXT   -o CMakeFiles/cmTryCompileExec1356464031.dir/CheckFunctionExists.c.o   -c /usr/share/cmake-3.0/Modules/CheckFunctionExists.c
Linking C executable cmTryCompileExec1356464031
/usr/bin/cmake -E cmake_link_script CMakeFiles/cmTryCompileExec1356464031.dir/link.txt --verbose=1
/usr/bin/cc   -DCHECK_FUNCTION_EXISTS=glXGetProcAddressEXT    CMakeFiles/cmTryCompileExec1356464031.dir/CheckFunctionExists.c.o  -o cmTryCompileExec1356464031 -rdynamic -lGL 
CMakeFiles/cmTryCompileExec1356464031.dir/CheckFunctionExists.c.o: na função `main':
CheckFunctionExists.c:(.text+0x15): referência indefinida para `glXGetProcAddressEXT'
collect2: error: ld returned 1 exit status
CMakeFiles/cmTryCompileExec1356464031.dir/build.make:89: recipe for target 'cmTryCompileExec1356464031' failed
make[1]: Leaving directory '/home/viniciusmoraes/Computacao Grafica/cg_ufpel/Trabalho 2/CMakeFiles/CMakeTmp'
make[1]: *** [cmTryCompileExec1356464031] Error 1
Makefile:118: recipe for target 'cmTryCompileExec1356464031/fast' failed
make: *** [cmTryCompileExec1356464031/fast] Error 2


