Determining if the pthread_create exist failed with the following output:
Change Dir: /home/viniciusmoraes/Computacao Grafica/cg_ufpel/Trabalho 3/CMakeFiles/CMakeTmp

Run Build Command:"/usr/bin/make" "cmTryCompileExec308153232/fast"
/usr/bin/make -f CMakeFiles/cmTryCompileExec308153232.dir/build.make CMakeFiles/cmTryCompileExec308153232.dir/build
make[1]: Entering directory '/home/viniciusmoraes/Computacao Grafica/cg_ufpel/Trabalho 3/CMakeFiles/CMakeTmp'
/usr/bin/cmake -E cmake_progress_report "/home/viniciusmoraes/Computacao Grafica/cg_ufpel/Trabalho 3/CMakeFiles/CMakeTmp/CMakeFiles" 1
Building C object CMakeFiles/cmTryCompileExec308153232.dir/CheckSymbolExists.c.o
/usr/bin/cc    -o CMakeFiles/cmTryCompileExec308153232.dir/CheckSymbolExists.c.o   -c "/home/viniciusmoraes/Computacao Grafica/cg_ufpel/Trabalho 3/CMakeFiles/CMakeTmp/CheckSymbolExists.c"
Linking C executable cmTryCompileExec308153232
/usr/bin/cmake -E cmake_link_script CMakeFiles/cmTryCompileExec308153232.dir/link.txt --verbose=1
/usr/bin/cc       CMakeFiles/cmTryCompileExec308153232.dir/CheckSymbolExists.c.o  -o cmTryCompileExec308153232 -rdynamic 
CMakeFiles/cmTryCompileExec308153232.dir/CheckSymbolExists.c.o: na função `main':
CheckSymbolExists.c:(.text+0x16): referência indefinida para `pthread_create'
collect2: error: ld returned 1 exit status
CMakeFiles/cmTryCompileExec308153232.dir/build.make:88: recipe for target 'cmTryCompileExec308153232' failed
make[1]: Leaving directory '/home/viniciusmoraes/Computacao Grafica/cg_ufpel/Trabalho 3/CMakeFiles/CMakeTmp'
make[1]: *** [cmTryCompileExec308153232] Error 1
Makefile:118: recipe for target 'cmTryCompileExec308153232/fast' failed
make: *** [cmTryCompileExec308153232/fast] Error 2

File /home/viniciusmoraes/Computacao Grafica/cg_ufpel/Trabalho 3/CMakeFiles/CMakeTmp/CheckSymbolExists.c:
/* */
#include <pthread.h>

int main(int argc, char** argv)
{
  (void)argv;
#ifndef pthread_create
  return ((int*)(&pthread_create))[argc];
#else
  (void)argc;
  return 0;
#endif
}

Determining if the function pthread_create exists in the pthreads failed with the following output:
Change Dir: /home/viniciusmoraes/Computacao Grafica/cg_ufpel/Trabalho 3/CMakeFiles/CMakeTmp

Run Build Command:"/usr/bin/make" "cmTryCompileExec4141495156/fast"
/usr/bin/make -f CMakeFiles/cmTryCompileExec4141495156.dir/build.make CMakeFiles/cmTryCompileExec4141495156.dir/build
make[1]: Entering directory '/home/viniciusmoraes/Computacao Grafica/cg_ufpel/Trabalho 3/CMakeFiles/CMakeTmp'
/usr/bin/cmake -E cmake_progress_report "/home/viniciusmoraes/Computacao Grafica/cg_ufpel/Trabalho 3/CMakeFiles/CMakeTmp/CMakeFiles" 1
Building C object CMakeFiles/cmTryCompileExec4141495156.dir/CheckFunctionExists.c.o
/usr/bin/cc   -DCHECK_FUNCTION_EXISTS=pthread_create   -o CMakeFiles/cmTryCompileExec4141495156.dir/CheckFunctionExists.c.o   -c /usr/share/cmake-3.0/Modules/CheckFunctionExists.c
Linking C executable cmTryCompileExec4141495156
/usr/bin/cmake -E cmake_link_script CMakeFiles/cmTryCompileExec4141495156.dir/link.txt --verbose=1
/usr/bin/cc   -DCHECK_FUNCTION_EXISTS=pthread_create    CMakeFiles/cmTryCompileExec4141495156.dir/CheckFunctionExists.c.o  -o cmTryCompileExec4141495156 -rdynamic -lpthreads 
/usr/bin/ld: não foi possível encontrar -lpthreads
collect2: error: ld returned 1 exit status
CMakeFiles/cmTryCompileExec4141495156.dir/build.make:88: recipe for target 'cmTryCompileExec4141495156' failed
make[1]: *** [cmTryCompileExec4141495156] Error 1
make[1]: Leaving directory '/home/viniciusmoraes/Computacao Grafica/cg_ufpel/Trabalho 3/CMakeFiles/CMakeTmp'
Makefile:118: recipe for target 'cmTryCompileExec4141495156/fast' failed
make: *** [cmTryCompileExec4141495156/fast] Error 2


Determining if the function glXGetProcAddressEXT exists failed with the following output:
Change Dir: /home/viniciusmoraes/Computacao Grafica/cg_ufpel/Trabalho 3/CMakeFiles/CMakeTmp

Run Build Command:"/usr/bin/make" "cmTryCompileExec4035130194/fast"
/usr/bin/make -f CMakeFiles/cmTryCompileExec4035130194.dir/build.make CMakeFiles/cmTryCompileExec4035130194.dir/build
make[1]: Entering directory '/home/viniciusmoraes/Computacao Grafica/cg_ufpel/Trabalho 3/CMakeFiles/CMakeTmp'
/usr/bin/cmake -E cmake_progress_report "/home/viniciusmoraes/Computacao Grafica/cg_ufpel/Trabalho 3/CMakeFiles/CMakeTmp/CMakeFiles" 1
Building C object CMakeFiles/cmTryCompileExec4035130194.dir/CheckFunctionExists.c.o
/usr/bin/cc   -DCHECK_FUNCTION_EXISTS=glXGetProcAddressEXT   -o CMakeFiles/cmTryCompileExec4035130194.dir/CheckFunctionExists.c.o   -c /usr/share/cmake-3.0/Modules/CheckFunctionExists.c
Linking C executable cmTryCompileExec4035130194
/usr/bin/cmake -E cmake_link_script CMakeFiles/cmTryCompileExec4035130194.dir/link.txt --verbose=1
/usr/bin/cc   -DCHECK_FUNCTION_EXISTS=glXGetProcAddressEXT    CMakeFiles/cmTryCompileExec4035130194.dir/CheckFunctionExists.c.o  -o cmTryCompileExec4035130194 -rdynamic -lGL 
CMakeFiles/cmTryCompileExec4035130194.dir/CheckFunctionExists.c.o: na função `main':
CheckFunctionExists.c:(.text+0x15): referência indefinida para `glXGetProcAddressEXT'
collect2: error: ld returned 1 exit status
CMakeFiles/cmTryCompileExec4035130194.dir/build.make:89: recipe for target 'cmTryCompileExec4035130194' failed
make[1]: Leaving directory '/home/viniciusmoraes/Computacao Grafica/cg_ufpel/Trabalho 3/CMakeFiles/CMakeTmp'
make[1]: *** [cmTryCompileExec4035130194] Error 1
Makefile:118: recipe for target 'cmTryCompileExec4035130194/fast' failed
make: *** [cmTryCompileExec4035130194/fast] Error 2


