The system is: Linux - 3.19.0-26-generic - x86_64
Compiling the C compiler identification source file "CMakeCCompilerId.c" succeeded.
Compiler: /usr/bin/cc 
Build flags: 
Id flags: 

The output was:
0


Compilation of the C compiler identification source "CMakeCCompilerId.c" produced "a.out"

The C compiler identification is GNU, found in "/home/viniciusmoraes/Computacao Grafica/cg_ufpel/Trabalho 3/CMakeFiles/3.0.2/CompilerIdC/a.out"

Compiling the CXX compiler identification source file "CMakeCXXCompilerId.cpp" succeeded.
Compiler: /usr/bin/c++ 
Build flags: 
Id flags: 

The output was:
0


Compilation of the CXX compiler identification source "CMakeCXXCompilerId.cpp" produced "a.out"

The CXX compiler identification is GNU, found in "/home/viniciusmoraes/Computacao Grafica/cg_ufpel/Trabalho 3/CMakeFiles/3.0.2/CompilerIdCXX/a.out"

Determining if the C compiler works passed with the following output:
Change Dir: /home/viniciusmoraes/Computacao Grafica/cg_ufpel/Trabalho 3/CMakeFiles/CMakeTmp

Run Build Command:"/usr/bin/make" "cmTryCompileExec3276797595/fast"
/usr/bin/make -f CMakeFiles/cmTryCompileExec3276797595.dir/build.make CMakeFiles/cmTryCompileExec3276797595.dir/build
make[1]: Entering directory '/home/viniciusmoraes/Computacao Grafica/cg_ufpel/Trabalho 3/CMakeFiles/CMakeTmp'
/usr/bin/cmake -E cmake_progress_report "/home/viniciusmoraes/Computacao Grafica/cg_ufpel/Trabalho 3/CMakeFiles/CMakeTmp/CMakeFiles" 1
Building C object CMakeFiles/cmTryCompileExec3276797595.dir/testCCompiler.c.o
/usr/bin/cc    -o CMakeFiles/cmTryCompileExec3276797595.dir/testCCompiler.c.o   -c "/home/viniciusmoraes/Computacao Grafica/cg_ufpel/Trabalho 3/CMakeFiles/CMakeTmp/testCCompiler.c"
Linking C executable cmTryCompileExec3276797595
/usr/bin/cmake -E cmake_link_script CMakeFiles/cmTryCompileExec3276797595.dir/link.txt --verbose=1
/usr/bin/cc       CMakeFiles/cmTryCompileExec3276797595.dir/testCCompiler.c.o  -o cmTryCompileExec3276797595 -rdynamic 
make[1]: Leaving directory '/home/viniciusmoraes/Computacao Grafica/cg_ufpel/Trabalho 3/CMakeFiles/CMakeTmp'


Detecting C compiler ABI info compiled with the following output:
Change Dir: /home/viniciusmoraes/Computacao Grafica/cg_ufpel/Trabalho 3/CMakeFiles/CMakeTmp

Run Build Command:"/usr/bin/make" "cmTryCompileExec3232804211/fast"
/usr/bin/make -f CMakeFiles/cmTryCompileExec3232804211.dir/build.make CMakeFiles/cmTryCompileExec3232804211.dir/build
make[1]: Entering directory '/home/viniciusmoraes/Computacao Grafica/cg_ufpel/Trabalho 3/CMakeFiles/CMakeTmp'
/usr/bin/cmake -E cmake_progress_report "/home/viniciusmoraes/Computacao Grafica/cg_ufpel/Trabalho 3/CMakeFiles/CMakeTmp/CMakeFiles" 1
Building C object CMakeFiles/cmTryCompileExec3232804211.dir/CMakeCCompilerABI.c.o
/usr/bin/cc    -o CMakeFiles/cmTryCompileExec3232804211.dir/CMakeCCompilerABI.c.o   -c /usr/share/cmake-3.0/Modules/CMakeCCompilerABI.c
Linking C executable cmTryCompileExec3232804211
/usr/bin/cmake -E cmake_link_script CMakeFiles/cmTryCompileExec3232804211.dir/link.txt --verbose=1
/usr/bin/cc     -v CMakeFiles/cmTryCompileExec3232804211.dir/CMakeCCompilerABI.c.o  -o cmTryCompileExec3232804211 -rdynamic  
Using built-in specs.
COLLECT_GCC=/usr/bin/cc
COLLECT_LTO_WRAPPER=/usr/lib/gcc/x86_64-linux-gnu/4.9/lto-wrapper
Target: x86_64-linux-gnu
Configured with: ../src/configure -v --with-pkgversion='Ubuntu 4.9.2-10ubuntu13' --with-bugurl=file:///usr/share/doc/gcc-4.9/README.Bugs --enable-languages=c,c++,java,go,d,fortran,objc,obj-c++ --prefix=/usr --program-suffix=-4.9 --enable-shared --enable-linker-build-id --libexecdir=/usr/lib --without-included-gettext --enable-threads=posix --with-gxx-include-dir=/usr/include/c++/4.9 --libdir=/usr/lib --enable-nls --with-sysroot=/ --enable-clocale=gnu --enable-libstdcxx-debug --enable-libstdcxx-time=yes --enable-gnu-unique-object --disable-vtable-verify --enable-plugin --with-system-zlib --disable-browser-plugin --enable-java-awt=gtk --enable-gtk-cairo --with-java-home=/usr/lib/jvm/java-1.5.0-gcj-4.9-amd64/jre --enable-java-home --with-jvm-root-dir=/usr/lib/jvm/java-1.5.0-gcj-4.9-amd64 --with-jvm-jar-dir=/usr/lib/jvm-exports/java-1.5.0-gcj-4.9-amd64 --with-arch-directory=amd64 --with-ecj-jar=/usr/share/java/eclipse-ecj.jar --enable-objc-gc --enable-multiarch --disable-werror --with-arch-32=i686 --with-abi=m64 --with-multilib-list=m32,m64,mx32 --enable-multilib --with-tune=generic --enable-checking=release --build=x86_64-linux-gnu --host=x86_64-linux-gnu --target=x86_64-linux-gnu
Thread model: posix
gcc version 4.9.2 (Ubuntu 4.9.2-10ubuntu13) 
COMPILER_PATH=/usr/lib/gcc/x86_64-linux-gnu/4.9/:/usr/lib/gcc/x86_64-linux-gnu/4.9/:/usr/lib/gcc/x86_64-linux-gnu/:/usr/lib/gcc/x86_64-linux-gnu/4.9/:/usr/lib/gcc/x86_64-linux-gnu/
LIBRARY_PATH=/usr/lib/gcc/x86_64-linux-gnu/4.9/:/usr/lib/gcc/x86_64-linux-gnu/4.9/../../../x86_64-linux-gnu/:/usr/lib/gcc/x86_64-linux-gnu/4.9/../../../../lib/:/lib/x86_64-linux-gnu/:/lib/../lib/:/usr/lib/x86_64-linux-gnu/:/usr/lib/../lib/:/usr/lib/gcc/x86_64-linux-gnu/4.9/../../../:/lib/:/usr/lib/
COLLECT_GCC_OPTIONS='-v' '-o' 'cmTryCompileExec3232804211' '-rdynamic' '-mtune=generic' '-march=x86-64'
 /usr/lib/gcc/x86_64-linux-gnu/4.9/collect2 -plugin /usr/lib/gcc/x86_64-linux-gnu/4.9/liblto_plugin.so -plugin-opt=/usr/lib/gcc/x86_64-linux-gnu/4.9/lto-wrapper -plugin-opt=-fresolution=/tmp/ccjcIqdy.res -plugin-opt=-pass-through=-lgcc -plugin-opt=-pass-through=-lgcc_s -plugin-opt=-pass-through=-lc -plugin-opt=-pass-through=-lgcc -plugin-opt=-pass-through=-lgcc_s --sysroot=/ --build-id --eh-frame-hdr -m elf_x86_64 --hash-style=gnu --as-needed -export-dynamic -dynamic-linker /lib64/ld-linux-x86-64.so.2 -z relro -o cmTryCompileExec3232804211 /usr/lib/gcc/x86_64-linux-gnu/4.9/../../../x86_64-linux-gnu/crt1.o /usr/lib/gcc/x86_64-linux-gnu/4.9/../../../x86_64-linux-gnu/crti.o /usr/lib/gcc/x86_64-linux-gnu/4.9/crtbegin.o -L/usr/lib/gcc/x86_64-linux-gnu/4.9 -L/usr/lib/gcc/x86_64-linux-gnu/4.9/../../../x86_64-linux-gnu -L/usr/lib/gcc/x86_64-linux-gnu/4.9/../../../../lib -L/lib/x86_64-linux-gnu -L/lib/../lib -L/usr/lib/x86_64-linux-gnu -L/usr/lib/../lib -L/usr/lib/gcc/x86_64-linux-gnu/4.9/../../.. CMakeFiles/cmTryCompileExec3232804211.dir/CMakeCCompilerABI.c.o -lgcc --as-needed -lgcc_s --no-as-needed -lc -lgcc --as-needed -lgcc_s --no-as-needed /usr/lib/gcc/x86_64-linux-gnu/4.9/crtend.o /usr/lib/gcc/x86_64-linux-gnu/4.9/../../../x86_64-linux-gnu/crtn.o
make[1]: Leaving directory '/home/viniciusmoraes/Computacao Grafica/cg_ufpel/Trabalho 3/CMakeFiles/CMakeTmp'


Parsed C implicit link information from above output:
  link line regex: [^( *|.*[/\])(ld|([^/\]+-)?ld|collect2)[^/\]*( |$)]
  ignore line: [Change Dir: /home/viniciusmoraes/Computacao Grafica/cg_ufpel/Trabalho 3/CMakeFiles/CMakeTmp]
  ignore line: []
  ignore line: [Run Build Command:"/usr/bin/make" "cmTryCompileExec3232804211/fast"]
  ignore line: [/usr/bin/make -f CMakeFiles/cmTryCompileExec3232804211.dir/build.make CMakeFiles/cmTryCompileExec3232804211.dir/build]
  ignore line: [make[1]: Entering directory '/home/viniciusmoraes/Computacao Grafica/cg_ufpel/Trabalho 3/CMakeFiles/CMakeTmp']
  ignore line: [/usr/bin/cmake -E cmake_progress_report "/home/viniciusmoraes/Computacao Grafica/cg_ufpel/Trabalho 3/CMakeFiles/CMakeTmp/CMakeFiles" 1]
  ignore line: [Building C object CMakeFiles/cmTryCompileExec3232804211.dir/CMakeCCompilerABI.c.o]
  ignore line: [/usr/bin/cc    -o CMakeFiles/cmTryCompileExec3232804211.dir/CMakeCCompilerABI.c.o   -c /usr/share/cmake-3.0/Modules/CMakeCCompilerABI.c]
  ignore line: [Linking C executable cmTryCompileExec3232804211]
  ignore line: [/usr/bin/cmake -E cmake_link_script CMakeFiles/cmTryCompileExec3232804211.dir/link.txt --verbose=1]
  ignore line: [/usr/bin/cc     -v CMakeFiles/cmTryCompileExec3232804211.dir/CMakeCCompilerABI.c.o  -o cmTryCompileExec3232804211 -rdynamic  ]
  ignore line: [Using built-in specs.]
  ignore line: [COLLECT_GCC=/usr/bin/cc]
  ignore line: [COLLECT_LTO_WRAPPER=/usr/lib/gcc/x86_64-linux-gnu/4.9/lto-wrapper]
  ignore line: [Target: x86_64-linux-gnu]
  ignore line: [Configured with: ../src/configure -v --with-pkgversion='Ubuntu 4.9.2-10ubuntu13' --with-bugurl=file:///usr/share/doc/gcc-4.9/README.Bugs --enable-languages=c,c++,java,go,d,fortran,objc,obj-c++ --prefix=/usr --program-suffix=-4.9 --enable-shared --enable-linker-build-id --libexecdir=/usr/lib --without-included-gettext --enable-threads=posix --with-gxx-include-dir=/usr/include/c++/4.9 --libdir=/usr/lib --enable-nls --with-sysroot=/ --enable-clocale=gnu --enable-libstdcxx-debug --enable-libstdcxx-time=yes --enable-gnu-unique-object --disable-vtable-verify --enable-plugin --with-system-zlib --disable-browser-plugin --enable-java-awt=gtk --enable-gtk-cairo --with-java-home=/usr/lib/jvm/java-1.5.0-gcj-4.9-amd64/jre --enable-java-home --with-jvm-root-dir=/usr/lib/jvm/java-1.5.0-gcj-4.9-amd64 --with-jvm-jar-dir=/usr/lib/jvm-exports/java-1.5.0-gcj-4.9-amd64 --with-arch-directory=amd64 --with-ecj-jar=/usr/share/java/eclipse-ecj.jar --enable-objc-gc --enable-multiarch --disable-werror --with-arch-32=i686 --with-abi=m64 --with-multilib-list=m32,m64,mx32 --enable-multilib --with-tune=generic --enable-checking=release --build=x86_64-linux-gnu --host=x86_64-linux-gnu --target=x86_64-linux-gnu]
  ignore line: [Thread model: posix]
  ignore line: [gcc version 4.9.2 (Ubuntu 4.9.2-10ubuntu13) ]
  ignore line: [COMPILER_PATH=/usr/lib/gcc/x86_64-linux-gnu/4.9/:/usr/lib/gcc/x86_64-linux-gnu/4.9/:/usr/lib/gcc/x86_64-linux-gnu/:/usr/lib/gcc/x86_64-linux-gnu/4.9/:/usr/lib/gcc/x86_64-linux-gnu/]
  ignore line: [LIBRARY_PATH=/usr/lib/gcc/x86_64-linux-gnu/4.9/:/usr/lib/gcc/x86_64-linux-gnu/4.9/../../../x86_64-linux-gnu/:/usr/lib/gcc/x86_64-linux-gnu/4.9/../../../../lib/:/lib/x86_64-linux-gnu/:/lib/../lib/:/usr/lib/x86_64-linux-gnu/:/usr/lib/../lib/:/usr/lib/gcc/x86_64-linux-gnu/4.9/../../../:/lib/:/usr/lib/]
  ignore line: [COLLECT_GCC_OPTIONS='-v' '-o' 'cmTryCompileExec3232804211' '-rdynamic' '-mtune=generic' '-march=x86-64']
  link line: [ /usr/lib/gcc/x86_64-linux-gnu/4.9/collect2 -plugin /usr/lib/gcc/x86_64-linux-gnu/4.9/liblto_plugin.so -plugin-opt=/usr/lib/gcc/x86_64-linux-gnu/4.9/lto-wrapper -plugin-opt=-fresolution=/tmp/ccjcIqdy.res -plugin-opt=-pass-through=-lgcc -plugin-opt=-pass-through=-lgcc_s -plugin-opt=-pass-through=-lc -plugin-opt=-pass-through=-lgcc -plugin-opt=-pass-through=-lgcc_s --sysroot=/ --build-id --eh-frame-hdr -m elf_x86_64 --hash-style=gnu --as-needed -export-dynamic -dynamic-linker /lib64/ld-linux-x86-64.so.2 -z relro -o cmTryCompileExec3232804211 /usr/lib/gcc/x86_64-linux-gnu/4.9/../../../x86_64-linux-gnu/crt1.o /usr/lib/gcc/x86_64-linux-gnu/4.9/../../../x86_64-linux-gnu/crti.o /usr/lib/gcc/x86_64-linux-gnu/4.9/crtbegin.o -L/usr/lib/gcc/x86_64-linux-gnu/4.9 -L/usr/lib/gcc/x86_64-linux-gnu/4.9/../../../x86_64-linux-gnu -L/usr/lib/gcc/x86_64-linux-gnu/4.9/../../../../lib -L/lib/x86_64-linux-gnu -L/lib/../lib -L/usr/lib/x86_64-linux-gnu -L/usr/lib/../lib -L/usr/lib/gcc/x86_64-linux-gnu/4.9/../../.. CMakeFiles/cmTryCompileExec3232804211.dir/CMakeCCompilerABI.c.o -lgcc --as-needed -lgcc_s --no-as-needed -lc -lgcc --as-needed -lgcc_s --no-as-needed /usr/lib/gcc/x86_64-linux-gnu/4.9/crtend.o /usr/lib/gcc/x86_64-linux-gnu/4.9/../../../x86_64-linux-gnu/crtn.o]
    arg [/usr/lib/gcc/x86_64-linux-gnu/4.9/collect2] ==> ignore
    arg [-plugin] ==> ignore
    arg [/usr/lib/gcc/x86_64-linux-gnu/4.9/liblto_plugin.so] ==> ignore
    arg [-plugin-opt=/usr/lib/gcc/x86_64-linux-gnu/4.9/lto-wrapper] ==> ignore
    arg [-plugin-opt=-fresolution=/tmp/ccjcIqdy.res] ==> ignore
    arg [-plugin-opt=-pass-through=-lgcc] ==> ignore
    arg [-plugin-opt=-pass-through=-lgcc_s] ==> ignore
    arg [-plugin-opt=-pass-through=-lc] ==> ignore
    arg [-plugin-opt=-pass-through=-lgcc] ==> ignore
    arg [-plugin-opt=-pass-through=-lgcc_s] ==> ignore
    arg [--sysroot=/] ==> ignore
    arg [--build-id] ==> ignore
    arg [--eh-frame-hdr] ==> ignore
    arg [-m] ==> ignore
    arg [elf_x86_64] ==> ignore
    arg [--hash-style=gnu] ==> ignore
    arg [--as-needed] ==> ignore
    arg [-export-dynamic] ==> ignore
    arg [-dynamic-linker] ==> ignore
    arg [/lib64/ld-linux-x86-64.so.2] ==> ignore
    arg [-zrelro] ==> ignore
    arg [-o] ==> ignore
    arg [cmTryCompileExec3232804211] ==> ignore
    arg [/usr/lib/gcc/x86_64-linux-gnu/4.9/../../../x86_64-linux-gnu/crt1.o] ==> ignore
    arg [/usr/lib/gcc/x86_64-linux-gnu/4.9/../../../x86_64-linux-gnu/crti.o] ==> ignore
    arg [/usr/lib/gcc/x86_64-linux-gnu/4.9/crtbegin.o] ==> ignore
    arg [-L/usr/lib/gcc/x86_64-linux-gnu/4.9] ==> dir [/usr/lib/gcc/x86_64-linux-gnu/4.9]
    arg [-L/usr/lib/gcc/x86_64-linux-gnu/4.9/../../../x86_64-linux-gnu] ==> dir [/usr/lib/gcc/x86_64-linux-gnu/4.9/../../../x86_64-linux-gnu]
    arg [-L/usr/lib/gcc/x86_64-linux-gnu/4.9/../../../../lib] ==> dir [/usr/lib/gcc/x86_64-linux-gnu/4.9/../../../../lib]
    arg [-L/lib/x86_64-linux-gnu] ==> dir [/lib/x86_64-linux-gnu]
    arg [-L/lib/../lib] ==> dir [/lib/../lib]
    arg [-L/usr/lib/x86_64-linux-gnu] ==> dir [/usr/lib/x86_64-linux-gnu]
    arg [-L/usr/lib/../lib] ==> dir [/usr/lib/../lib]
    arg [-L/usr/lib/gcc/x86_64-linux-gnu/4.9/../../..] ==> dir [/usr/lib/gcc/x86_64-linux-gnu/4.9/../../..]
    arg [CMakeFiles/cmTryCompileExec3232804211.dir/CMakeCCompilerABI.c.o] ==> ignore
    arg [-lgcc] ==> lib [gcc]
    arg [--as-needed] ==> ignore
    arg [-lgcc_s] ==> lib [gcc_s]
    arg [--no-as-needed] ==> ignore
    arg [-lc] ==> lib [c]
    arg [-lgcc] ==> lib [gcc]
    arg [--as-needed] ==> ignore
    arg [-lgcc_s] ==> lib [gcc_s]
    arg [--no-as-needed] ==> ignore
    arg [/usr/lib/gcc/x86_64-linux-gnu/4.9/crtend.o] ==> ignore
    arg [/usr/lib/gcc/x86_64-linux-gnu/4.9/../../../x86_64-linux-gnu/crtn.o] ==> ignore
  remove lib [gcc]
  remove lib [gcc_s]
  remove lib [gcc]
  remove lib [gcc_s]
  collapse library dir [/usr/lib/gcc/x86_64-linux-gnu/4.9] ==> [/usr/lib/gcc/x86_64-linux-gnu/4.9]
  collapse library dir [/usr/lib/gcc/x86_64-linux-gnu/4.9/../../../x86_64-linux-gnu] ==> [/usr/lib/x86_64-linux-gnu]
  collapse library dir [/usr/lib/gcc/x86_64-linux-gnu/4.9/../../../../lib] ==> [/usr/lib]
  collapse library dir [/lib/x86_64-linux-gnu] ==> [/lib/x86_64-linux-gnu]
  collapse library dir [/lib/../lib] ==> [/lib]
  collapse library dir [/usr/lib/x86_64-linux-gnu] ==> [/usr/lib/x86_64-linux-gnu]
  collapse library dir [/usr/lib/../lib] ==> [/usr/lib]
  collapse library dir [/usr/lib/gcc/x86_64-linux-gnu/4.9/../../..] ==> [/usr/lib]
  implicit libs: [c]
  implicit dirs: [/usr/lib/gcc/x86_64-linux-gnu/4.9;/usr/lib/x86_64-linux-gnu;/usr/lib;/lib/x86_64-linux-gnu;/lib]
  implicit fwks: []


Determining if the CXX compiler works passed with the following output:
Change Dir: /home/viniciusmoraes/Computacao Grafica/cg_ufpel/Trabalho 3/CMakeFiles/CMakeTmp

Run Build Command:"/usr/bin/make" "cmTryCompileExec433968613/fast"
/usr/bin/make -f CMakeFiles/cmTryCompileExec433968613.dir/build.make CMakeFiles/cmTryCompileExec433968613.dir/build
make[1]: Entering directory '/home/viniciusmoraes/Computacao Grafica/cg_ufpel/Trabalho 3/CMakeFiles/CMakeTmp'
/usr/bin/cmake -E cmake_progress_report "/home/viniciusmoraes/Computacao Grafica/cg_ufpel/Trabalho 3/CMakeFiles/CMakeTmp/CMakeFiles" 1
Building CXX object CMakeFiles/cmTryCompileExec433968613.dir/testCXXCompiler.cxx.o
/usr/bin/c++     -o CMakeFiles/cmTryCompileExec433968613.dir/testCXXCompiler.cxx.o -c "/home/viniciusmoraes/Computacao Grafica/cg_ufpel/Trabalho 3/CMakeFiles/CMakeTmp/testCXXCompiler.cxx"
Linking CXX executable cmTryCompileExec433968613
/usr/bin/cmake -E cmake_link_script CMakeFiles/cmTryCompileExec433968613.dir/link.txt --verbose=1
/usr/bin/c++        CMakeFiles/cmTryCompileExec433968613.dir/testCXXCompiler.cxx.o  -o cmTryCompileExec433968613 -rdynamic 
make[1]: Leaving directory '/home/viniciusmoraes/Computacao Grafica/cg_ufpel/Trabalho 3/CMakeFiles/CMakeTmp'


Detecting CXX compiler ABI info compiled with the following output:
Change Dir: /home/viniciusmoraes/Computacao Grafica/cg_ufpel/Trabalho 3/CMakeFiles/CMakeTmp

Run Build Command:"/usr/bin/make" "cmTryCompileExec1495712724/fast"
/usr/bin/make -f CMakeFiles/cmTryCompileExec1495712724.dir/build.make CMakeFiles/cmTryCompileExec1495712724.dir/build
make[1]: Entering directory '/home/viniciusmoraes/Computacao Grafica/cg_ufpel/Trabalho 3/CMakeFiles/CMakeTmp'
/usr/bin/cmake -E cmake_progress_report "/home/viniciusmoraes/Computacao Grafica/cg_ufpel/Trabalho 3/CMakeFiles/CMakeTmp/CMakeFiles" 1
Building CXX object CMakeFiles/cmTryCompileExec1495712724.dir/CMakeCXXCompilerABI.cpp.o
/usr/bin/c++     -o CMakeFiles/cmTryCompileExec1495712724.dir/CMakeCXXCompilerABI.cpp.o -c /usr/share/cmake-3.0/Modules/CMakeCXXCompilerABI.cpp
Linking CXX executable cmTryCompileExec1495712724
/usr/bin/cmake -E cmake_link_script CMakeFiles/cmTryCompileExec1495712724.dir/link.txt --verbose=1
/usr/bin/c++      -v CMakeFiles/cmTryCompileExec1495712724.dir/CMakeCXXCompilerABI.cpp.o  -o cmTryCompileExec1495712724 -rdynamic  
Using built-in specs.
COLLECT_GCC=/usr/bin/c++
COLLECT_LTO_WRAPPER=/usr/lib/gcc/x86_64-linux-gnu/4.9/lto-wrapper
Target: x86_64-linux-gnu
Configured with: ../src/configure -v --with-pkgversion='Ubuntu 4.9.2-10ubuntu13' --with-bugurl=file:///usr/share/doc/gcc-4.9/README.Bugs --enable-languages=c,c++,java,go,d,fortran,objc,obj-c++ --prefix=/usr --program-suffix=-4.9 --enable-shared --enable-linker-build-id --libexecdir=/usr/lib --without-included-gettext --enable-threads=posix --with-gxx-include-dir=/usr/include/c++/4.9 --libdir=/usr/lib --enable-nls --with-sysroot=/ --enable-clocale=gnu --enable-libstdcxx-debug --enable-libstdcxx-time=yes --enable-gnu-unique-object --disable-vtable-verify --enable-plugin --with-system-zlib --disable-browser-plugin --enable-java-awt=gtk --enable-gtk-cairo --with-java-home=/usr/lib/jvm/java-1.5.0-gcj-4.9-amd64/jre --enable-java-home --with-jvm-root-dir=/usr/lib/jvm/java-1.5.0-gcj-4.9-amd64 --with-jvm-jar-dir=/usr/lib/jvm-exports/java-1.5.0-gcj-4.9-amd64 --with-arch-directory=amd64 --with-ecj-jar=/usr/share/java/eclipse-ecj.jar --enable-objc-gc --enable-multiarch --disable-werror --with-arch-32=i686 --with-abi=m64 --with-multilib-list=m32,m64,mx32 --enable-multilib --with-tune=generic --enable-checking=release --build=x86_64-linux-gnu --host=x86_64-linux-gnu --target=x86_64-linux-gnu
Thread model: posix
gcc version 4.9.2 (Ubuntu 4.9.2-10ubuntu13) 
COMPILER_PATH=/usr/lib/gcc/x86_64-linux-gnu/4.9/:/usr/lib/gcc/x86_64-linux-gnu/4.9/:/usr/lib/gcc/x86_64-linux-gnu/:/usr/lib/gcc/x86_64-linux-gnu/4.9/:/usr/lib/gcc/x86_64-linux-gnu/
LIBRARY_PATH=/usr/lib/gcc/x86_64-linux-gnu/4.9/:/usr/lib/gcc/x86_64-linux-gnu/4.9/../../../x86_64-linux-gnu/:/usr/lib/gcc/x86_64-linux-gnu/4.9/../../../../lib/:/lib/x86_64-linux-gnu/:/lib/../lib/:/usr/lib/x86_64-linux-gnu/:/usr/lib/../lib/:/usr/lib/gcc/x86_64-linux-gnu/4.9/../../../:/lib/:/usr/lib/
COLLECT_GCC_OPTIONS='-v' '-o' 'cmTryCompileExec1495712724' '-rdynamic' '-shared-libgcc' '-mtune=generic' '-march=x86-64'
 /usr/lib/gcc/x86_64-linux-gnu/4.9/collect2 -plugin /usr/lib/gcc/x86_64-linux-gnu/4.9/liblto_plugin.so -plugin-opt=/usr/lib/gcc/x86_64-linux-gnu/4.9/lto-wrapper -plugin-opt=-fresolution=/tmp/ccND3otP.res -plugin-opt=-pass-through=-lgcc_s -plugin-opt=-pass-through=-lgcc -plugin-opt=-pass-through=-lc -plugin-opt=-pass-through=-lgcc_s -plugin-opt=-pass-through=-lgcc --sysroot=/ --build-id --eh-frame-hdr -m elf_x86_64 --hash-style=gnu --as-needed -export-dynamic -dynamic-linker /lib64/ld-linux-x86-64.so.2 -z relro -o cmTryCompileExec1495712724 /usr/lib/gcc/x86_64-linux-gnu/4.9/../../../x86_64-linux-gnu/crt1.o /usr/lib/gcc/x86_64-linux-gnu/4.9/../../../x86_64-linux-gnu/crti.o /usr/lib/gcc/x86_64-linux-gnu/4.9/crtbegin.o -L/usr/lib/gcc/x86_64-linux-gnu/4.9 -L/usr/lib/gcc/x86_64-linux-gnu/4.9/../../../x86_64-linux-gnu -L/usr/lib/gcc/x86_64-linux-gnu/4.9/../../../../lib -L/lib/x86_64-linux-gnu -L/lib/../lib -L/usr/lib/x86_64-linux-gnu -L/usr/lib/../lib -L/usr/lib/gcc/x86_64-linux-gnu/4.9/../../.. CMakeFiles/cmTryCompileExec1495712724.dir/CMakeCXXCompilerABI.cpp.o -lstdc++ -lm -lgcc_s -lgcc -lc -lgcc_s -lgcc /usr/lib/gcc/x86_64-linux-gnu/4.9/crtend.o /usr/lib/gcc/x86_64-linux-gnu/4.9/../../../x86_64-linux-gnu/crtn.o
make[1]: Leaving directory '/home/viniciusmoraes/Computacao Grafica/cg_ufpel/Trabalho 3/CMakeFiles/CMakeTmp'


Parsed CXX implicit link information from above output:
  link line regex: [^( *|.*[/\])(ld|([^/\]+-)?ld|collect2)[^/\]*( |$)]
  ignore line: [Change Dir: /home/viniciusmoraes/Computacao Grafica/cg_ufpel/Trabalho 3/CMakeFiles/CMakeTmp]
  ignore line: []
  ignore line: [Run Build Command:"/usr/bin/make" "cmTryCompileExec1495712724/fast"]
  ignore line: [/usr/bin/make -f CMakeFiles/cmTryCompileExec1495712724.dir/build.make CMakeFiles/cmTryCompileExec1495712724.dir/build]
  ignore line: [make[1]: Entering directory '/home/viniciusmoraes/Computacao Grafica/cg_ufpel/Trabalho 3/CMakeFiles/CMakeTmp']
  ignore line: [/usr/bin/cmake -E cmake_progress_report "/home/viniciusmoraes/Computacao Grafica/cg_ufpel/Trabalho 3/CMakeFiles/CMakeTmp/CMakeFiles" 1]
  ignore line: [Building CXX object CMakeFiles/cmTryCompileExec1495712724.dir/CMakeCXXCompilerABI.cpp.o]
  ignore line: [/usr/bin/c++     -o CMakeFiles/cmTryCompileExec1495712724.dir/CMakeCXXCompilerABI.cpp.o -c /usr/share/cmake-3.0/Modules/CMakeCXXCompilerABI.cpp]
  ignore line: [Linking CXX executable cmTryCompileExec1495712724]
  ignore line: [/usr/bin/cmake -E cmake_link_script CMakeFiles/cmTryCompileExec1495712724.dir/link.txt --verbose=1]
  ignore line: [/usr/bin/c++      -v CMakeFiles/cmTryCompileExec1495712724.dir/CMakeCXXCompilerABI.cpp.o  -o cmTryCompileExec1495712724 -rdynamic  ]
  ignore line: [Using built-in specs.]
  ignore line: [COLLECT_GCC=/usr/bin/c++]
  ignore line: [COLLECT_LTO_WRAPPER=/usr/lib/gcc/x86_64-linux-gnu/4.9/lto-wrapper]
  ignore line: [Target: x86_64-linux-gnu]
  ignore line: [Configured with: ../src/configure -v --with-pkgversion='Ubuntu 4.9.2-10ubuntu13' --with-bugurl=file:///usr/share/doc/gcc-4.9/README.Bugs --enable-languages=c,c++,java,go,d,fortran,objc,obj-c++ --prefix=/usr --program-suffix=-4.9 --enable-shared --enable-linker-build-id --libexecdir=/usr/lib --without-included-gettext --enable-threads=posix --with-gxx-include-dir=/usr/include/c++/4.9 --libdir=/usr/lib --enable-nls --with-sysroot=/ --enable-clocale=gnu --enable-libstdcxx-debug --enable-libstdcxx-time=yes --enable-gnu-unique-object --disable-vtable-verify --enable-plugin --with-system-zlib --disable-browser-plugin --enable-java-awt=gtk --enable-gtk-cairo --with-java-home=/usr/lib/jvm/java-1.5.0-gcj-4.9-amd64/jre --enable-java-home --with-jvm-root-dir=/usr/lib/jvm/java-1.5.0-gcj-4.9-amd64 --with-jvm-jar-dir=/usr/lib/jvm-exports/java-1.5.0-gcj-4.9-amd64 --with-arch-directory=amd64 --with-ecj-jar=/usr/share/java/eclipse-ecj.jar --enable-objc-gc --enable-multiarch --disable-werror --with-arch-32=i686 --with-abi=m64 --with-multilib-list=m32,m64,mx32 --enable-multilib --with-tune=generic --enable-checking=release --build=x86_64-linux-gnu --host=x86_64-linux-gnu --target=x86_64-linux-gnu]
  ignore line: [Thread model: posix]
  ignore line: [gcc version 4.9.2 (Ubuntu 4.9.2-10ubuntu13) ]
  ignore line: [COMPILER_PATH=/usr/lib/gcc/x86_64-linux-gnu/4.9/:/usr/lib/gcc/x86_64-linux-gnu/4.9/:/usr/lib/gcc/x86_64-linux-gnu/:/usr/lib/gcc/x86_64-linux-gnu/4.9/:/usr/lib/gcc/x86_64-linux-gnu/]
  ignore line: [LIBRARY_PATH=/usr/lib/gcc/x86_64-linux-gnu/4.9/:/usr/lib/gcc/x86_64-linux-gnu/4.9/../../../x86_64-linux-gnu/:/usr/lib/gcc/x86_64-linux-gnu/4.9/../../../../lib/:/lib/x86_64-linux-gnu/:/lib/../lib/:/usr/lib/x86_64-linux-gnu/:/usr/lib/../lib/:/usr/lib/gcc/x86_64-linux-gnu/4.9/../../../:/lib/:/usr/lib/]
  ignore line: [COLLECT_GCC_OPTIONS='-v' '-o' 'cmTryCompileExec1495712724' '-rdynamic' '-shared-libgcc' '-mtune=generic' '-march=x86-64']
  link line: [ /usr/lib/gcc/x86_64-linux-gnu/4.9/collect2 -plugin /usr/lib/gcc/x86_64-linux-gnu/4.9/liblto_plugin.so -plugin-opt=/usr/lib/gcc/x86_64-linux-gnu/4.9/lto-wrapper -plugin-opt=-fresolution=/tmp/ccND3otP.res -plugin-opt=-pass-through=-lgcc_s -plugin-opt=-pass-through=-lgcc -plugin-opt=-pass-through=-lc -plugin-opt=-pass-through=-lgcc_s -plugin-opt=-pass-through=-lgcc --sysroot=/ --build-id --eh-frame-hdr -m elf_x86_64 --hash-style=gnu --as-needed -export-dynamic -dynamic-linker /lib64/ld-linux-x86-64.so.2 -z relro -o cmTryCompileExec1495712724 /usr/lib/gcc/x86_64-linux-gnu/4.9/../../../x86_64-linux-gnu/crt1.o /usr/lib/gcc/x86_64-linux-gnu/4.9/../../../x86_64-linux-gnu/crti.o /usr/lib/gcc/x86_64-linux-gnu/4.9/crtbegin.o -L/usr/lib/gcc/x86_64-linux-gnu/4.9 -L/usr/lib/gcc/x86_64-linux-gnu/4.9/../../../x86_64-linux-gnu -L/usr/lib/gcc/x86_64-linux-gnu/4.9/../../../../lib -L/lib/x86_64-linux-gnu -L/lib/../lib -L/usr/lib/x86_64-linux-gnu -L/usr/lib/../lib -L/usr/lib/gcc/x86_64-linux-gnu/4.9/../../.. CMakeFiles/cmTryCompileExec1495712724.dir/CMakeCXXCompilerABI.cpp.o -lstdc++ -lm -lgcc_s -lgcc -lc -lgcc_s -lgcc /usr/lib/gcc/x86_64-linux-gnu/4.9/crtend.o /usr/lib/gcc/x86_64-linux-gnu/4.9/../../../x86_64-linux-gnu/crtn.o]
    arg [/usr/lib/gcc/x86_64-linux-gnu/4.9/collect2] ==> ignore
    arg [-plugin] ==> ignore
    arg [/usr/lib/gcc/x86_64-linux-gnu/4.9/liblto_plugin.so] ==> ignore
    arg [-plugin-opt=/usr/lib/gcc/x86_64-linux-gnu/4.9/lto-wrapper] ==> ignore
    arg [-plugin-opt=-fresolution=/tmp/ccND3otP.res] ==> ignore
    arg [-plugin-opt=-pass-through=-lgcc_s] ==> ignore
    arg [-plugin-opt=-pass-through=-lgcc] ==> ignore
    arg [-plugin-opt=-pass-through=-lc] ==> ignore
    arg [-plugin-opt=-pass-through=-lgcc_s] ==> ignore
    arg [-plugin-opt=-pass-through=-lgcc] ==> ignore
    arg [--sysroot=/] ==> ignore
    arg [--build-id] ==> ignore
    arg [--eh-frame-hdr] ==> ignore
    arg [-m] ==> ignore
    arg [elf_x86_64] ==> ignore
    arg [--hash-style=gnu] ==> ignore
    arg [--as-needed] ==> ignore
    arg [-export-dynamic] ==> ignore
    arg [-dynamic-linker] ==> ignore
    arg [/lib64/ld-linux-x86-64.so.2] ==> ignore
    arg [-zrelro] ==> ignore
    arg [-o] ==> ignore
    arg [cmTryCompileExec1495712724] ==> ignore
    arg [/usr/lib/gcc/x86_64-linux-gnu/4.9/../../../x86_64-linux-gnu/crt1.o] ==> ignore
    arg [/usr/lib/gcc/x86_64-linux-gnu/4.9/../../../x86_64-linux-gnu/crti.o] ==> ignore
    arg [/usr/lib/gcc/x86_64-linux-gnu/4.9/crtbegin.o] ==> ignore
    arg [-L/usr/lib/gcc/x86_64-linux-gnu/4.9] ==> dir [/usr/lib/gcc/x86_64-linux-gnu/4.9]
    arg [-L/usr/lib/gcc/x86_64-linux-gnu/4.9/../../../x86_64-linux-gnu] ==> dir [/usr/lib/gcc/x86_64-linux-gnu/4.9/../../../x86_64-linux-gnu]
    arg [-L/usr/lib/gcc/x86_64-linux-gnu/4.9/../../../../lib] ==> dir [/usr/lib/gcc/x86_64-linux-gnu/4.9/../../../../lib]
    arg [-L/lib/x86_64-linux-gnu] ==> dir [/lib/x86_64-linux-gnu]
    arg [-L/lib/../lib] ==> dir [/lib/../lib]
    arg [-L/usr/lib/x86_64-linux-gnu] ==> dir [/usr/lib/x86_64-linux-gnu]
    arg [-L/usr/lib/../lib] ==> dir [/usr/lib/../lib]
    arg [-L/usr/lib/gcc/x86_64-linux-gnu/4.9/../../..] ==> dir [/usr/lib/gcc/x86_64-linux-gnu/4.9/../../..]
    arg [CMakeFiles/cmTryCompileExec1495712724.dir/CMakeCXXCompilerABI.cpp.o] ==> ignore
    arg [-lstdc++] ==> lib [stdc++]
    arg [-lm] ==> lib [m]
    arg [-lgcc_s] ==> lib [gcc_s]
    arg [-lgcc] ==> lib [gcc]
    arg [-lc] ==> lib [c]
    arg [-lgcc_s] ==> lib [gcc_s]
    arg [-lgcc] ==> lib [gcc]
    arg [/usr/lib/gcc/x86_64-linux-gnu/4.9/crtend.o] ==> ignore
    arg [/usr/lib/gcc/x86_64-linux-gnu/4.9/../../../x86_64-linux-gnu/crtn.o] ==> ignore
  remove lib [gcc_s]
  remove lib [gcc]
  remove lib [gcc_s]
  remove lib [gcc]
  collapse library dir [/usr/lib/gcc/x86_64-linux-gnu/4.9] ==> [/usr/lib/gcc/x86_64-linux-gnu/4.9]
  collapse library dir [/usr/lib/gcc/x86_64-linux-gnu/4.9/../../../x86_64-linux-gnu] ==> [/usr/lib/x86_64-linux-gnu]
  collapse library dir [/usr/lib/gcc/x86_64-linux-gnu/4.9/../../../../lib] ==> [/usr/lib]
  collapse library dir [/lib/x86_64-linux-gnu] ==> [/lib/x86_64-linux-gnu]
  collapse library dir [/lib/../lib] ==> [/lib]
  collapse library dir [/usr/lib/x86_64-linux-gnu] ==> [/usr/lib/x86_64-linux-gnu]
  collapse library dir [/usr/lib/../lib] ==> [/usr/lib]
  collapse library dir [/usr/lib/gcc/x86_64-linux-gnu/4.9/../../..] ==> [/usr/lib]
  implicit libs: [stdc++;m;c]
  implicit dirs: [/usr/lib/gcc/x86_64-linux-gnu/4.9;/usr/lib/x86_64-linux-gnu;/usr/lib;/lib/x86_64-linux-gnu;/lib]
  implicit fwks: []


Determining if the function XOpenDisplay exists in the /usr/lib/x86_64-linux-gnu/libX11.so;/usr/lib/x86_64-linux-gnu/libXext.so passed with the following output:
Change Dir: /home/viniciusmoraes/Computacao Grafica/cg_ufpel/Trabalho 3/CMakeFiles/CMakeTmp

Run Build Command:"/usr/bin/make" "cmTryCompileExec1055000532/fast"
/usr/bin/make -f CMakeFiles/cmTryCompileExec1055000532.dir/build.make CMakeFiles/cmTryCompileExec1055000532.dir/build
make[1]: Entering directory '/home/viniciusmoraes/Computacao Grafica/cg_ufpel/Trabalho 3/CMakeFiles/CMakeTmp'
/usr/bin/cmake -E cmake_progress_report "/home/viniciusmoraes/Computacao Grafica/cg_ufpel/Trabalho 3/CMakeFiles/CMakeTmp/CMakeFiles" 1
Building C object CMakeFiles/cmTryCompileExec1055000532.dir/CheckFunctionExists.c.o
/usr/bin/cc   -DCHECK_FUNCTION_EXISTS=XOpenDisplay   -o CMakeFiles/cmTryCompileExec1055000532.dir/CheckFunctionExists.c.o   -c /usr/share/cmake-3.0/Modules/CheckFunctionExists.c
Linking C executable cmTryCompileExec1055000532
/usr/bin/cmake -E cmake_link_script CMakeFiles/cmTryCompileExec1055000532.dir/link.txt --verbose=1
/usr/bin/cc   -DCHECK_FUNCTION_EXISTS=XOpenDisplay    CMakeFiles/cmTryCompileExec1055000532.dir/CheckFunctionExists.c.o  -o cmTryCompileExec1055000532 -rdynamic -lX11 -lXext 
make[1]: Leaving directory '/home/viniciusmoraes/Computacao Grafica/cg_ufpel/Trabalho 3/CMakeFiles/CMakeTmp'


Determining if the function gethostbyname exists passed with the following output:
Change Dir: /home/viniciusmoraes/Computacao Grafica/cg_ufpel/Trabalho 3/CMakeFiles/CMakeTmp

Run Build Command:"/usr/bin/make" "cmTryCompileExec1708420076/fast"
/usr/bin/make -f CMakeFiles/cmTryCompileExec1708420076.dir/build.make CMakeFiles/cmTryCompileExec1708420076.dir/build
make[1]: Entering directory '/home/viniciusmoraes/Computacao Grafica/cg_ufpel/Trabalho 3/CMakeFiles/CMakeTmp'
/usr/bin/cmake -E cmake_progress_report "/home/viniciusmoraes/Computacao Grafica/cg_ufpel/Trabalho 3/CMakeFiles/CMakeTmp/CMakeFiles" 1
Building C object CMakeFiles/cmTryCompileExec1708420076.dir/CheckFunctionExists.c.o
/usr/bin/cc   -DCHECK_FUNCTION_EXISTS=gethostbyname   -o CMakeFiles/cmTryCompileExec1708420076.dir/CheckFunctionExists.c.o   -c /usr/share/cmake-3.0/Modules/CheckFunctionExists.c
Linking C executable cmTryCompileExec1708420076
/usr/bin/cmake -E cmake_link_script CMakeFiles/cmTryCompileExec1708420076.dir/link.txt --verbose=1
/usr/bin/cc   -DCHECK_FUNCTION_EXISTS=gethostbyname    CMakeFiles/cmTryCompileExec1708420076.dir/CheckFunctionExists.c.o  -o cmTryCompileExec1708420076 -rdynamic 
make[1]: Leaving directory '/home/viniciusmoraes/Computacao Grafica/cg_ufpel/Trabalho 3/CMakeFiles/CMakeTmp'


Determining if the function connect exists passed with the following output:
Change Dir: /home/viniciusmoraes/Computacao Grafica/cg_ufpel/Trabalho 3/CMakeFiles/CMakeTmp

Run Build Command:"/usr/bin/make" "cmTryCompileExec83832168/fast"
/usr/bin/make -f CMakeFiles/cmTryCompileExec83832168.dir/build.make CMakeFiles/cmTryCompileExec83832168.dir/build
make[1]: Entering directory '/home/viniciusmoraes/Computacao Grafica/cg_ufpel/Trabalho 3/CMakeFiles/CMakeTmp'
/usr/bin/cmake -E cmake_progress_report "/home/viniciusmoraes/Computacao Grafica/cg_ufpel/Trabalho 3/CMakeFiles/CMakeTmp/CMakeFiles" 1
Building C object CMakeFiles/cmTryCompileExec83832168.dir/CheckFunctionExists.c.o
/usr/bin/cc   -DCHECK_FUNCTION_EXISTS=connect   -o CMakeFiles/cmTryCompileExec83832168.dir/CheckFunctionExists.c.o   -c /usr/share/cmake-3.0/Modules/CheckFunctionExists.c
Linking C executable cmTryCompileExec83832168
/usr/bin/cmake -E cmake_link_script CMakeFiles/cmTryCompileExec83832168.dir/link.txt --verbose=1
/usr/bin/cc   -DCHECK_FUNCTION_EXISTS=connect    CMakeFiles/cmTryCompileExec83832168.dir/CheckFunctionExists.c.o  -o cmTryCompileExec83832168 -rdynamic 
make[1]: Leaving directory '/home/viniciusmoraes/Computacao Grafica/cg_ufpel/Trabalho 3/CMakeFiles/CMakeTmp'


Determining if the function remove exists passed with the following output:
Change Dir: /home/viniciusmoraes/Computacao Grafica/cg_ufpel/Trabalho 3/CMakeFiles/CMakeTmp

Run Build Command:"/usr/bin/make" "cmTryCompileExec3594118884/fast"
/usr/bin/make -f CMakeFiles/cmTryCompileExec3594118884.dir/build.make CMakeFiles/cmTryCompileExec3594118884.dir/build
make[1]: Entering directory '/home/viniciusmoraes/Computacao Grafica/cg_ufpel/Trabalho 3/CMakeFiles/CMakeTmp'
/usr/bin/cmake -E cmake_progress_report "/home/viniciusmoraes/Computacao Grafica/cg_ufpel/Trabalho 3/CMakeFiles/CMakeTmp/CMakeFiles" 1
Building C object CMakeFiles/cmTryCompileExec3594118884.dir/CheckFunctionExists.c.o
/usr/bin/cc   -DCHECK_FUNCTION_EXISTS=remove   -o CMakeFiles/cmTryCompileExec3594118884.dir/CheckFunctionExists.c.o   -c /usr/share/cmake-3.0/Modules/CheckFunctionExists.c
Linking C executable cmTryCompileExec3594118884
/usr/bin/cmake -E cmake_link_script CMakeFiles/cmTryCompileExec3594118884.dir/link.txt --verbose=1
/usr/bin/cc   -DCHECK_FUNCTION_EXISTS=remove    CMakeFiles/cmTryCompileExec3594118884.dir/CheckFunctionExists.c.o  -o cmTryCompileExec3594118884 -rdynamic 
make[1]: Leaving directory '/home/viniciusmoraes/Computacao Grafica/cg_ufpel/Trabalho 3/CMakeFiles/CMakeTmp'


Determining if the function shmat exists passed with the following output:
Change Dir: /home/viniciusmoraes/Computacao Grafica/cg_ufpel/Trabalho 3/CMakeFiles/CMakeTmp

Run Build Command:"/usr/bin/make" "cmTryCompileExec1860173686/fast"
/usr/bin/make -f CMakeFiles/cmTryCompileExec1860173686.dir/build.make CMakeFiles/cmTryCompileExec1860173686.dir/build
make[1]: Entering directory '/home/viniciusmoraes/Computacao Grafica/cg_ufpel/Trabalho 3/CMakeFiles/CMakeTmp'
/usr/bin/cmake -E cmake_progress_report "/home/viniciusmoraes/Computacao Grafica/cg_ufpel/Trabalho 3/CMakeFiles/CMakeTmp/CMakeFiles" 1
Building C object CMakeFiles/cmTryCompileExec1860173686.dir/CheckFunctionExists.c.o
/usr/bin/cc   -DCHECK_FUNCTION_EXISTS=shmat   -o CMakeFiles/cmTryCompileExec1860173686.dir/CheckFunctionExists.c.o   -c /usr/share/cmake-3.0/Modules/CheckFunctionExists.c
Linking C executable cmTryCompileExec1860173686
/usr/bin/cmake -E cmake_link_script CMakeFiles/cmTryCompileExec1860173686.dir/link.txt --verbose=1
/usr/bin/cc   -DCHECK_FUNCTION_EXISTS=shmat    CMakeFiles/cmTryCompileExec1860173686.dir/CheckFunctionExists.c.o  -o cmTryCompileExec1860173686 -rdynamic 
make[1]: Leaving directory '/home/viniciusmoraes/Computacao Grafica/cg_ufpel/Trabalho 3/CMakeFiles/CMakeTmp'


Determining if files pthread.h exist passed with the following output:
Change Dir: /home/viniciusmoraes/Computacao Grafica/cg_ufpel/Trabalho 3/CMakeFiles/CMakeTmp

Run Build Command:"/usr/bin/make" "cmTryCompileExec4220755807/fast"
/usr/bin/make -f CMakeFiles/cmTryCompileExec4220755807.dir/build.make CMakeFiles/cmTryCompileExec4220755807.dir/build
make[1]: Entering directory '/home/viniciusmoraes/Computacao Grafica/cg_ufpel/Trabalho 3/CMakeFiles/CMakeTmp'
/usr/bin/cmake -E cmake_progress_report "/home/viniciusmoraes/Computacao Grafica/cg_ufpel/Trabalho 3/CMakeFiles/CMakeTmp/CMakeFiles" 1
Building C object CMakeFiles/cmTryCompileExec4220755807.dir/CheckIncludeFiles.c.o
/usr/bin/cc    -o CMakeFiles/cmTryCompileExec4220755807.dir/CheckIncludeFiles.c.o   -c "/home/viniciusmoraes/Computacao Grafica/cg_ufpel/Trabalho 3/CMakeFiles/CMakeTmp/CheckIncludeFiles.c"
Linking C executable cmTryCompileExec4220755807
/usr/bin/cmake -E cmake_link_script CMakeFiles/cmTryCompileExec4220755807.dir/link.txt --verbose=1
/usr/bin/cc       CMakeFiles/cmTryCompileExec4220755807.dir/CheckIncludeFiles.c.o  -o cmTryCompileExec4220755807 -rdynamic 
make[1]: Leaving directory '/home/viniciusmoraes/Computacao Grafica/cg_ufpel/Trabalho 3/CMakeFiles/CMakeTmp'


Determining if the function pthread_create exists in the pthread passed with the following output:
Change Dir: /home/viniciusmoraes/Computacao Grafica/cg_ufpel/Trabalho 3/CMakeFiles/CMakeTmp

Run Build Command:"/usr/bin/make" "cmTryCompileExec3463245108/fast"
/usr/bin/make -f CMakeFiles/cmTryCompileExec3463245108.dir/build.make CMakeFiles/cmTryCompileExec3463245108.dir/build
make[1]: Entering directory '/home/viniciusmoraes/Computacao Grafica/cg_ufpel/Trabalho 3/CMakeFiles/CMakeTmp'
/usr/bin/cmake -E cmake_progress_report "/home/viniciusmoraes/Computacao Grafica/cg_ufpel/Trabalho 3/CMakeFiles/CMakeTmp/CMakeFiles" 1
Building C object CMakeFiles/cmTryCompileExec3463245108.dir/CheckFunctionExists.c.o
/usr/bin/cc   -DCHECK_FUNCTION_EXISTS=pthread_create   -o CMakeFiles/cmTryCompileExec3463245108.dir/CheckFunctionExists.c.o   -c /usr/share/cmake-3.0/Modules/CheckFunctionExists.c
Linking C executable cmTryCompileExec3463245108
/usr/bin/cmake -E cmake_link_script CMakeFiles/cmTryCompileExec3463245108.dir/link.txt --verbose=1
/usr/bin/cc   -DCHECK_FUNCTION_EXISTS=pthread_create    CMakeFiles/cmTryCompileExec3463245108.dir/CheckFunctionExists.c.o  -o cmTryCompileExec3463245108 -rdynamic -lpthread 
make[1]: Leaving directory '/home/viniciusmoraes/Computacao Grafica/cg_ufpel/Trabalho 3/CMakeFiles/CMakeTmp'


Determining if the function glXGetProcAddress exists passed with the following output:
Change Dir: /home/viniciusmoraes/Computacao Grafica/cg_ufpel/Trabalho 3/CMakeFiles/CMakeTmp

Run Build Command:"/usr/bin/make" "cmTryCompileExec566345289/fast"
/usr/bin/make -f CMakeFiles/cmTryCompileExec566345289.dir/build.make CMakeFiles/cmTryCompileExec566345289.dir/build
make[1]: Entering directory '/home/viniciusmoraes/Computacao Grafica/cg_ufpel/Trabalho 3/CMakeFiles/CMakeTmp'
/usr/bin/cmake -E cmake_progress_report "/home/viniciusmoraes/Computacao Grafica/cg_ufpel/Trabalho 3/CMakeFiles/CMakeTmp/CMakeFiles" 1
Building C object CMakeFiles/cmTryCompileExec566345289.dir/CheckFunctionExists.c.o
/usr/bin/cc   -DCHECK_FUNCTION_EXISTS=glXGetProcAddress   -o CMakeFiles/cmTryCompileExec566345289.dir/CheckFunctionExists.c.o   -c /usr/share/cmake-3.0/Modules/CheckFunctionExists.c
Linking C executable cmTryCompileExec566345289
/usr/bin/cmake -E cmake_link_script CMakeFiles/cmTryCompileExec566345289.dir/link.txt --verbose=1
/usr/bin/cc   -DCHECK_FUNCTION_EXISTS=glXGetProcAddress    CMakeFiles/cmTryCompileExec566345289.dir/CheckFunctionExists.c.o  -o cmTryCompileExec566345289 -rdynamic -lGL 
make[1]: Leaving directory '/home/viniciusmoraes/Computacao Grafica/cg_ufpel/Trabalho 3/CMakeFiles/CMakeTmp'


Determining if the function glXGetProcAddressARB exists passed with the following output:
Change Dir: /home/viniciusmoraes/Computacao Grafica/cg_ufpel/Trabalho 3/CMakeFiles/CMakeTmp

Run Build Command:"/usr/bin/make" "cmTryCompileExec2734476904/fast"
/usr/bin/make -f CMakeFiles/cmTryCompileExec2734476904.dir/build.make CMakeFiles/cmTryCompileExec2734476904.dir/build
make[1]: Entering directory '/home/viniciusmoraes/Computacao Grafica/cg_ufpel/Trabalho 3/CMakeFiles/CMakeTmp'
/usr/bin/cmake -E cmake_progress_report "/home/viniciusmoraes/Computacao Grafica/cg_ufpel/Trabalho 3/CMakeFiles/CMakeTmp/CMakeFiles" 1
Building C object CMakeFiles/cmTryCompileExec2734476904.dir/CheckFunctionExists.c.o
/usr/bin/cc   -DCHECK_FUNCTION_EXISTS=glXGetProcAddressARB   -o CMakeFiles/cmTryCompileExec2734476904.dir/CheckFunctionExists.c.o   -c /usr/share/cmake-3.0/Modules/CheckFunctionExists.c
Linking C executable cmTryCompileExec2734476904
/usr/bin/cmake -E cmake_link_script CMakeFiles/cmTryCompileExec2734476904.dir/link.txt --verbose=1
/usr/bin/cc   -DCHECK_FUNCTION_EXISTS=glXGetProcAddressARB    CMakeFiles/cmTryCompileExec2734476904.dir/CheckFunctionExists.c.o  -o cmTryCompileExec2734476904 -rdynamic -lGL 
make[1]: Leaving directory '/home/viniciusmoraes/Computacao Grafica/cg_ufpel/Trabalho 3/CMakeFiles/CMakeTmp'


Determining if the include file sys/types.h exists passed with the following output:
Change Dir: /home/viniciusmoraes/Computacao Grafica/cg_ufpel/Trabalho 3/CMakeFiles/CMakeTmp

Run Build Command:"/usr/bin/make" "cmTryCompileExec1327370861/fast"
/usr/bin/make -f CMakeFiles/cmTryCompileExec1327370861.dir/build.make CMakeFiles/cmTryCompileExec1327370861.dir/build
make[1]: Entering directory '/home/viniciusmoraes/Computacao Grafica/cg_ufpel/Trabalho 3/CMakeFiles/CMakeTmp'
/usr/bin/cmake -E cmake_progress_report "/home/viniciusmoraes/Computacao Grafica/cg_ufpel/Trabalho 3/CMakeFiles/CMakeTmp/CMakeFiles" 1
Building C object CMakeFiles/cmTryCompileExec1327370861.dir/CheckIncludeFile.c.o
/usr/bin/cc    -o CMakeFiles/cmTryCompileExec1327370861.dir/CheckIncludeFile.c.o   -c "/home/viniciusmoraes/Computacao Grafica/cg_ufpel/Trabalho 3/CMakeFiles/CMakeTmp/CheckIncludeFile.c"
Linking C executable cmTryCompileExec1327370861
/usr/bin/cmake -E cmake_link_script CMakeFiles/cmTryCompileExec1327370861.dir/link.txt --verbose=1
/usr/bin/cc       CMakeFiles/cmTryCompileExec1327370861.dir/CheckIncludeFile.c.o  -o cmTryCompileExec1327370861 -rdynamic 
make[1]: Leaving directory '/home/viniciusmoraes/Computacao Grafica/cg_ufpel/Trabalho 3/CMakeFiles/CMakeTmp'


Determining if the include file stdint.h exists passed with the following output:
Change Dir: /home/viniciusmoraes/Computacao Grafica/cg_ufpel/Trabalho 3/CMakeFiles/CMakeTmp

Run Build Command:"/usr/bin/make" "cmTryCompileExec162339980/fast"
/usr/bin/make -f CMakeFiles/cmTryCompileExec162339980.dir/build.make CMakeFiles/cmTryCompileExec162339980.dir/build
make[1]: Entering directory '/home/viniciusmoraes/Computacao Grafica/cg_ufpel/Trabalho 3/CMakeFiles/CMakeTmp'
/usr/bin/cmake -E cmake_progress_report "/home/viniciusmoraes/Computacao Grafica/cg_ufpel/Trabalho 3/CMakeFiles/CMakeTmp/CMakeFiles" 1
Building C object CMakeFiles/cmTryCompileExec162339980.dir/CheckIncludeFile.c.o
/usr/bin/cc    -o CMakeFiles/cmTryCompileExec162339980.dir/CheckIncludeFile.c.o   -c "/home/viniciusmoraes/Computacao Grafica/cg_ufpel/Trabalho 3/CMakeFiles/CMakeTmp/CheckIncludeFile.c"
Linking C executable cmTryCompileExec162339980
/usr/bin/cmake -E cmake_link_script CMakeFiles/cmTryCompileExec162339980.dir/link.txt --verbose=1
/usr/bin/cc       CMakeFiles/cmTryCompileExec162339980.dir/CheckIncludeFile.c.o  -o cmTryCompileExec162339980 -rdynamic 
make[1]: Leaving directory '/home/viniciusmoraes/Computacao Grafica/cg_ufpel/Trabalho 3/CMakeFiles/CMakeTmp'


Determining if the include file stddef.h exists passed with the following output:
Change Dir: /home/viniciusmoraes/Computacao Grafica/cg_ufpel/Trabalho 3/CMakeFiles/CMakeTmp

Run Build Command:"/usr/bin/make" "cmTryCompileExec49364012/fast"
/usr/bin/make -f CMakeFiles/cmTryCompileExec49364012.dir/build.make CMakeFiles/cmTryCompileExec49364012.dir/build
make[1]: Entering directory '/home/viniciusmoraes/Computacao Grafica/cg_ufpel/Trabalho 3/CMakeFiles/CMakeTmp'
/usr/bin/cmake -E cmake_progress_report "/home/viniciusmoraes/Computacao Grafica/cg_ufpel/Trabalho 3/CMakeFiles/CMakeTmp/CMakeFiles" 1
Building C object CMakeFiles/cmTryCompileExec49364012.dir/CheckIncludeFile.c.o
/usr/bin/cc    -o CMakeFiles/cmTryCompileExec49364012.dir/CheckIncludeFile.c.o   -c "/home/viniciusmoraes/Computacao Grafica/cg_ufpel/Trabalho 3/CMakeFiles/CMakeTmp/CheckIncludeFile.c"
Linking C executable cmTryCompileExec49364012
/usr/bin/cmake -E cmake_link_script CMakeFiles/cmTryCompileExec49364012.dir/link.txt --verbose=1
/usr/bin/cc       CMakeFiles/cmTryCompileExec49364012.dir/CheckIncludeFile.c.o  -o cmTryCompileExec49364012 -rdynamic 
make[1]: Leaving directory '/home/viniciusmoraes/Computacao Grafica/cg_ufpel/Trabalho 3/CMakeFiles/CMakeTmp'


Determining size of off64_t passed with the following output:
Change Dir: /home/viniciusmoraes/Computacao Grafica/cg_ufpel/Trabalho 3/CMakeFiles/CMakeTmp

Run Build Command:"/usr/bin/make" "cmTryCompileExec337682434/fast"
/usr/bin/make -f CMakeFiles/cmTryCompileExec337682434.dir/build.make CMakeFiles/cmTryCompileExec337682434.dir/build
make[1]: Entering directory '/home/viniciusmoraes/Computacao Grafica/cg_ufpel/Trabalho 3/CMakeFiles/CMakeTmp'
/usr/bin/cmake -E cmake_progress_report "/home/viniciusmoraes/Computacao Grafica/cg_ufpel/Trabalho 3/CMakeFiles/CMakeTmp/CMakeFiles" 1
Building C object CMakeFiles/cmTryCompileExec337682434.dir/OFF64_T.c.o
/usr/bin/cc  -DHAVE_STDDEF_H -DHAVE_STDINT_H -DHAVE_SYS_TYPES_H -D_LARGEFILE64_SOURCE=1  -o CMakeFiles/cmTryCompileExec337682434.dir/OFF64_T.c.o   -c "/home/viniciusmoraes/Computacao Grafica/cg_ufpel/Trabalho 3/CMakeFiles/CheckTypeSize/OFF64_T.c"
Linking C executable cmTryCompileExec337682434
/usr/bin/cmake -E cmake_link_script CMakeFiles/cmTryCompileExec337682434.dir/link.txt --verbose=1
/usr/bin/cc       CMakeFiles/cmTryCompileExec337682434.dir/OFF64_T.c.o  -o cmTryCompileExec337682434 -rdynamic 
make[1]: Leaving directory '/home/viniciusmoraes/Computacao Grafica/cg_ufpel/Trabalho 3/CMakeFiles/CMakeTmp'


Determining if the function fseeko exists passed with the following output:
Change Dir: /home/viniciusmoraes/Computacao Grafica/cg_ufpel/Trabalho 3/CMakeFiles/CMakeTmp

Run Build Command:"/usr/bin/make" "cmTryCompileExec2011852338/fast"
/usr/bin/make -f CMakeFiles/cmTryCompileExec2011852338.dir/build.make CMakeFiles/cmTryCompileExec2011852338.dir/build
make[1]: Entering directory '/home/viniciusmoraes/Computacao Grafica/cg_ufpel/Trabalho 3/CMakeFiles/CMakeTmp'
/usr/bin/cmake -E cmake_progress_report "/home/viniciusmoraes/Computacao Grafica/cg_ufpel/Trabalho 3/CMakeFiles/CMakeTmp/CMakeFiles" 1
Building C object CMakeFiles/cmTryCompileExec2011852338.dir/CheckFunctionExists.c.o
/usr/bin/cc   -DCHECK_FUNCTION_EXISTS=fseeko   -o CMakeFiles/cmTryCompileExec2011852338.dir/CheckFunctionExists.c.o   -c /usr/share/cmake-3.0/Modules/CheckFunctionExists.c
Linking C executable cmTryCompileExec2011852338
/usr/bin/cmake -E cmake_link_script CMakeFiles/cmTryCompileExec2011852338.dir/link.txt --verbose=1
/usr/bin/cc   -DCHECK_FUNCTION_EXISTS=fseeko    CMakeFiles/cmTryCompileExec2011852338.dir/CheckFunctionExists.c.o  -o cmTryCompileExec2011852338 -rdynamic 
make[1]: Leaving directory '/home/viniciusmoraes/Computacao Grafica/cg_ufpel/Trabalho 3/CMakeFiles/CMakeTmp'


Determining if the include file unistd.h exists passed with the following output:
Change Dir: /home/viniciusmoraes/Computacao Grafica/cg_ufpel/Trabalho 3/CMakeFiles/CMakeTmp

Run Build Command:"/usr/bin/make" "cmTryCompileExec2001276011/fast"
/usr/bin/make -f CMakeFiles/cmTryCompileExec2001276011.dir/build.make CMakeFiles/cmTryCompileExec2001276011.dir/build
make[1]: Entering directory '/home/viniciusmoraes/Computacao Grafica/cg_ufpel/Trabalho 3/CMakeFiles/CMakeTmp'
/usr/bin/cmake -E cmake_progress_report "/home/viniciusmoraes/Computacao Grafica/cg_ufpel/Trabalho 3/CMakeFiles/CMakeTmp/CMakeFiles" 1
Building C object CMakeFiles/cmTryCompileExec2001276011.dir/CheckIncludeFile.c.o
/usr/bin/cc    -o CMakeFiles/cmTryCompileExec2001276011.dir/CheckIncludeFile.c.o   -c "/home/viniciusmoraes/Computacao Grafica/cg_ufpel/Trabalho 3/CMakeFiles/CMakeTmp/CheckIncludeFile.c"
Linking C executable cmTryCompileExec2001276011
/usr/bin/cmake -E cmake_link_script CMakeFiles/cmTryCompileExec2001276011.dir/link.txt --verbose=1
/usr/bin/cc       CMakeFiles/cmTryCompileExec2001276011.dir/CheckIncludeFile.c.o  -o cmTryCompileExec2001276011 -rdynamic 
make[1]: Leaving directory '/home/viniciusmoraes/Computacao Grafica/cg_ufpel/Trabalho 3/CMakeFiles/CMakeTmp'


